running develop
running egg_info
creating adipu_turtlesim_controller.egg-info
writing adipu_turtlesim_controller.egg-info/PKG-INFO
writing dependency_links to adipu_turtlesim_controller.egg-info/dependency_links.txt
writing entry points to adipu_turtlesim_controller.egg-info/entry_points.txt
writing requirements to adipu_turtlesim_controller.egg-info/requires.txt
writing top-level names to adipu_turtlesim_controller.egg-info/top_level.txt
writing manifest file 'adipu_turtlesim_controller.egg-info/SOURCES.txt'
reading manifest file 'adipu_turtlesim_controller.egg-info/SOURCES.txt'
writing manifest file 'adipu_turtlesim_controller.egg-info/SOURCES.txt'
running build_ext
Creating /root/adipu_ws/install/adipu_turtlesim_controller/lib/python3.10/site-packages/adipu-turtlesim-controller.egg-link (link to .)
Installing chase_run_node script to /root/adipu_ws/install/adipu_turtlesim_controller/lib/adipu_turtlesim_controller
Installing mouse_test script to /root/adipu_ws/install/adipu_turtlesim_controller/lib/adipu_turtlesim_controller

Installed /root/adipu_ws/build/adipu_turtlesim_controller
running symlink_data
creating /root/adipu_ws/install/adipu_turtlesim_controller/share/ament_index
creating /root/adipu_ws/install/adipu_turtlesim_controller/share/ament_index/resource_index
creating /root/adipu_ws/install/adipu_turtlesim_controller/share/ament_index/resource_index/packages
symbolically linking /root/adipu_ws/build/adipu_turtlesim_controller/resource/adipu_turtlesim_controller -> /root/adipu_ws/install/adipu_turtlesim_controller/share/ament_index/resource_index/packages
symbolically linking /root/adipu_ws/build/adipu_turtlesim_controller/package.xml -> /root/adipu_ws/install/adipu_turtlesim_controller/share/adipu_turtlesim_controller
