[1.906s] Invoking command in '/root/adipu_ws/build/adipu_turtlesim_controller': PYTHONPATH=/root/adipu_ws/build/adipu_turtlesim_controller/prefix_override:/usr/lib/python3/dist-packages/colcon_core/task/python/colcon_distutils_commands:/root/adipu_ws/install/adipu_turtlesim_controller/lib/python3.10/site-packages:${PYTHONPATH} /usr/bin/python3 -W ignore:setup.py install is deprecated -W ignore:easy_install command is deprecated setup.py develop --editable --build-directory /root/adipu_ws/build/adipu_turtlesim_controller/build --no-deps symlink_data
[2.651s] running develop
[3.238s] running egg_info
[3.238s] creating adipu_turtlesim_controller.egg-info
[3.239s] writing adipu_turtlesim_controller.egg-info/PKG-INFO
[3.240s] writing dependency_links to adipu_turtlesim_controller.egg-info/dependency_links.txt
[3.240s] writing entry points to adipu_turtlesim_controller.egg-info/entry_points.txt
[3.241s] writing requirements to adipu_turtlesim_controller.egg-info/requires.txt
[3.241s] writing top-level names to adipu_turtlesim_controller.egg-info/top_level.txt
[3.242s] writing manifest file 'adipu_turtlesim_controller.egg-info/SOURCES.txt'
[3.244s] reading manifest file 'adipu_turtlesim_controller.egg-info/SOURCES.txt'
[3.245s] writing manifest file 'adipu_turtlesim_controller.egg-info/SOURCES.txt'
[3.248s] running build_ext
[3.249s] Creating /root/adipu_ws/install/adipu_turtlesim_controller/lib/python3.10/site-packages/adipu-turtlesim-controller.egg-link (link to .)
[3.250s] Installing chase_run_node script to /root/adipu_ws/install/adipu_turtlesim_controller/lib/adipu_turtlesim_controller
[3.251s] Installing mouse_test script to /root/adipu_ws/install/adipu_turtlesim_controller/lib/adipu_turtlesim_controller
[3.252s] 
[3.252s] Installed /root/adipu_ws/build/adipu_turtlesim_controller
[3.252s] running symlink_data
[3.252s] creating /root/adipu_ws/install/adipu_turtlesim_controller/share/ament_index
[3.253s] creating /root/adipu_ws/install/adipu_turtlesim_controller/share/ament_index/resource_index
[3.253s] creating /root/adipu_ws/install/adipu_turtlesim_controller/share/ament_index/resource_index/packages
[3.253s] symbolically linking /root/adipu_ws/build/adipu_turtlesim_controller/resource/adipu_turtlesim_controller -> /root/adipu_ws/install/adipu_turtlesim_controller/share/ament_index/resource_index/packages
[3.258s] symbolically linking /root/adipu_ws/build/adipu_turtlesim_controller/package.xml -> /root/adipu_ws/install/adipu_turtlesim_controller/share/adipu_turtlesim_controller
[3.269s] Invoked command in '/root/adipu_ws/build/adipu_turtlesim_controller' returned '0': PYTHONPATH=/root/adipu_ws/build/adipu_turtlesim_controller/prefix_override:/usr/lib/python3/dist-packages/colcon_core/task/python/colcon_distutils_commands:/root/adipu_ws/install/adipu_turtlesim_controller/lib/python3.10/site-packages:${PYTHONPATH} /usr/bin/python3 -W ignore:setup.py install is deprecated -W ignore:easy_install command is deprecated setup.py develop --editable --build-directory /root/adipu_ws/build/adipu_turtlesim_controller/build --no-deps symlink_data
