[0.261s] Invoking command in '/root/adipu_ws/build/adipu_turtlesim_controller': CMAKE_PREFIX_PATH=${CMAKE_PREFIX_PATH}:/root/adipu_ws/install/adipu_turtlesim_controller:/root/ros2_humble/install/rqt_bag_plugins:/root/ros2_humble/install/rqt_bag:/root/ros2_humble/install/launch_testing_examples:/root/ros2_humble/install/ros2bag:/root/ros2_humble/install/tracetools_test:/root/ros2_humble/install/tracetools_launch:/root/ros2_humble/install/topic_monitor:/root/ros2_humble/install/tf2_tools:/root/ros2_humble/install/examples_tf2_py:/root/ros2_humble/install/tf2_ros_py:/root/ros2_humble/install/sros2:/root/ros2_humble/install/rqt_topic:/root/ros2_humble/install/rqt_srv:/root/ros2_humble/install/rqt_shell:/root/ros2_humble/install/rqt_service_caller:/root/ros2_humble/install/rqt_reconfigure:/root/ros2_humble/install/rqt_py_console:/root/ros2_humble/install/rqt_publisher:/root/ros2_humble/install/rqt_plot:/root/ros2_humble/install/rqt_action:/root/ros2_humble/install/rqt_msg:/root/ros2_humble/install/rqt_console:/root/ros2_humble/install/rqt:/root/ros2_humble/install/rqt_graph:/root/ros2_humble/install/rqt_gui_py:/root/ros2_humble/install/rqt_gui:/root/ros2_humble/install/ros2trace:/root/ros2_humble/install/ros2topic:/root/ros2_humble/install/ros2test:/root/ros2_humble/install/ros2component:/root/ros2_humble/install/ros2param:/root/ros2_humble/install/ros2lifecycle:/root/ros2_humble/install/ros2service:/root/ros2_humble/install/ros2run:/root/ros2_humble/install/ros2launch:/root/ros2_humble/install/ros2pkg:/root/ros2_humble/install/ros2node:/root/ros2_humble/install/ros2multicast:/root/ros2_humble/install/ros2interface:/root/ros2_humble/install/ros2doctor:/root/ros2_humble/install/ros2action:/root/ros2_humble/install/ros2cli:/root/ros2_humble/install/quality_of_service_demo_py:/root/ros2_humble/install/lifecycle_py:/root/ros2_humble/install/launch_testing_ros:/root/ros2_humble/install/launch_ros:/root/ros2_humble/install/examples_rclpy_pointcloud_publisher:/root/ros2_humble/install/examples_rclpy_minimal_subscriber:/root/ros2_humble/install/examples_rclpy_minimal_service:/root/ros2_humble/install/examples_rclpy_minimal_publisher:/root/ros2_humble/install/examples_rclpy_minimal_client:/root/ros2_humble/install/examples_rclpy_minimal_action_server:/root/ros2_humble/install/examples_rclpy_minimal_action_client:/root/ros2_humble/install/examples_rclpy_guard_conditions:/root/ros2_humble/install/examples_rclpy_executors:/root/ros2_humble/install/demo_nodes_py:/root/ros2_humble/install/camera_info_manager_py:/root/ros2_humble/install/adipu_turtlesim_controller:/root/ros2_humble/install/action_tutorials_py:/root/ros2_humble/install/ament_uncrustify:/root/ros2_humble/install/tracetools_trace:/root/ros2_humble/install/tracetools_read:/root/ros2_humble/install/test_tracetools_launch:/root/ros2_humble/install/test_launch_ros:/root/ros2_humble/install/sensor_msgs_py:/root/ros2_humble/install/rpyutils:/root/ros2_humble/install/rosidl_runtime_py:/root/ros2_humble/install/rosidl_cli:/root/ros2_humble/install/launch_pytest:/root/ros2_humble/install/launch_testing:/root/ros2_humble/install/launch_yaml:/root/ros2_humble/install/launch_xml:/root/ros2_humble/install/launch:/root/ros2_humble/install/osrf_pycommon:/root/ros2_humble/install/domain_coordinator:/root/ros2_humble/install/ament_xmllint:/root/ros2_humble/install/ament_pyflakes:/root/ros2_humble/install/ament_pycodestyle:/root/ros2_humble/install/ament_pep257:/root/ros2_humble/install/ament_pclint:/root/ros2_humble/install/ament_package:/root/ros2_humble/install/ament_mypy:/root/ros2_humble/install/ament_lint_cmake:/root/ros2_humble/install/ament_flake8:/root/ros2_humble/install/ament_copyright:/root/ros2_humble/install/ament_lint:/root/ros2_humble/install/ament_index_python:/root/ros2_humble/install/ament_cpplint:/root/ros2_humble/install/ament_cppcheck:/root/ros2_humble/install/ament_clang_tidy:/root/ros2_humble/install/ament_clang_format /usr/bin/cmake /root/adipu_ws/src/adipu_turtlesim_controller -DAMENT_CMAKE_SYMLINK_INSTALL=1 -DCMAKE_INSTALL_PREFIX=/root/adipu_ws/install/adipu_turtlesim_controller
[0.608s] -- Found rosidl_default_generators: 1.2.0 (/root/ros2_humble/install/rosidl_default_generators/share/rosidl_default_generators/cmake)
[0.610s] -- Found ament_cmake_core: 1.3.11 (/root/ros2_humble/install/ament_cmake_core/share/ament_cmake_core/cmake)
[1.434s] -- Override CMake install command with custom implementation using symlinks instead of copying resources
[1.570s] -- Using all available rosidl_typesupport_c: rosidl_typesupport_introspection_c;rosidl_typesupport_fastrtps_c
[1.578s] -- Found rosidl_adapter: 3.1.6 (/root/ros2_humble/install/rosidl_adapter/share/rosidl_adapter/cmake)
[1.828s] -- Using all available rosidl_typesupport_cpp: rosidl_typesupport_introspection_cpp;rosidl_typesupport_fastrtps_cpp
[3.626s] -- Found ament_cmake_ros: 0.10.0 (/root/ros2_humble/install/ament_cmake_ros/share/ament_cmake_ros/cmake)
[4.496s] -- Using all available rosidl_typesupport_c: rosidl_typesupport_introspection_c;rosidl_typesupport_fastrtps_c
[6.109s] -- Using all available rosidl_typesupport_cpp: rosidl_typesupport_introspection_cpp;rosidl_typesupport_fastrtps_cpp
[6.268s] -- Found python_cmake_module: 0.10.0 (/root/ros2_humble/install/python_cmake_module/share/python_cmake_module/cmake)
[6.430s] -- Using PYTHON_EXECUTABLE: /usr/bin/python3
[6.430s] -- Using PYTHON_INCLUDE_DIRS: /usr/include/python3.10
[6.430s] -- Using PYTHON_LIBRARIES: /usr/lib/aarch64-linux-gnu/libpython3.10.so
[6.665s] -- Configuring done
[6.813s] -- Generating done
[6.849s] -- Build files have been written to: /root/adipu_ws/build/adipu_turtlesim_controller
[6.850s] Invoked command in '/root/adipu_ws/build/adipu_turtlesim_controller' returned '0': CMAKE_PREFIX_PATH=${CMAKE_PREFIX_PATH}:/root/adipu_ws/install/adipu_turtlesim_controller:/root/ros2_humble/install/rqt_bag_plugins:/root/ros2_humble/install/rqt_bag:/root/ros2_humble/install/launch_testing_examples:/root/ros2_humble/install/ros2bag:/root/ros2_humble/install/tracetools_test:/root/ros2_humble/install/tracetools_launch:/root/ros2_humble/install/topic_monitor:/root/ros2_humble/install/tf2_tools:/root/ros2_humble/install/examples_tf2_py:/root/ros2_humble/install/tf2_ros_py:/root/ros2_humble/install/sros2:/root/ros2_humble/install/rqt_topic:/root/ros2_humble/install/rqt_srv:/root/ros2_humble/install/rqt_shell:/root/ros2_humble/install/rqt_service_caller:/root/ros2_humble/install/rqt_reconfigure:/root/ros2_humble/install/rqt_py_console:/root/ros2_humble/install/rqt_publisher:/root/ros2_humble/install/rqt_plot:/root/ros2_humble/install/rqt_action:/root/ros2_humble/install/rqt_msg:/root/ros2_humble/install/rqt_console:/root/ros2_humble/install/rqt:/root/ros2_humble/install/rqt_graph:/root/ros2_humble/install/rqt_gui_py:/root/ros2_humble/install/rqt_gui:/root/ros2_humble/install/ros2trace:/root/ros2_humble/install/ros2topic:/root/ros2_humble/install/ros2test:/root/ros2_humble/install/ros2component:/root/ros2_humble/install/ros2param:/root/ros2_humble/install/ros2lifecycle:/root/ros2_humble/install/ros2service:/root/ros2_humble/install/ros2run:/root/ros2_humble/install/ros2launch:/root/ros2_humble/install/ros2pkg:/root/ros2_humble/install/ros2node:/root/ros2_humble/install/ros2multicast:/root/ros2_humble/install/ros2interface:/root/ros2_humble/install/ros2doctor:/root/ros2_humble/install/ros2action:/root/ros2_humble/install/ros2cli:/root/ros2_humble/install/quality_of_service_demo_py:/root/ros2_humble/install/lifecycle_py:/root/ros2_humble/install/launch_testing_ros:/root/ros2_humble/install/launch_ros:/root/ros2_humble/install/examples_rclpy_pointcloud_publisher:/root/ros2_humble/install/examples_rclpy_minimal_subscriber:/root/ros2_humble/install/examples_rclpy_minimal_service:/root/ros2_humble/install/examples_rclpy_minimal_publisher:/root/ros2_humble/install/examples_rclpy_minimal_client:/root/ros2_humble/install/examples_rclpy_minimal_action_server:/root/ros2_humble/install/examples_rclpy_minimal_action_client:/root/ros2_humble/install/examples_rclpy_guard_conditions:/root/ros2_humble/install/examples_rclpy_executors:/root/ros2_humble/install/demo_nodes_py:/root/ros2_humble/install/camera_info_manager_py:/root/ros2_humble/install/adipu_turtlesim_controller:/root/ros2_humble/install/action_tutorials_py:/root/ros2_humble/install/ament_uncrustify:/root/ros2_humble/install/tracetools_trace:/root/ros2_humble/install/tracetools_read:/root/ros2_humble/install/test_tracetools_launch:/root/ros2_humble/install/test_launch_ros:/root/ros2_humble/install/sensor_msgs_py:/root/ros2_humble/install/rpyutils:/root/ros2_humble/install/rosidl_runtime_py:/root/ros2_humble/install/rosidl_cli:/root/ros2_humble/install/launch_pytest:/root/ros2_humble/install/launch_testing:/root/ros2_humble/install/launch_yaml:/root/ros2_humble/install/launch_xml:/root/ros2_humble/install/launch:/root/ros2_humble/install/osrf_pycommon:/root/ros2_humble/install/domain_coordinator:/root/ros2_humble/install/ament_xmllint:/root/ros2_humble/install/ament_pyflakes:/root/ros2_humble/install/ament_pycodestyle:/root/ros2_humble/install/ament_pep257:/root/ros2_humble/install/ament_pclint:/root/ros2_humble/install/ament_package:/root/ros2_humble/install/ament_mypy:/root/ros2_humble/install/ament_lint_cmake:/root/ros2_humble/install/ament_flake8:/root/ros2_humble/install/ament_copyright:/root/ros2_humble/install/ament_lint:/root/ros2_humble/install/ament_index_python:/root/ros2_humble/install/ament_cpplint:/root/ros2_humble/install/ament_cppcheck:/root/ros2_humble/install/ament_clang_tidy:/root/ros2_humble/install/ament_clang_format /usr/bin/cmake /root/adipu_ws/src/adipu_turtlesim_controller -DAMENT_CMAKE_SYMLINK_INSTALL=1 -DCMAKE_INSTALL_PREFIX=/root/adipu_ws/install/adipu_turtlesim_controller
[6.854s] Invoking command in '/root/adipu_ws/build/adipu_turtlesim_controller': CMAKE_PREFIX_PATH=${CMAKE_PREFIX_PATH}:/root/adipu_ws/install/adipu_turtlesim_controller:/root/ros2_humble/install/rqt_bag_plugins:/root/ros2_humble/install/rqt_bag:/root/ros2_humble/install/launch_testing_examples:/root/ros2_humble/install/ros2bag:/root/ros2_humble/install/tracetools_test:/root/ros2_humble/install/tracetools_launch:/root/ros2_humble/install/topic_monitor:/root/ros2_humble/install/tf2_tools:/root/ros2_humble/install/examples_tf2_py:/root/ros2_humble/install/tf2_ros_py:/root/ros2_humble/install/sros2:/root/ros2_humble/install/rqt_topic:/root/ros2_humble/install/rqt_srv:/root/ros2_humble/install/rqt_shell:/root/ros2_humble/install/rqt_service_caller:/root/ros2_humble/install/rqt_reconfigure:/root/ros2_humble/install/rqt_py_console:/root/ros2_humble/install/rqt_publisher:/root/ros2_humble/install/rqt_plot:/root/ros2_humble/install/rqt_action:/root/ros2_humble/install/rqt_msg:/root/ros2_humble/install/rqt_console:/root/ros2_humble/install/rqt:/root/ros2_humble/install/rqt_graph:/root/ros2_humble/install/rqt_gui_py:/root/ros2_humble/install/rqt_gui:/root/ros2_humble/install/ros2trace:/root/ros2_humble/install/ros2topic:/root/ros2_humble/install/ros2test:/root/ros2_humble/install/ros2component:/root/ros2_humble/install/ros2param:/root/ros2_humble/install/ros2lifecycle:/root/ros2_humble/install/ros2service:/root/ros2_humble/install/ros2run:/root/ros2_humble/install/ros2launch:/root/ros2_humble/install/ros2pkg:/root/ros2_humble/install/ros2node:/root/ros2_humble/install/ros2multicast:/root/ros2_humble/install/ros2interface:/root/ros2_humble/install/ros2doctor:/root/ros2_humble/install/ros2action:/root/ros2_humble/install/ros2cli:/root/ros2_humble/install/quality_of_service_demo_py:/root/ros2_humble/install/lifecycle_py:/root/ros2_humble/install/launch_testing_ros:/root/ros2_humble/install/launch_ros:/root/ros2_humble/install/examples_rclpy_pointcloud_publisher:/root/ros2_humble/install/examples_rclpy_minimal_subscriber:/root/ros2_humble/install/examples_rclpy_minimal_service:/root/ros2_humble/install/examples_rclpy_minimal_publisher:/root/ros2_humble/install/examples_rclpy_minimal_client:/root/ros2_humble/install/examples_rclpy_minimal_action_server:/root/ros2_humble/install/examples_rclpy_minimal_action_client:/root/ros2_humble/install/examples_rclpy_guard_conditions:/root/ros2_humble/install/examples_rclpy_executors:/root/ros2_humble/install/demo_nodes_py:/root/ros2_humble/install/camera_info_manager_py:/root/ros2_humble/install/adipu_turtlesim_controller:/root/ros2_humble/install/action_tutorials_py:/root/ros2_humble/install/ament_uncrustify:/root/ros2_humble/install/tracetools_trace:/root/ros2_humble/install/tracetools_read:/root/ros2_humble/install/test_tracetools_launch:/root/ros2_humble/install/test_launch_ros:/root/ros2_humble/install/sensor_msgs_py:/root/ros2_humble/install/rpyutils:/root/ros2_humble/install/rosidl_runtime_py:/root/ros2_humble/install/rosidl_cli:/root/ros2_humble/install/launch_pytest:/root/ros2_humble/install/launch_testing:/root/ros2_humble/install/launch_yaml:/root/ros2_humble/install/launch_xml:/root/ros2_humble/install/launch:/root/ros2_humble/install/osrf_pycommon:/root/ros2_humble/install/domain_coordinator:/root/ros2_humble/install/ament_xmllint:/root/ros2_humble/install/ament_pyflakes:/root/ros2_humble/install/ament_pycodestyle:/root/ros2_humble/install/ament_pep257:/root/ros2_humble/install/ament_pclint:/root/ros2_humble/install/ament_package:/root/ros2_humble/install/ament_mypy:/root/ros2_humble/install/ament_lint_cmake:/root/ros2_humble/install/ament_flake8:/root/ros2_humble/install/ament_copyright:/root/ros2_humble/install/ament_lint:/root/ros2_humble/install/ament_index_python:/root/ros2_humble/install/ament_cpplint:/root/ros2_humble/install/ament_cppcheck:/root/ros2_humble/install/ament_clang_tidy:/root/ros2_humble/install/ament_clang_format /usr/bin/cmake --build /root/adipu_ws/build/adipu_turtlesim_controller -- -j8 -l8
[8.848s] [  3%] [34m[1mGenerating C code for ROS interfaces[0m
[9.624s] [  6%] [34m[1mGenerating C++ code for ROS interfaces[0m
[10.463s] [  6%] Built target ament_cmake_python_symlink_adipu_turtlesim_controller
[11.622s] [  6%] Built target adipu_turtlesim_controller__cpp
[11.914s] [  9%] [32mBuilding C object CMakeFiles/adipu_turtlesim_controller__rosidl_generator_c.dir/rosidl_generator_c/adipu_turtlesim_controller/msg/detail/flip__functions.c.o[0m
[12.978s] running egg_info
[12.979s] creating adipu_turtlesim_controller.egg-info
[12.979s] writing adipu_turtlesim_controller.egg-info/PKG-INFO
[12.980s] writing dependency_links to adipu_turtlesim_controller.egg-info/dependency_links.txt
[12.981s] writing top-level names to adipu_turtlesim_controller.egg-info/top_level.txt
[12.982s] writing manifest file 'adipu_turtlesim_controller.egg-info/SOURCES.txt'
[12.987s] reading manifest file 'adipu_turtlesim_controller.egg-info/SOURCES.txt'
[12.989s] writing manifest file 'adipu_turtlesim_controller.egg-info/SOURCES.txt'
[13.037s] [ 12%] [34m[1mGenerating C++ type support dispatch for ROS interfaces[0m
[13.039s] [ 16%] [34m[1mGenerating C++ introspection for ROS interfaces[0m
[13.051s] [ 19%] [34m[1mGenerating C++ type support for eProsima Fast-RTPS[0m
[13.999s] [ 22%] [32m[1mLinking C shared library libadipu_turtlesim_controller__rosidl_generator_c.so[0m
[14.053s] [ 22%] Built target ament_cmake_python_build_adipu_turtlesim_controller_egg
[15.383s] [ 25%] [32mBuilding CXX object CMakeFiles/adipu_turtlesim_controller__rosidl_typesupport_cpp.dir/rosidl_typesupport_cpp/adipu_turtlesim_controller/msg/flip__type_support.cpp.o[0m
[15.708s] [ 25%] Built target adipu_turtlesim_controller__rosidl_generator_c
[15.879s] [ 29%] [32mBuilding CXX object CMakeFiles/adipu_turtlesim_controller__rosidl_typesupport_introspection_cpp.dir/rosidl_typesupport_introspection_cpp/adipu_turtlesim_controller/msg/detail/flip__type_support.cpp.o[0m
[15.904s] [ 32%] [32mBuilding CXX object CMakeFiles/adipu_turtlesim_controller__rosidl_typesupport_fastrtps_cpp.dir/rosidl_typesupport_fastrtps_cpp/adipu_turtlesim_controller/msg/detail/dds_fastrtps/flip__type_support.cpp.o[0m
[16.728s] [ 35%] [34m[1mGenerating C introspection for ROS interfaces[0m
[16.743s] [ 38%] [34m[1mGenerating C type support for eProsima Fast-RTPS[0m
[16.758s] [ 41%] [34m[1mGenerating C type support dispatch for ROS interfaces[0m
[17.216s] [ 45%] [32m[1mLinking CXX shared library libadipu_turtlesim_controller__rosidl_typesupport_cpp.so[0m
[17.799s] [ 48%] [32m[1mLinking CXX shared library libadipu_turtlesim_controller__rosidl_typesupport_introspection_cpp.so[0m
[17.872s] [ 51%] [32m[1mLinking CXX shared library libadipu_turtlesim_controller__rosidl_typesupport_fastrtps_cpp.so[0m
[19.087s] [ 54%] [32mBuilding CXX object CMakeFiles/adipu_turtlesim_controller__rosidl_typesupport_c.dir/rosidl_typesupport_c/adipu_turtlesim_controller/msg/flip__type_support.cpp.o[0m
[19.161s] [ 54%] Built target adipu_turtlesim_controller__rosidl_typesupport_cpp
[19.568s] [ 58%] [32mBuilding C object CMakeFiles/adipu_turtlesim_controller__rosidl_typesupport_introspection_c.dir/rosidl_typesupport_introspection_c/adipu_turtlesim_controller/msg/detail/flip__type_support.c.o[0m
[19.588s] [ 61%] [32mBuilding CXX object CMakeFiles/adipu_turtlesim_controller__rosidl_typesupport_fastrtps_c.dir/rosidl_typesupport_fastrtps_c/adipu_turtlesim_controller/msg/detail/flip__type_support_c.cpp.o[0m
[19.714s] [ 61%] Built target adipu_turtlesim_controller__rosidl_typesupport_introspection_cpp
[19.790s] [ 61%] Built target adipu_turtlesim_controller__rosidl_typesupport_fastrtps_cpp
[20.213s] [ 64%] [32m[1mLinking CXX shared library libadipu_turtlesim_controller__rosidl_typesupport_c.so[0m
[20.451s] [ 67%] [32m[1mLinking C shared library libadipu_turtlesim_controller__rosidl_typesupport_introspection_c.so[0m
[20.749s] [ 70%] [32m[1mLinking CXX shared library libadipu_turtlesim_controller__rosidl_typesupport_fastrtps_c.so[0m
[21.382s] [ 70%] Built target adipu_turtlesim_controller__rosidl_typesupport_c
[21.663s] [ 70%] Built target adipu_turtlesim_controller__rosidl_typesupport_introspection_c
[21.843s] [ 70%] Built target adipu_turtlesim_controller__rosidl_typesupport_fastrtps_c
[22.877s] [ 70%] Built target adipu_turtlesim_controller
[23.938s] [ 74%] [34m[1mGenerating Python code for ROS interfaces[0m
[25.370s] [ 74%] Built target adipu_turtlesim_controller__py
[26.310s] [ 77%] [32mBuilding C object CMakeFiles/adipu_turtlesim_controller__rosidl_generator_py.dir/rosidl_generator_py/adipu_turtlesim_controller/msg/_flip_s.c.o[0m
[26.955s] [ 80%] [32m[1mLinking C shared library rosidl_generator_py/adipu_turtlesim_controller/libadipu_turtlesim_controller__rosidl_generator_py.so[0m
[27.878s] [ 80%] Built target adipu_turtlesim_controller__rosidl_generator_py
[29.264s] [ 90%] [32mBuilding C object CMakeFiles/adipu_turtlesim_controller__rosidl_typesupport_introspection_c__pyext.dir/rosidl_generator_py/adipu_turtlesim_controller/_adipu_turtlesim_controller_s.ep.rosidl_typesupport_introspection_c.c.o[0m
[29.265s] [ 90%] [32mBuilding C object CMakeFiles/adipu_turtlesim_controller__rosidl_typesupport_fastrtps_c__pyext.dir/rosidl_generator_py/adipu_turtlesim_controller/_adipu_turtlesim_controller_s.ep.rosidl_typesupport_fastrtps_c.c.o[0m
[29.265s] [ 90%] [32mBuilding C object CMakeFiles/adipu_turtlesim_controller__rosidl_typesupport_c__pyext.dir/rosidl_generator_py/adipu_turtlesim_controller/_adipu_turtlesim_controller_s.ep.rosidl_typesupport_c.c.o[0m
[30.435s] [ 93%] [32m[1mLinking C shared library rosidl_generator_py/adipu_turtlesim_controller/adipu_turtlesim_controller_s__rosidl_typesupport_c.cpython-310-aarch64-linux-gnu.so[0m
[30.468s] [ 96%] [32m[1mLinking C shared library rosidl_generator_py/adipu_turtlesim_controller/adipu_turtlesim_controller_s__rosidl_typesupport_introspection_c.cpython-310-aarch64-linux-gnu.so[0m
[30.544s] [100%] [32m[1mLinking C shared library rosidl_generator_py/adipu_turtlesim_controller/adipu_turtlesim_controller_s__rosidl_typesupport_fastrtps_c.cpython-310-aarch64-linux-gnu.so[0m
[31.585s] [100%] Built target adipu_turtlesim_controller__rosidl_typesupport_c__pyext
[31.590s] [100%] Built target adipu_turtlesim_controller__rosidl_typesupport_introspection_c__pyext
[31.671s] [100%] Built target adipu_turtlesim_controller__rosidl_typesupport_fastrtps_c__pyext
[31.931s] Invoked command in '/root/adipu_ws/build/adipu_turtlesim_controller' returned '0': CMAKE_PREFIX_PATH=${CMAKE_PREFIX_PATH}:/root/adipu_ws/install/adipu_turtlesim_controller:/root/ros2_humble/install/rqt_bag_plugins:/root/ros2_humble/install/rqt_bag:/root/ros2_humble/install/launch_testing_examples:/root/ros2_humble/install/ros2bag:/root/ros2_humble/install/tracetools_test:/root/ros2_humble/install/tracetools_launch:/root/ros2_humble/install/topic_monitor:/root/ros2_humble/install/tf2_tools:/root/ros2_humble/install/examples_tf2_py:/root/ros2_humble/install/tf2_ros_py:/root/ros2_humble/install/sros2:/root/ros2_humble/install/rqt_topic:/root/ros2_humble/install/rqt_srv:/root/ros2_humble/install/rqt_shell:/root/ros2_humble/install/rqt_service_caller:/root/ros2_humble/install/rqt_reconfigure:/root/ros2_humble/install/rqt_py_console:/root/ros2_humble/install/rqt_publisher:/root/ros2_humble/install/rqt_plot:/root/ros2_humble/install/rqt_action:/root/ros2_humble/install/rqt_msg:/root/ros2_humble/install/rqt_console:/root/ros2_humble/install/rqt:/root/ros2_humble/install/rqt_graph:/root/ros2_humble/install/rqt_gui_py:/root/ros2_humble/install/rqt_gui:/root/ros2_humble/install/ros2trace:/root/ros2_humble/install/ros2topic:/root/ros2_humble/install/ros2test:/root/ros2_humble/install/ros2component:/root/ros2_humble/install/ros2param:/root/ros2_humble/install/ros2lifecycle:/root/ros2_humble/install/ros2service:/root/ros2_humble/install/ros2run:/root/ros2_humble/install/ros2launch:/root/ros2_humble/install/ros2pkg:/root/ros2_humble/install/ros2node:/root/ros2_humble/install/ros2multicast:/root/ros2_humble/install/ros2interface:/root/ros2_humble/install/ros2doctor:/root/ros2_humble/install/ros2action:/root/ros2_humble/install/ros2cli:/root/ros2_humble/install/quality_of_service_demo_py:/root/ros2_humble/install/lifecycle_py:/root/ros2_humble/install/launch_testing_ros:/root/ros2_humble/install/launch_ros:/root/ros2_humble/install/examples_rclpy_pointcloud_publisher:/root/ros2_humble/install/examples_rclpy_minimal_subscriber:/root/ros2_humble/install/examples_rclpy_minimal_service:/root/ros2_humble/install/examples_rclpy_minimal_publisher:/root/ros2_humble/install/examples_rclpy_minimal_client:/root/ros2_humble/install/examples_rclpy_minimal_action_server:/root/ros2_humble/install/examples_rclpy_minimal_action_client:/root/ros2_humble/install/examples_rclpy_guard_conditions:/root/ros2_humble/install/examples_rclpy_executors:/root/ros2_humble/install/demo_nodes_py:/root/ros2_humble/install/camera_info_manager_py:/root/ros2_humble/install/adipu_turtlesim_controller:/root/ros2_humble/install/action_tutorials_py:/root/ros2_humble/install/ament_uncrustify:/root/ros2_humble/install/tracetools_trace:/root/ros2_humble/install/tracetools_read:/root/ros2_humble/install/test_tracetools_launch:/root/ros2_humble/install/test_launch_ros:/root/ros2_humble/install/sensor_msgs_py:/root/ros2_humble/install/rpyutils:/root/ros2_humble/install/rosidl_runtime_py:/root/ros2_humble/install/rosidl_cli:/root/ros2_humble/install/launch_pytest:/root/ros2_humble/install/launch_testing:/root/ros2_humble/install/launch_yaml:/root/ros2_humble/install/launch_xml:/root/ros2_humble/install/launch:/root/ros2_humble/install/osrf_pycommon:/root/ros2_humble/install/domain_coordinator:/root/ros2_humble/install/ament_xmllint:/root/ros2_humble/install/ament_pyflakes:/root/ros2_humble/install/ament_pycodestyle:/root/ros2_humble/install/ament_pep257:/root/ros2_humble/install/ament_pclint:/root/ros2_humble/install/ament_package:/root/ros2_humble/install/ament_mypy:/root/ros2_humble/install/ament_lint_cmake:/root/ros2_humble/install/ament_flake8:/root/ros2_humble/install/ament_copyright:/root/ros2_humble/install/ament_lint:/root/ros2_humble/install/ament_index_python:/root/ros2_humble/install/ament_cpplint:/root/ros2_humble/install/ament_cppcheck:/root/ros2_humble/install/ament_clang_tidy:/root/ros2_humble/install/ament_clang_format /usr/bin/cmake --build /root/adipu_ws/build/adipu_turtlesim_controller -- -j8 -l8
[32.248s] Invoking command in '/root/adipu_ws/build/adipu_turtlesim_controller': CMAKE_PREFIX_PATH=${CMAKE_PREFIX_PATH}:/root/adipu_ws/install/adipu_turtlesim_controller:/root/ros2_humble/install/rqt_bag_plugins:/root/ros2_humble/install/rqt_bag:/root/ros2_humble/install/launch_testing_examples:/root/ros2_humble/install/ros2bag:/root/ros2_humble/install/tracetools_test:/root/ros2_humble/install/tracetools_launch:/root/ros2_humble/install/topic_monitor:/root/ros2_humble/install/tf2_tools:/root/ros2_humble/install/examples_tf2_py:/root/ros2_humble/install/tf2_ros_py:/root/ros2_humble/install/sros2:/root/ros2_humble/install/rqt_topic:/root/ros2_humble/install/rqt_srv:/root/ros2_humble/install/rqt_shell:/root/ros2_humble/install/rqt_service_caller:/root/ros2_humble/install/rqt_reconfigure:/root/ros2_humble/install/rqt_py_console:/root/ros2_humble/install/rqt_publisher:/root/ros2_humble/install/rqt_plot:/root/ros2_humble/install/rqt_action:/root/ros2_humble/install/rqt_msg:/root/ros2_humble/install/rqt_console:/root/ros2_humble/install/rqt:/root/ros2_humble/install/rqt_graph:/root/ros2_humble/install/rqt_gui_py:/root/ros2_humble/install/rqt_gui:/root/ros2_humble/install/ros2trace:/root/ros2_humble/install/ros2topic:/root/ros2_humble/install/ros2test:/root/ros2_humble/install/ros2component:/root/ros2_humble/install/ros2param:/root/ros2_humble/install/ros2lifecycle:/root/ros2_humble/install/ros2service:/root/ros2_humble/install/ros2run:/root/ros2_humble/install/ros2launch:/root/ros2_humble/install/ros2pkg:/root/ros2_humble/install/ros2node:/root/ros2_humble/install/ros2multicast:/root/ros2_humble/install/ros2interface:/root/ros2_humble/install/ros2doctor:/root/ros2_humble/install/ros2action:/root/ros2_humble/install/ros2cli:/root/ros2_humble/install/quality_of_service_demo_py:/root/ros2_humble/install/lifecycle_py:/root/ros2_humble/install/launch_testing_ros:/root/ros2_humble/install/launch_ros:/root/ros2_humble/install/examples_rclpy_pointcloud_publisher:/root/ros2_humble/install/examples_rclpy_minimal_subscriber:/root/ros2_humble/install/examples_rclpy_minimal_service:/root/ros2_humble/install/examples_rclpy_minimal_publisher:/root/ros2_humble/install/examples_rclpy_minimal_client:/root/ros2_humble/install/examples_rclpy_minimal_action_server:/root/ros2_humble/install/examples_rclpy_minimal_action_client:/root/ros2_humble/install/examples_rclpy_guard_conditions:/root/ros2_humble/install/examples_rclpy_executors:/root/ros2_humble/install/demo_nodes_py:/root/ros2_humble/install/camera_info_manager_py:/root/ros2_humble/install/adipu_turtlesim_controller:/root/ros2_humble/install/action_tutorials_py:/root/ros2_humble/install/ament_uncrustify:/root/ros2_humble/install/tracetools_trace:/root/ros2_humble/install/tracetools_read:/root/ros2_humble/install/test_tracetools_launch:/root/ros2_humble/install/test_launch_ros:/root/ros2_humble/install/sensor_msgs_py:/root/ros2_humble/install/rpyutils:/root/ros2_humble/install/rosidl_runtime_py:/root/ros2_humble/install/rosidl_cli:/root/ros2_humble/install/launch_pytest:/root/ros2_humble/install/launch_testing:/root/ros2_humble/install/launch_yaml:/root/ros2_humble/install/launch_xml:/root/ros2_humble/install/launch:/root/ros2_humble/install/osrf_pycommon:/root/ros2_humble/install/domain_coordinator:/root/ros2_humble/install/ament_xmllint:/root/ros2_humble/install/ament_pyflakes:/root/ros2_humble/install/ament_pycodestyle:/root/ros2_humble/install/ament_pep257:/root/ros2_humble/install/ament_pclint:/root/ros2_humble/install/ament_package:/root/ros2_humble/install/ament_mypy:/root/ros2_humble/install/ament_lint_cmake:/root/ros2_humble/install/ament_flake8:/root/ros2_humble/install/ament_copyright:/root/ros2_humble/install/ament_lint:/root/ros2_humble/install/ament_index_python:/root/ros2_humble/install/ament_cpplint:/root/ros2_humble/install/ament_cppcheck:/root/ros2_humble/install/ament_clang_tidy:/root/ros2_humble/install/ament_clang_format /usr/bin/cmake --install /root/adipu_ws/build/adipu_turtlesim_controller
[32.684s] -- Install configuration: ""
[32.685s] -- Execute custom install script
[32.687s] -- Symlinking: /root/adipu_ws/install/adipu_turtlesim_controller/share/ament_index/resource_index/rosidl_interfaces/adipu_turtlesim_controller
[33.014s] -- Symlinking: /root/adipu_ws/install/adipu_turtlesim_controller/include/adipu_turtlesim_controller/adipu_turtlesim_controller/msg/detail/flip__functions.h
[33.337s] -- Symlinking: /root/adipu_ws/install/adipu_turtlesim_controller/include/adipu_turtlesim_controller/adipu_turtlesim_controller/msg/detail/flip__struct.h
[33.642s] -- Symlinking: /root/adipu_ws/install/adipu_turtlesim_controller/include/adipu_turtlesim_controller/adipu_turtlesim_controller/msg/detail/flip__type_support.h
[33.897s] -- Symlinking: /root/adipu_ws/install/adipu_turtlesim_controller/include/adipu_turtlesim_controller/adipu_turtlesim_controller/msg/flip.h
[34.184s] -- Symlinking: /root/adipu_ws/install/adipu_turtlesim_controller/include/adipu_turtlesim_controller/adipu_turtlesim_controller/msg/rosidl_generator_c__visibility_control.h
[34.531s] -- Symlinking: /root/adipu_ws/install/adipu_turtlesim_controller/share/adipu_turtlesim_controller/environment/library_path.sh
[34.880s] -- Symlinking: /root/adipu_ws/install/adipu_turtlesim_controller/share/adipu_turtlesim_controller/environment/library_path.dsv
[35.213s] -- Symlinking: /root/adipu_ws/install/adipu_turtlesim_controller/include/adipu_turtlesim_controller/adipu_turtlesim_controller/msg/detail/flip__rosidl_typesupport_introspection_c.h
[35.457s] -- Symlinking: /root/adipu_ws/install/adipu_turtlesim_controller/include/adipu_turtlesim_controller/adipu_turtlesim_controller/msg/rosidl_typesupport_introspection_c__visibility_control.h
[35.709s] -- Symlinking: /root/adipu_ws/install/adipu_turtlesim_controller/include/adipu_turtlesim_controller/adipu_turtlesim_controller/msg/detail/flip__rosidl_typesupport_fastrtps_c.h
[36.058s] -- Symlinking: /root/adipu_ws/install/adipu_turtlesim_controller/include/adipu_turtlesim_controller/adipu_turtlesim_controller/msg/rosidl_typesupport_fastrtps_c__visibility_control.h
[36.407s] -- Symlinking: /root/adipu_ws/install/adipu_turtlesim_controller/include/adipu_turtlesim_controller/adipu_turtlesim_controller/msg/detail/flip__builder.hpp
[36.753s] -- Symlinking: /root/adipu_ws/install/adipu_turtlesim_controller/include/adipu_turtlesim_controller/adipu_turtlesim_controller/msg/detail/flip__struct.hpp
[37.048s] -- Symlinking: /root/adipu_ws/install/adipu_turtlesim_controller/include/adipu_turtlesim_controller/adipu_turtlesim_controller/msg/detail/flip__traits.hpp
[37.293s] -- Symlinking: /root/adipu_ws/install/adipu_turtlesim_controller/include/adipu_turtlesim_controller/adipu_turtlesim_controller/msg/detail/flip__type_support.hpp
[37.571s] -- Symlinking: /root/adipu_ws/install/adipu_turtlesim_controller/include/adipu_turtlesim_controller/adipu_turtlesim_controller/msg/flip.hpp
[37.895s] -- Symlinking: /root/adipu_ws/install/adipu_turtlesim_controller/include/adipu_turtlesim_controller/adipu_turtlesim_controller/msg/rosidl_generator_cpp__visibility_control.hpp
[38.243s] -- Symlinking: /root/adipu_ws/install/adipu_turtlesim_controller/include/adipu_turtlesim_controller/adipu_turtlesim_controller/msg/detail/flip__rosidl_typesupport_introspection_cpp.hpp
[38.585s] -- Symlinking: /root/adipu_ws/install/adipu_turtlesim_controller/include/adipu_turtlesim_controller/adipu_turtlesim_controller/msg/detail/flip__rosidl_typesupport_fastrtps_cpp.hpp
[38.901s] -- Symlinking: /root/adipu_ws/install/adipu_turtlesim_controller/include/adipu_turtlesim_controller/adipu_turtlesim_controller/msg/rosidl_typesupport_fastrtps_cpp__visibility_control.h
[39.153s] -- Symlinking: /root/adipu_ws/install/adipu_turtlesim_controller/share/adipu_turtlesim_controller/environment/pythonpath.sh
[39.431s] -- Symlinking: /root/adipu_ws/install/adipu_turtlesim_controller/share/adipu_turtlesim_controller/environment/pythonpath.dsv
[39.754s] -- Symlinking: /root/adipu_ws/install/adipu_turtlesim_controller/local/lib/python3.10/dist-packages/adipu_turtlesim_controller-0.0.0-py3.10.egg-info/PKG-INFO
[40.102s] -- Symlinking: /root/adipu_ws/install/adipu_turtlesim_controller/local/lib/python3.10/dist-packages/adipu_turtlesim_controller-0.0.0-py3.10.egg-info/SOURCES.txt
[40.444s] -- Symlinking: /root/adipu_ws/install/adipu_turtlesim_controller/local/lib/python3.10/dist-packages/adipu_turtlesim_controller-0.0.0-py3.10.egg-info/dependency_links.txt
[40.797s] -- Symlinking: /root/adipu_ws/install/adipu_turtlesim_controller/local/lib/python3.10/dist-packages/adipu_turtlesim_controller-0.0.0-py3.10.egg-info/top_level.txt
[41.081s] -- Symlinking: /root/adipu_ws/install/adipu_turtlesim_controller/local/lib/python3.10/dist-packages/adipu_turtlesim_controller/__init__.py
[41.336s] -- Symlinking: /root/adipu_ws/install/adipu_turtlesim_controller/local/lib/python3.10/dist-packages/adipu_turtlesim_controller/_adipu_turtlesim_controller_s.ep.rosidl_typesupport_c.c
[41.623s] -- Symlinking: /root/adipu_ws/install/adipu_turtlesim_controller/local/lib/python3.10/dist-packages/adipu_turtlesim_controller/_adipu_turtlesim_controller_s.ep.rosidl_typesupport_fastrtps_c.c
[41.960s] -- Symlinking: /root/adipu_ws/install/adipu_turtlesim_controller/local/lib/python3.10/dist-packages/adipu_turtlesim_controller/_adipu_turtlesim_controller_s.ep.rosidl_typesupport_introspection_c.c
[42.271s] -- Symlinking: /root/adipu_ws/install/adipu_turtlesim_controller/local/lib/python3.10/dist-packages/adipu_turtlesim_controller/adipu_turtlesim_controller_s__rosidl_typesupport_c.cpython-310-aarch64-linux-gnu.so
[42.571s] -- Symlinking: /root/adipu_ws/install/adipu_turtlesim_controller/local/lib/python3.10/dist-packages/adipu_turtlesim_controller/adipu_turtlesim_controller_s__rosidl_typesupport_fastrtps_c.cpython-310-aarch64-linux-gnu.so
[42.920s] -- Symlinking: /root/adipu_ws/install/adipu_turtlesim_controller/local/lib/python3.10/dist-packages/adipu_turtlesim_controller/adipu_turtlesim_controller_s__rosidl_typesupport_introspection_c.cpython-310-aarch64-linux-gnu.so
[43.208s] -- Symlinking: /root/adipu_ws/install/adipu_turtlesim_controller/local/lib/python3.10/dist-packages/adipu_turtlesim_controller/libadipu_turtlesim_controller__rosidl_generator_py.so
[43.456s] -- Symlinking: /root/adipu_ws/install/adipu_turtlesim_controller/local/lib/python3.10/dist-packages/adipu_turtlesim_controller/msg/__init__.py
[43.753s] -- Symlinking: /root/adipu_ws/install/adipu_turtlesim_controller/local/lib/python3.10/dist-packages/adipu_turtlesim_controller/msg/_flip.py
[44.081s] -- Symlinking: /root/adipu_ws/install/adipu_turtlesim_controller/local/lib/python3.10/dist-packages/adipu_turtlesim_controller/msg/_flip_s.c
[44.384s] -- Up-to-date symlink: /root/adipu_ws/install/adipu_turtlesim_controller/local/lib/python3.10/dist-packages/adipu_turtlesim_controller/adipu_turtlesim_controller_s__rosidl_typesupport_introspection_c.cpython-310-aarch64-linux-gnu.so
[44.385s] -- Up-to-date symlink: /root/adipu_ws/install/adipu_turtlesim_controller/local/lib/python3.10/dist-packages/adipu_turtlesim_controller/adipu_turtlesim_controller_s__rosidl_typesupport_fastrtps_c.cpython-310-aarch64-linux-gnu.so
[44.386s] -- Up-to-date symlink: /root/adipu_ws/install/adipu_turtlesim_controller/local/lib/python3.10/dist-packages/adipu_turtlesim_controller/adipu_turtlesim_controller_s__rosidl_typesupport_c.cpython-310-aarch64-linux-gnu.so
[44.386s] -- Symlinking: /root/adipu_ws/install/adipu_turtlesim_controller/share/adipu_turtlesim_controller/msg/Flip.idl
[44.739s] -- Up-to-date symlink: /root/adipu_ws/install/adipu_turtlesim_controller/share/adipu_turtlesim_controller/msg/Flip.msg
[44.740s] -- Symlinking: /root/adipu_ws/install/adipu_turtlesim_controller/share/ament_index/resource_index/package_run_dependencies/adipu_turtlesim_controller
[45.097s] -- Symlinking: /root/adipu_ws/install/adipu_turtlesim_controller/share/ament_index/resource_index/parent_prefix_path/adipu_turtlesim_controller
[45.447s] -- Symlinking: /root/adipu_ws/install/adipu_turtlesim_controller/share/adipu_turtlesim_controller/environment/ament_prefix_path.sh
[45.797s] -- Symlinking: /root/adipu_ws/install/adipu_turtlesim_controller/share/adipu_turtlesim_controller/environment/ament_prefix_path.dsv
[46.147s] -- Symlinking: /root/adipu_ws/install/adipu_turtlesim_controller/share/adipu_turtlesim_controller/environment/path.sh
[46.485s] -- Symlinking: /root/adipu_ws/install/adipu_turtlesim_controller/share/adipu_turtlesim_controller/environment/path.dsv
[46.824s] -- Symlinking: /root/adipu_ws/install/adipu_turtlesim_controller/share/adipu_turtlesim_controller/local_setup.bash
[47.163s] -- Symlinking: /root/adipu_ws/install/adipu_turtlesim_controller/share/adipu_turtlesim_controller/local_setup.sh
[47.502s] -- Symlinking: /root/adipu_ws/install/adipu_turtlesim_controller/share/adipu_turtlesim_controller/local_setup.zsh
[47.840s] -- Symlinking: /root/adipu_ws/install/adipu_turtlesim_controller/share/adipu_turtlesim_controller/local_setup.dsv
[48.179s] -- Symlinking: /root/adipu_ws/install/adipu_turtlesim_controller/share/adipu_turtlesim_controller/package.dsv
[48.518s] -- Symlinking: /root/adipu_ws/install/adipu_turtlesim_controller/share/ament_index/resource_index/packages/adipu_turtlesim_controller
[48.857s] -- Symlinking: /root/adipu_ws/install/adipu_turtlesim_controller/share/adipu_turtlesim_controller/cmake/rosidl_cmake-extras.cmake
[49.188s] -- Symlinking: /root/adipu_ws/install/adipu_turtlesim_controller/share/adipu_turtlesim_controller/cmake/ament_cmake_export_include_directories-extras.cmake
[49.529s] -- Symlinking: /root/adipu_ws/install/adipu_turtlesim_controller/share/adipu_turtlesim_controller/cmake/ament_cmake_export_libraries-extras.cmake
[49.868s] -- Symlinking: /root/adipu_ws/install/adipu_turtlesim_controller/share/adipu_turtlesim_controller/cmake/ament_cmake_export_targets-extras.cmake
[50.087s] -- Symlinking: /root/adipu_ws/install/adipu_turtlesim_controller/share/adipu_turtlesim_controller/cmake/rosidl_cmake_export_typesupport_targets-extras.cmake
[50.386s] -- Symlinking: /root/adipu_ws/install/adipu_turtlesim_controller/share/adipu_turtlesim_controller/cmake/ament_cmake_export_dependencies-extras.cmake
[50.715s] -- Symlinking: /root/adipu_ws/install/adipu_turtlesim_controller/share/adipu_turtlesim_controller/cmake/rosidl_cmake_export_typesupport_libraries-extras.cmake
[51.046s] -- Symlinking: /root/adipu_ws/install/adipu_turtlesim_controller/share/adipu_turtlesim_controller/cmake/adipu_turtlesim_controllerConfig.cmake
[51.381s] -- Symlinking: /root/adipu_ws/install/adipu_turtlesim_controller/share/adipu_turtlesim_controller/cmake/adipu_turtlesim_controllerConfig-version.cmake
[51.710s] -- Up-to-date symlink: /root/adipu_ws/install/adipu_turtlesim_controller/share/adipu_turtlesim_controller/package.xml
[51.710s] -- Installing: /root/adipu_ws/install/adipu_turtlesim_controller/lib/libadipu_turtlesim_controller__rosidl_generator_c.so
[51.712s] -- Set runtime path of "/root/adipu_ws/install/adipu_turtlesim_controller/lib/libadipu_turtlesim_controller__rosidl_generator_c.so" to ""
[51.712s] -- Installing: /root/adipu_ws/install/adipu_turtlesim_controller/lib/libadipu_turtlesim_controller__rosidl_typesupport_introspection_c.so
[51.715s] -- Set runtime path of "/root/adipu_ws/install/adipu_turtlesim_controller/lib/libadipu_turtlesim_controller__rosidl_typesupport_introspection_c.so" to ""
[51.715s] -- Installing: /root/adipu_ws/install/adipu_turtlesim_controller/lib/libadipu_turtlesim_controller__rosidl_typesupport_fastrtps_c.so
[51.717s] -- Set runtime path of "/root/adipu_ws/install/adipu_turtlesim_controller/lib/libadipu_turtlesim_controller__rosidl_typesupport_fastrtps_c.so" to ""
[51.718s] -- Installing: /root/adipu_ws/install/adipu_turtlesim_controller/lib/libadipu_turtlesim_controller__rosidl_typesupport_c.so
[51.719s] -- Set runtime path of "/root/adipu_ws/install/adipu_turtlesim_controller/lib/libadipu_turtlesim_controller__rosidl_typesupport_c.so" to ""
[51.720s] -- Installing: /root/adipu_ws/install/adipu_turtlesim_controller/lib/libadipu_turtlesim_controller__rosidl_typesupport_introspection_cpp.so
[51.722s] -- Set runtime path of "/root/adipu_ws/install/adipu_turtlesim_controller/lib/libadipu_turtlesim_controller__rosidl_typesupport_introspection_cpp.so" to ""
[51.722s] -- Installing: /root/adipu_ws/install/adipu_turtlesim_controller/lib/libadipu_turtlesim_controller__rosidl_typesupport_fastrtps_cpp.so
[51.724s] -- Set runtime path of "/root/adipu_ws/install/adipu_turtlesim_controller/lib/libadipu_turtlesim_controller__rosidl_typesupport_fastrtps_cpp.so" to ""
[51.725s] -- Installing: /root/adipu_ws/install/adipu_turtlesim_controller/lib/libadipu_turtlesim_controller__rosidl_typesupport_cpp.so
[51.727s] -- Set runtime path of "/root/adipu_ws/install/adipu_turtlesim_controller/lib/libadipu_turtlesim_controller__rosidl_typesupport_cpp.so" to ""
[51.960s] Listing '/root/adipu_ws/install/adipu_turtlesim_controller/local/lib/python3.10/dist-packages/adipu_turtlesim_controller'...
[51.960s] Compiling '/root/adipu_ws/install/adipu_turtlesim_controller/local/lib/python3.10/dist-packages/adipu_turtlesim_controller/__init__.py'...
[51.960s] Listing '/root/adipu_ws/install/adipu_turtlesim_controller/local/lib/python3.10/dist-packages/adipu_turtlesim_controller/msg'...
[51.960s] Compiling '/root/adipu_ws/install/adipu_turtlesim_controller/local/lib/python3.10/dist-packages/adipu_turtlesim_controller/msg/__init__.py'...
[51.960s] Compiling '/root/adipu_ws/install/adipu_turtlesim_controller/local/lib/python3.10/dist-packages/adipu_turtlesim_controller/msg/_flip.py'...
[51.961s] -- Installing: /root/adipu_ws/install/adipu_turtlesim_controller/lib/libadipu_turtlesim_controller__rosidl_generator_py.so
[51.962s] -- Set runtime path of "/root/adipu_ws/install/adipu_turtlesim_controller/lib/libadipu_turtlesim_controller__rosidl_generator_py.so" to ""
[51.963s] -- Up-to-date: /root/adipu_ws/install/adipu_turtlesim_controller/lib/adipu_turtlesim_controller
[51.963s] -- Installing: /root/adipu_ws/install/adipu_turtlesim_controller/lib/adipu_turtlesim_controller/__init__.py
[51.964s] -- Installing: /root/adipu_ws/install/adipu_turtlesim_controller/lib/adipu_turtlesim_controller/mouse_follower.py
[51.966s] -- Installing: /root/adipu_ws/install/adipu_turtlesim_controller/lib/adipu_turtlesim_controller/__pycache__
[51.967s] -- Installing: /root/adipu_ws/install/adipu_turtlesim_controller/lib/adipu_turtlesim_controller/__pycache__/mouse_follower.cpython-310.pyc
[51.969s] -- Installing: /root/adipu_ws/install/adipu_turtlesim_controller/lib/adipu_turtlesim_controller/__pycache__/turtle2_flipper.cpython-310.pyc
[51.970s] -- Installing: /root/adipu_ws/install/adipu_turtlesim_controller/lib/adipu_turtlesim_controller/__pycache__/turtle1_chaser.cpython-310.pyc
[51.972s] -- Installing: /root/adipu_ws/install/adipu_turtlesim_controller/lib/adipu_turtlesim_controller/__pycache__/__init__.cpython-310.pyc
[51.974s] -- Installing: /root/adipu_ws/install/adipu_turtlesim_controller/lib/adipu_turtlesim_controller/turtle2_flipper.py
[51.976s] -- Installing: /root/adipu_ws/install/adipu_turtlesim_controller/lib/adipu_turtlesim_controller/turtle1_chaser.py
[51.978s] -- Installing: /root/adipu_ws/install/adipu_turtlesim_controller/share/adipu_turtlesim_controller/cmake/export_adipu_turtlesim_controller__rosidl_generator_cExport.cmake
[51.979s] -- Installing: /root/adipu_ws/install/adipu_turtlesim_controller/share/adipu_turtlesim_controller/cmake/export_adipu_turtlesim_controller__rosidl_generator_cExport-noconfig.cmake
[51.981s] -- Installing: /root/adipu_ws/install/adipu_turtlesim_controller/share/adipu_turtlesim_controller/cmake/adipu_turtlesim_controller__rosidl_typesupport_introspection_cExport.cmake
[51.983s] -- Installing: /root/adipu_ws/install/adipu_turtlesim_controller/share/adipu_turtlesim_controller/cmake/adipu_turtlesim_controller__rosidl_typesupport_introspection_cExport-noconfig.cmake
[51.984s] -- Installing: /root/adipu_ws/install/adipu_turtlesim_controller/share/adipu_turtlesim_controller/cmake/export_adipu_turtlesim_controller__rosidl_typesupport_fastrtps_cExport.cmake
[51.986s] -- Installing: /root/adipu_ws/install/adipu_turtlesim_controller/share/adipu_turtlesim_controller/cmake/export_adipu_turtlesim_controller__rosidl_typesupport_fastrtps_cExport-noconfig.cmake
[51.988s] -- Installing: /root/adipu_ws/install/adipu_turtlesim_controller/share/adipu_turtlesim_controller/cmake/adipu_turtlesim_controller__rosidl_typesupport_cExport.cmake
[51.989s] -- Installing: /root/adipu_ws/install/adipu_turtlesim_controller/share/adipu_turtlesim_controller/cmake/adipu_turtlesim_controller__rosidl_typesupport_cExport-noconfig.cmake
[51.991s] -- Installing: /root/adipu_ws/install/adipu_turtlesim_controller/share/adipu_turtlesim_controller/cmake/export_adipu_turtlesim_controller__rosidl_generator_cppExport.cmake
[51.992s] -- Installing: /root/adipu_ws/install/adipu_turtlesim_controller/share/adipu_turtlesim_controller/cmake/adipu_turtlesim_controller__rosidl_typesupport_introspection_cppExport.cmake
[51.994s] -- Installing: /root/adipu_ws/install/adipu_turtlesim_controller/share/adipu_turtlesim_controller/cmake/adipu_turtlesim_controller__rosidl_typesupport_introspection_cppExport-noconfig.cmake
[51.995s] -- Installing: /root/adipu_ws/install/adipu_turtlesim_controller/share/adipu_turtlesim_controller/cmake/export_adipu_turtlesim_controller__rosidl_typesupport_fastrtps_cppExport.cmake
[51.997s] -- Installing: /root/adipu_ws/install/adipu_turtlesim_controller/share/adipu_turtlesim_controller/cmake/export_adipu_turtlesim_controller__rosidl_typesupport_fastrtps_cppExport-noconfig.cmake
[51.999s] -- Installing: /root/adipu_ws/install/adipu_turtlesim_controller/share/adipu_turtlesim_controller/cmake/adipu_turtlesim_controller__rosidl_typesupport_cppExport.cmake
[52.000s] -- Installing: /root/adipu_ws/install/adipu_turtlesim_controller/share/adipu_turtlesim_controller/cmake/adipu_turtlesim_controller__rosidl_typesupport_cppExport-noconfig.cmake
[52.001s] -- Installing: /root/adipu_ws/install/adipu_turtlesim_controller/share/adipu_turtlesim_controller/cmake/export_adipu_turtlesim_controller__rosidl_generator_pyExport.cmake
[52.003s] -- Installing: /root/adipu_ws/install/adipu_turtlesim_controller/share/adipu_turtlesim_controller/cmake/export_adipu_turtlesim_controller__rosidl_generator_pyExport-noconfig.cmake
[52.012s] Invoked command in '/root/adipu_ws/build/adipu_turtlesim_controller' returned '0': CMAKE_PREFIX_PATH=${CMAKE_PREFIX_PATH}:/root/adipu_ws/install/adipu_turtlesim_controller:/root/ros2_humble/install/rqt_bag_plugins:/root/ros2_humble/install/rqt_bag:/root/ros2_humble/install/launch_testing_examples:/root/ros2_humble/install/ros2bag:/root/ros2_humble/install/tracetools_test:/root/ros2_humble/install/tracetools_launch:/root/ros2_humble/install/topic_monitor:/root/ros2_humble/install/tf2_tools:/root/ros2_humble/install/examples_tf2_py:/root/ros2_humble/install/tf2_ros_py:/root/ros2_humble/install/sros2:/root/ros2_humble/install/rqt_topic:/root/ros2_humble/install/rqt_srv:/root/ros2_humble/install/rqt_shell:/root/ros2_humble/install/rqt_service_caller:/root/ros2_humble/install/rqt_reconfigure:/root/ros2_humble/install/rqt_py_console:/root/ros2_humble/install/rqt_publisher:/root/ros2_humble/install/rqt_plot:/root/ros2_humble/install/rqt_action:/root/ros2_humble/install/rqt_msg:/root/ros2_humble/install/rqt_console:/root/ros2_humble/install/rqt:/root/ros2_humble/install/rqt_graph:/root/ros2_humble/install/rqt_gui_py:/root/ros2_humble/install/rqt_gui:/root/ros2_humble/install/ros2trace:/root/ros2_humble/install/ros2topic:/root/ros2_humble/install/ros2test:/root/ros2_humble/install/ros2component:/root/ros2_humble/install/ros2param:/root/ros2_humble/install/ros2lifecycle:/root/ros2_humble/install/ros2service:/root/ros2_humble/install/ros2run:/root/ros2_humble/install/ros2launch:/root/ros2_humble/install/ros2pkg:/root/ros2_humble/install/ros2node:/root/ros2_humble/install/ros2multicast:/root/ros2_humble/install/ros2interface:/root/ros2_humble/install/ros2doctor:/root/ros2_humble/install/ros2action:/root/ros2_humble/install/ros2cli:/root/ros2_humble/install/quality_of_service_demo_py:/root/ros2_humble/install/lifecycle_py:/root/ros2_humble/install/launch_testing_ros:/root/ros2_humble/install/launch_ros:/root/ros2_humble/install/examples_rclpy_pointcloud_publisher:/root/ros2_humble/install/examples_rclpy_minimal_subscriber:/root/ros2_humble/install/examples_rclpy_minimal_service:/root/ros2_humble/install/examples_rclpy_minimal_publisher:/root/ros2_humble/install/examples_rclpy_minimal_client:/root/ros2_humble/install/examples_rclpy_minimal_action_server:/root/ros2_humble/install/examples_rclpy_minimal_action_client:/root/ros2_humble/install/examples_rclpy_guard_conditions:/root/ros2_humble/install/examples_rclpy_executors:/root/ros2_humble/install/demo_nodes_py:/root/ros2_humble/install/camera_info_manager_py:/root/ros2_humble/install/adipu_turtlesim_controller:/root/ros2_humble/install/action_tutorials_py:/root/ros2_humble/install/ament_uncrustify:/root/ros2_humble/install/tracetools_trace:/root/ros2_humble/install/tracetools_read:/root/ros2_humble/install/test_tracetools_launch:/root/ros2_humble/install/test_launch_ros:/root/ros2_humble/install/sensor_msgs_py:/root/ros2_humble/install/rpyutils:/root/ros2_humble/install/rosidl_runtime_py:/root/ros2_humble/install/rosidl_cli:/root/ros2_humble/install/launch_pytest:/root/ros2_humble/install/launch_testing:/root/ros2_humble/install/launch_yaml:/root/ros2_humble/install/launch_xml:/root/ros2_humble/install/launch:/root/ros2_humble/install/osrf_pycommon:/root/ros2_humble/install/domain_coordinator:/root/ros2_humble/install/ament_xmllint:/root/ros2_humble/install/ament_pyflakes:/root/ros2_humble/install/ament_pycodestyle:/root/ros2_humble/install/ament_pep257:/root/ros2_humble/install/ament_pclint:/root/ros2_humble/install/ament_package:/root/ros2_humble/install/ament_mypy:/root/ros2_humble/install/ament_lint_cmake:/root/ros2_humble/install/ament_flake8:/root/ros2_humble/install/ament_copyright:/root/ros2_humble/install/ament_lint:/root/ros2_humble/install/ament_index_python:/root/ros2_humble/install/ament_cpplint:/root/ros2_humble/install/ament_cppcheck:/root/ros2_humble/install/ament_clang_tidy:/root/ros2_humble/install/ament_clang_format /usr/bin/cmake --install /root/adipu_ws/build/adipu_turtlesim_controller
