[0.291s] Invoking command in '/root/adipu_ws/build/adipu_msg': CMAKE_PREFIX_PATH=${CMAKE_PREFIX_PATH}:/root/ros2_humble/install/rqt_bag_plugins:/root/ros2_humble/install/rqt_bag:/root/ros2_humble/install/launch_testing_examples:/root/ros2_humble/install/ros2bag:/root/ros2_humble/install/tracetools_test:/root/ros2_humble/install/tracetools_launch:/root/ros2_humble/install/topic_monitor:/root/ros2_humble/install/tf2_tools:/root/ros2_humble/install/examples_tf2_py:/root/ros2_humble/install/tf2_ros_py:/root/ros2_humble/install/sros2:/root/ros2_humble/install/rqt_topic:/root/ros2_humble/install/rqt_srv:/root/ros2_humble/install/rqt_shell:/root/ros2_humble/install/rqt_service_caller:/root/ros2_humble/install/rqt_reconfigure:/root/ros2_humble/install/rqt_py_console:/root/ros2_humble/install/rqt_publisher:/root/ros2_humble/install/rqt_plot:/root/ros2_humble/install/rqt_action:/root/ros2_humble/install/rqt_msg:/root/ros2_humble/install/rqt_console:/root/ros2_humble/install/rqt:/root/ros2_humble/install/rqt_graph:/root/ros2_humble/install/rqt_gui_py:/root/ros2_humble/install/rqt_gui:/root/ros2_humble/install/ros2trace:/root/ros2_humble/install/ros2topic:/root/ros2_humble/install/ros2test:/root/ros2_humble/install/ros2component:/root/ros2_humble/install/ros2param:/root/ros2_humble/install/ros2lifecycle:/root/ros2_humble/install/ros2service:/root/ros2_humble/install/ros2run:/root/ros2_humble/install/ros2launch:/root/ros2_humble/install/ros2pkg:/root/ros2_humble/install/ros2node:/root/ros2_humble/install/ros2multicast:/root/ros2_humble/install/ros2interface:/root/ros2_humble/install/ros2doctor:/root/ros2_humble/install/ros2action:/root/ros2_humble/install/ros2cli:/root/ros2_humble/install/quality_of_service_demo_py:/root/ros2_humble/install/lifecycle_py:/root/ros2_humble/install/launch_testing_ros:/root/ros2_humble/install/launch_ros:/root/ros2_humble/install/examples_rclpy_pointcloud_publisher:/root/ros2_humble/install/examples_rclpy_minimal_subscriber:/root/ros2_humble/install/examples_rclpy_minimal_service:/root/ros2_humble/install/examples_rclpy_minimal_publisher:/root/ros2_humble/install/examples_rclpy_minimal_client:/root/ros2_humble/install/examples_rclpy_minimal_action_server:/root/ros2_humble/install/examples_rclpy_minimal_action_client:/root/ros2_humble/install/examples_rclpy_guard_conditions:/root/ros2_humble/install/examples_rclpy_executors:/root/ros2_humble/install/demo_nodes_py:/root/ros2_humble/install/camera_info_manager_py:/root/ros2_humble/install/adipu_turtlesim_controller:/root/ros2_humble/install/action_tutorials_py:/root/ros2_humble/install/ament_uncrustify:/root/ros2_humble/install/tracetools_trace:/root/ros2_humble/install/tracetools_read:/root/ros2_humble/install/test_tracetools_launch:/root/ros2_humble/install/test_launch_ros:/root/ros2_humble/install/sensor_msgs_py:/root/ros2_humble/install/rpyutils:/root/ros2_humble/install/rosidl_runtime_py:/root/ros2_humble/install/rosidl_cli:/root/ros2_humble/install/launch_pytest:/root/ros2_humble/install/launch_testing:/root/ros2_humble/install/launch_yaml:/root/ros2_humble/install/launch_xml:/root/ros2_humble/install/launch:/root/ros2_humble/install/osrf_pycommon:/root/ros2_humble/install/domain_coordinator:/root/ros2_humble/install/ament_xmllint:/root/ros2_humble/install/ament_pyflakes:/root/ros2_humble/install/ament_pycodestyle:/root/ros2_humble/install/ament_pep257:/root/ros2_humble/install/ament_pclint:/root/ros2_humble/install/ament_package:/root/ros2_humble/install/ament_mypy:/root/ros2_humble/install/ament_lint_cmake:/root/ros2_humble/install/ament_flake8:/root/ros2_humble/install/ament_copyright:/root/ros2_humble/install/ament_lint:/root/ros2_humble/install/ament_index_python:/root/ros2_humble/install/ament_cpplint:/root/ros2_humble/install/ament_cppcheck:/root/ros2_humble/install/ament_clang_tidy:/root/ros2_humble/install/ament_clang_format /usr/bin/cmake /root/adipu_ws/src/adipu_msg -DAMENT_CMAKE_SYMLINK_INSTALL=1 -DCMAKE_INSTALL_PREFIX=/root/adipu_ws/install/adipu_msg
[1.939s] -- The C compiler identification is GNU 11.4.0
[2.621s] -- The CXX compiler identification is GNU 11.4.0
[2.745s] -- Detecting C compiler ABI info
[4.669s] -- Detecting C compiler ABI info - done
[4.674s] -- Check for working C compiler: /usr/bin/cc - skipped
[4.675s] -- Detecting C compile features
[4.675s] -- Detecting C compile features - done
[4.678s] -- Detecting CXX compiler ABI info
[6.577s] -- Detecting CXX compiler ABI info - done
[6.583s] -- Check for working CXX compiler: /usr/bin/c++ - skipped
[6.583s] -- Detecting CXX compile features
[6.584s] -- Detecting CXX compile features - done
[7.038s] -- Found ament_cmake: 1.3.11 (/root/ros2_humble/install/ament_cmake/share/ament_cmake/cmake)
[9.375s] -- Found Python3: /usr/bin/python3 (found version "3.10.12") found components: Interpreter 
[9.689s] -- Override CMake install command with custom implementation using symlinks instead of copying resources
[15.858s] -- Found rosidl_default_generators: 1.2.0 (/root/ros2_humble/install/rosidl_default_generators/share/rosidl_default_generators/cmake)
[16.298s] -- Using all available rosidl_typesupport_c: rosidl_typesupport_introspection_c;rosidl_typesupport_fastrtps_c
[17.368s] -- Found rosidl_adapter: 3.1.6 (/root/ros2_humble/install/rosidl_adapter/share/rosidl_adapter/cmake)
[20.672s] -- Using all available rosidl_typesupport_cpp: rosidl_typesupport_introspection_cpp;rosidl_typesupport_fastrtps_cpp
[24.705s] -- Found ament_cmake_ros: 0.10.0 (/root/ros2_humble/install/ament_cmake_ros/share/ament_cmake_ros/cmake)
[26.805s] -- Using all available rosidl_typesupport_c: rosidl_typesupport_introspection_c;rosidl_typesupport_fastrtps_c
[28.535s] -- Using all available rosidl_typesupport_cpp: rosidl_typesupport_introspection_cpp;rosidl_typesupport_fastrtps_cpp
[28.915s] -- Found PythonInterp: /usr/bin/python3 (found suitable version "3.10.12", minimum required is "3.6") 
[29.280s] -- Found python_cmake_module: 0.10.0 (/root/ros2_humble/install/python_cmake_module/share/python_cmake_module/cmake)
[29.654s] -- Found PythonLibs: /usr/lib/aarch64-linux-gnu/libpython3.10.so (found suitable version "3.10.12", minimum required is "3.5") 
[29.654s] -- Using PYTHON_EXECUTABLE: /usr/bin/python3
[29.654s] -- Using PYTHON_INCLUDE_DIRS: /usr/include/python3.10
[29.654s] -- Using PYTHON_LIBRARIES: /usr/lib/aarch64-linux-gnu/libpython3.10.so
[29.828s] -- Found PythonExtra: .so  
[30.372s] -- Configuring done
[30.549s] -- Generating done
[30.588s] -- Build files have been written to: /root/adipu_ws/build/adipu_msg
[30.599s] Invoked command in '/root/adipu_ws/build/adipu_msg' returned '0': CMAKE_PREFIX_PATH=${CMAKE_PREFIX_PATH}:/root/ros2_humble/install/rqt_bag_plugins:/root/ros2_humble/install/rqt_bag:/root/ros2_humble/install/launch_testing_examples:/root/ros2_humble/install/ros2bag:/root/ros2_humble/install/tracetools_test:/root/ros2_humble/install/tracetools_launch:/root/ros2_humble/install/topic_monitor:/root/ros2_humble/install/tf2_tools:/root/ros2_humble/install/examples_tf2_py:/root/ros2_humble/install/tf2_ros_py:/root/ros2_humble/install/sros2:/root/ros2_humble/install/rqt_topic:/root/ros2_humble/install/rqt_srv:/root/ros2_humble/install/rqt_shell:/root/ros2_humble/install/rqt_service_caller:/root/ros2_humble/install/rqt_reconfigure:/root/ros2_humble/install/rqt_py_console:/root/ros2_humble/install/rqt_publisher:/root/ros2_humble/install/rqt_plot:/root/ros2_humble/install/rqt_action:/root/ros2_humble/install/rqt_msg:/root/ros2_humble/install/rqt_console:/root/ros2_humble/install/rqt:/root/ros2_humble/install/rqt_graph:/root/ros2_humble/install/rqt_gui_py:/root/ros2_humble/install/rqt_gui:/root/ros2_humble/install/ros2trace:/root/ros2_humble/install/ros2topic:/root/ros2_humble/install/ros2test:/root/ros2_humble/install/ros2component:/root/ros2_humble/install/ros2param:/root/ros2_humble/install/ros2lifecycle:/root/ros2_humble/install/ros2service:/root/ros2_humble/install/ros2run:/root/ros2_humble/install/ros2launch:/root/ros2_humble/install/ros2pkg:/root/ros2_humble/install/ros2node:/root/ros2_humble/install/ros2multicast:/root/ros2_humble/install/ros2interface:/root/ros2_humble/install/ros2doctor:/root/ros2_humble/install/ros2action:/root/ros2_humble/install/ros2cli:/root/ros2_humble/install/quality_of_service_demo_py:/root/ros2_humble/install/lifecycle_py:/root/ros2_humble/install/launch_testing_ros:/root/ros2_humble/install/launch_ros:/root/ros2_humble/install/examples_rclpy_pointcloud_publisher:/root/ros2_humble/install/examples_rclpy_minimal_subscriber:/root/ros2_humble/install/examples_rclpy_minimal_service:/root/ros2_humble/install/examples_rclpy_minimal_publisher:/root/ros2_humble/install/examples_rclpy_minimal_client:/root/ros2_humble/install/examples_rclpy_minimal_action_server:/root/ros2_humble/install/examples_rclpy_minimal_action_client:/root/ros2_humble/install/examples_rclpy_guard_conditions:/root/ros2_humble/install/examples_rclpy_executors:/root/ros2_humble/install/demo_nodes_py:/root/ros2_humble/install/camera_info_manager_py:/root/ros2_humble/install/adipu_turtlesim_controller:/root/ros2_humble/install/action_tutorials_py:/root/ros2_humble/install/ament_uncrustify:/root/ros2_humble/install/tracetools_trace:/root/ros2_humble/install/tracetools_read:/root/ros2_humble/install/test_tracetools_launch:/root/ros2_humble/install/test_launch_ros:/root/ros2_humble/install/sensor_msgs_py:/root/ros2_humble/install/rpyutils:/root/ros2_humble/install/rosidl_runtime_py:/root/ros2_humble/install/rosidl_cli:/root/ros2_humble/install/launch_pytest:/root/ros2_humble/install/launch_testing:/root/ros2_humble/install/launch_yaml:/root/ros2_humble/install/launch_xml:/root/ros2_humble/install/launch:/root/ros2_humble/install/osrf_pycommon:/root/ros2_humble/install/domain_coordinator:/root/ros2_humble/install/ament_xmllint:/root/ros2_humble/install/ament_pyflakes:/root/ros2_humble/install/ament_pycodestyle:/root/ros2_humble/install/ament_pep257:/root/ros2_humble/install/ament_pclint:/root/ros2_humble/install/ament_package:/root/ros2_humble/install/ament_mypy:/root/ros2_humble/install/ament_lint_cmake:/root/ros2_humble/install/ament_flake8:/root/ros2_humble/install/ament_copyright:/root/ros2_humble/install/ament_lint:/root/ros2_humble/install/ament_index_python:/root/ros2_humble/install/ament_cpplint:/root/ros2_humble/install/ament_cppcheck:/root/ros2_humble/install/ament_clang_tidy:/root/ros2_humble/install/ament_clang_format /usr/bin/cmake /root/adipu_ws/src/adipu_msg -DAMENT_CMAKE_SYMLINK_INSTALL=1 -DCMAKE_INSTALL_PREFIX=/root/adipu_ws/install/adipu_msg
[30.604s] Invoking command in '/root/adipu_ws/build/adipu_msg': CMAKE_PREFIX_PATH=${CMAKE_PREFIX_PATH}:/root/ros2_humble/install/rqt_bag_plugins:/root/ros2_humble/install/rqt_bag:/root/ros2_humble/install/launch_testing_examples:/root/ros2_humble/install/ros2bag:/root/ros2_humble/install/tracetools_test:/root/ros2_humble/install/tracetools_launch:/root/ros2_humble/install/topic_monitor:/root/ros2_humble/install/tf2_tools:/root/ros2_humble/install/examples_tf2_py:/root/ros2_humble/install/tf2_ros_py:/root/ros2_humble/install/sros2:/root/ros2_humble/install/rqt_topic:/root/ros2_humble/install/rqt_srv:/root/ros2_humble/install/rqt_shell:/root/ros2_humble/install/rqt_service_caller:/root/ros2_humble/install/rqt_reconfigure:/root/ros2_humble/install/rqt_py_console:/root/ros2_humble/install/rqt_publisher:/root/ros2_humble/install/rqt_plot:/root/ros2_humble/install/rqt_action:/root/ros2_humble/install/rqt_msg:/root/ros2_humble/install/rqt_console:/root/ros2_humble/install/rqt:/root/ros2_humble/install/rqt_graph:/root/ros2_humble/install/rqt_gui_py:/root/ros2_humble/install/rqt_gui:/root/ros2_humble/install/ros2trace:/root/ros2_humble/install/ros2topic:/root/ros2_humble/install/ros2test:/root/ros2_humble/install/ros2component:/root/ros2_humble/install/ros2param:/root/ros2_humble/install/ros2lifecycle:/root/ros2_humble/install/ros2service:/root/ros2_humble/install/ros2run:/root/ros2_humble/install/ros2launch:/root/ros2_humble/install/ros2pkg:/root/ros2_humble/install/ros2node:/root/ros2_humble/install/ros2multicast:/root/ros2_humble/install/ros2interface:/root/ros2_humble/install/ros2doctor:/root/ros2_humble/install/ros2action:/root/ros2_humble/install/ros2cli:/root/ros2_humble/install/quality_of_service_demo_py:/root/ros2_humble/install/lifecycle_py:/root/ros2_humble/install/launch_testing_ros:/root/ros2_humble/install/launch_ros:/root/ros2_humble/install/examples_rclpy_pointcloud_publisher:/root/ros2_humble/install/examples_rclpy_minimal_subscriber:/root/ros2_humble/install/examples_rclpy_minimal_service:/root/ros2_humble/install/examples_rclpy_minimal_publisher:/root/ros2_humble/install/examples_rclpy_minimal_client:/root/ros2_humble/install/examples_rclpy_minimal_action_server:/root/ros2_humble/install/examples_rclpy_minimal_action_client:/root/ros2_humble/install/examples_rclpy_guard_conditions:/root/ros2_humble/install/examples_rclpy_executors:/root/ros2_humble/install/demo_nodes_py:/root/ros2_humble/install/camera_info_manager_py:/root/ros2_humble/install/adipu_turtlesim_controller:/root/ros2_humble/install/action_tutorials_py:/root/ros2_humble/install/ament_uncrustify:/root/ros2_humble/install/tracetools_trace:/root/ros2_humble/install/tracetools_read:/root/ros2_humble/install/test_tracetools_launch:/root/ros2_humble/install/test_launch_ros:/root/ros2_humble/install/sensor_msgs_py:/root/ros2_humble/install/rpyutils:/root/ros2_humble/install/rosidl_runtime_py:/root/ros2_humble/install/rosidl_cli:/root/ros2_humble/install/launch_pytest:/root/ros2_humble/install/launch_testing:/root/ros2_humble/install/launch_yaml:/root/ros2_humble/install/launch_xml:/root/ros2_humble/install/launch:/root/ros2_humble/install/osrf_pycommon:/root/ros2_humble/install/domain_coordinator:/root/ros2_humble/install/ament_xmllint:/root/ros2_humble/install/ament_pyflakes:/root/ros2_humble/install/ament_pycodestyle:/root/ros2_humble/install/ament_pep257:/root/ros2_humble/install/ament_pclint:/root/ros2_humble/install/ament_package:/root/ros2_humble/install/ament_mypy:/root/ros2_humble/install/ament_lint_cmake:/root/ros2_humble/install/ament_flake8:/root/ros2_humble/install/ament_copyright:/root/ros2_humble/install/ament_lint:/root/ros2_humble/install/ament_index_python:/root/ros2_humble/install/ament_cpplint:/root/ros2_humble/install/ament_cppcheck:/root/ros2_humble/install/ament_clang_tidy:/root/ros2_humble/install/ament_clang_format /usr/bin/cmake --build /root/adipu_ws/build/adipu_msg -- -j8 -l8
[32.449s] [  3%] [34m[1mGenerating C code for ROS interfaces[0m
[33.233s] [  6%] [34m[1mGenerating C++ code for ROS interfaces[0m
[34.266s] [  6%] Built target ament_cmake_python_symlink_adipu_msg
[35.823s] [  6%] Built target adipu_msg__cpp
[35.899s] [  9%] [32mBuilding C object CMakeFiles/adipu_msg__rosidl_generator_c.dir/rosidl_generator_c/adipu_msg/msg/detail/flip__functions.c.o[0m
[37.858s] [ 16%] [34m[1mGenerating C++ type support for eProsima Fast-RTPS[0m
[37.860s] [ 16%] [34m[1mGenerating C++ type support dispatch for ROS interfaces[0m
[37.862s] [ 19%] [34m[1mGenerating C++ introspection for ROS interfaces[0m
[37.883s] running egg_info
[37.884s] creating adipu_msg.egg-info
[37.885s] writing adipu_msg.egg-info/PKG-INFO
[37.887s] writing dependency_links to adipu_msg.egg-info/dependency_links.txt
[37.888s] writing top-level names to adipu_msg.egg-info/top_level.txt
[37.890s] writing manifest file 'adipu_msg.egg-info/SOURCES.txt'
[37.898s] reading manifest file 'adipu_msg.egg-info/SOURCES.txt'
[37.902s] writing manifest file 'adipu_msg.egg-info/SOURCES.txt'
[38.961s] [ 22%] [32m[1mLinking C shared library libadipu_msg__rosidl_generator_c.so[0m
[39.283s] [ 22%] Built target ament_cmake_python_build_adipu_msg_egg
[40.736s] [ 25%] [32mBuilding CXX object CMakeFiles/adipu_msg__rosidl_typesupport_cpp.dir/rosidl_typesupport_cpp/adipu_msg/msg/flip__type_support.cpp.o[0m
[41.031s] [ 25%] Built target adipu_msg__rosidl_generator_c
[41.524s] [ 29%] [32mBuilding CXX object CMakeFiles/adipu_msg__rosidl_typesupport_fastrtps_cpp.dir/rosidl_typesupport_fastrtps_cpp/adipu_msg/msg/detail/dds_fastrtps/flip__type_support.cpp.o[0m
[41.560s] [ 32%] [32mBuilding CXX object CMakeFiles/adipu_msg__rosidl_typesupport_introspection_cpp.dir/rosidl_typesupport_introspection_cpp/adipu_msg/msg/detail/flip__type_support.cpp.o[0m
[42.278s] [ 35%] [34m[1mGenerating C type support for eProsima Fast-RTPS[0m
[42.285s] [ 38%] [34m[1mGenerating C type support dispatch for ROS interfaces[0m
[42.307s] [ 41%] [34m[1mGenerating C introspection for ROS interfaces[0m
[42.891s] [ 45%] [32m[1mLinking CXX shared library libadipu_msg__rosidl_typesupport_cpp.so[0m
[43.535s] [ 48%] [32m[1mLinking CXX shared library libadipu_msg__rosidl_typesupport_introspection_cpp.so[0m
[43.601s] [ 51%] [32m[1mLinking CXX shared library libadipu_msg__rosidl_typesupport_fastrtps_cpp.so[0m
[44.681s] [ 54%] [32mBuilding CXX object CMakeFiles/adipu_msg__rosidl_typesupport_c.dir/rosidl_typesupport_c/adipu_msg/msg/flip__type_support.cpp.o[0m
[44.903s] [ 54%] Built target adipu_msg__rosidl_typesupport_cpp
[45.189s] [ 58%] [32mBuilding CXX object CMakeFiles/adipu_msg__rosidl_typesupport_fastrtps_c.dir/rosidl_typesupport_fastrtps_c/adipu_msg/msg/detail/flip__type_support_c.cpp.o[0m
[45.209s] [ 61%] [32mBuilding C object CMakeFiles/adipu_msg__rosidl_typesupport_introspection_c.dir/rosidl_typesupport_introspection_c/adipu_msg/msg/detail/flip__type_support.c.o[0m
[45.360s] [ 61%] Built target adipu_msg__rosidl_typesupport_introspection_cpp
[45.437s] [ 61%] Built target adipu_msg__rosidl_typesupport_fastrtps_cpp
[45.731s] [ 64%] [32m[1mLinking CXX shared library libadipu_msg__rosidl_typesupport_c.so[0m
[46.134s] [ 67%] [32m[1mLinking C shared library libadipu_msg__rosidl_typesupport_introspection_c.so[0m
[46.519s] [ 70%] [32m[1mLinking CXX shared library libadipu_msg__rosidl_typesupport_fastrtps_c.so[0m
[47.070s] [ 70%] Built target adipu_msg__rosidl_typesupport_c
[47.589s] [ 70%] Built target adipu_msg__rosidl_typesupport_introspection_c
[47.807s] [ 70%] Built target adipu_msg__rosidl_typesupport_fastrtps_c
[48.833s] [ 70%] Built target adipu_msg
[49.876s] [ 74%] [34m[1mGenerating Python code for ROS interfaces[0m
[51.293s] [ 74%] Built target adipu_msg__py
[52.414s] [ 77%] [32mBuilding C object CMakeFiles/adipu_msg__rosidl_generator_py.dir/rosidl_generator_py/adipu_msg/msg/_flip_s.c.o[0m
[53.147s] [ 80%] [32m[1mLinking C shared library rosidl_generator_py/adipu_msg/libadipu_msg__rosidl_generator_py.so[0m
[53.898s] [ 80%] Built target adipu_msg__rosidl_generator_py
[55.205s] [ 83%] [32mBuilding C object CMakeFiles/adipu_msg__rosidl_typesupport_introspection_c__pyext.dir/rosidl_generator_py/adipu_msg/_adipu_msg_s.ep.rosidl_typesupport_introspection_c.c.o[0m
[55.211s] [ 87%] [32mBuilding C object CMakeFiles/adipu_msg__rosidl_typesupport_fastrtps_c__pyext.dir/rosidl_generator_py/adipu_msg/_adipu_msg_s.ep.rosidl_typesupport_fastrtps_c.c.o[0m
[55.212s] [ 90%] [32mBuilding C object CMakeFiles/adipu_msg__rosidl_typesupport_c__pyext.dir/rosidl_generator_py/adipu_msg/_adipu_msg_s.ep.rosidl_typesupport_c.c.o[0m
[56.463s] [ 93%] [32m[1mLinking C shared library rosidl_generator_py/adipu_msg/adipu_msg_s__rosidl_typesupport_c.cpython-310-aarch64-linux-gnu.so[0m
[56.505s] [ 96%] [32m[1mLinking C shared library rosidl_generator_py/adipu_msg/adipu_msg_s__rosidl_typesupport_introspection_c.cpython-310-aarch64-linux-gnu.so[0m
[56.572s] [100%] [32m[1mLinking C shared library rosidl_generator_py/adipu_msg/adipu_msg_s__rosidl_typesupport_fastrtps_c.cpython-310-aarch64-linux-gnu.so[0m
[57.755s] [100%] Built target adipu_msg__rosidl_typesupport_c__pyext
[57.760s] [100%] Built target adipu_msg__rosidl_typesupport_introspection_c__pyext
[57.845s] [100%] Built target adipu_msg__rosidl_typesupport_fastrtps_c__pyext
[58.202s] Invoked command in '/root/adipu_ws/build/adipu_msg' returned '0': CMAKE_PREFIX_PATH=${CMAKE_PREFIX_PATH}:/root/ros2_humble/install/rqt_bag_plugins:/root/ros2_humble/install/rqt_bag:/root/ros2_humble/install/launch_testing_examples:/root/ros2_humble/install/ros2bag:/root/ros2_humble/install/tracetools_test:/root/ros2_humble/install/tracetools_launch:/root/ros2_humble/install/topic_monitor:/root/ros2_humble/install/tf2_tools:/root/ros2_humble/install/examples_tf2_py:/root/ros2_humble/install/tf2_ros_py:/root/ros2_humble/install/sros2:/root/ros2_humble/install/rqt_topic:/root/ros2_humble/install/rqt_srv:/root/ros2_humble/install/rqt_shell:/root/ros2_humble/install/rqt_service_caller:/root/ros2_humble/install/rqt_reconfigure:/root/ros2_humble/install/rqt_py_console:/root/ros2_humble/install/rqt_publisher:/root/ros2_humble/install/rqt_plot:/root/ros2_humble/install/rqt_action:/root/ros2_humble/install/rqt_msg:/root/ros2_humble/install/rqt_console:/root/ros2_humble/install/rqt:/root/ros2_humble/install/rqt_graph:/root/ros2_humble/install/rqt_gui_py:/root/ros2_humble/install/rqt_gui:/root/ros2_humble/install/ros2trace:/root/ros2_humble/install/ros2topic:/root/ros2_humble/install/ros2test:/root/ros2_humble/install/ros2component:/root/ros2_humble/install/ros2param:/root/ros2_humble/install/ros2lifecycle:/root/ros2_humble/install/ros2service:/root/ros2_humble/install/ros2run:/root/ros2_humble/install/ros2launch:/root/ros2_humble/install/ros2pkg:/root/ros2_humble/install/ros2node:/root/ros2_humble/install/ros2multicast:/root/ros2_humble/install/ros2interface:/root/ros2_humble/install/ros2doctor:/root/ros2_humble/install/ros2action:/root/ros2_humble/install/ros2cli:/root/ros2_humble/install/quality_of_service_demo_py:/root/ros2_humble/install/lifecycle_py:/root/ros2_humble/install/launch_testing_ros:/root/ros2_humble/install/launch_ros:/root/ros2_humble/install/examples_rclpy_pointcloud_publisher:/root/ros2_humble/install/examples_rclpy_minimal_subscriber:/root/ros2_humble/install/examples_rclpy_minimal_service:/root/ros2_humble/install/examples_rclpy_minimal_publisher:/root/ros2_humble/install/examples_rclpy_minimal_client:/root/ros2_humble/install/examples_rclpy_minimal_action_server:/root/ros2_humble/install/examples_rclpy_minimal_action_client:/root/ros2_humble/install/examples_rclpy_guard_conditions:/root/ros2_humble/install/examples_rclpy_executors:/root/ros2_humble/install/demo_nodes_py:/root/ros2_humble/install/camera_info_manager_py:/root/ros2_humble/install/adipu_turtlesim_controller:/root/ros2_humble/install/action_tutorials_py:/root/ros2_humble/install/ament_uncrustify:/root/ros2_humble/install/tracetools_trace:/root/ros2_humble/install/tracetools_read:/root/ros2_humble/install/test_tracetools_launch:/root/ros2_humble/install/test_launch_ros:/root/ros2_humble/install/sensor_msgs_py:/root/ros2_humble/install/rpyutils:/root/ros2_humble/install/rosidl_runtime_py:/root/ros2_humble/install/rosidl_cli:/root/ros2_humble/install/launch_pytest:/root/ros2_humble/install/launch_testing:/root/ros2_humble/install/launch_yaml:/root/ros2_humble/install/launch_xml:/root/ros2_humble/install/launch:/root/ros2_humble/install/osrf_pycommon:/root/ros2_humble/install/domain_coordinator:/root/ros2_humble/install/ament_xmllint:/root/ros2_humble/install/ament_pyflakes:/root/ros2_humble/install/ament_pycodestyle:/root/ros2_humble/install/ament_pep257:/root/ros2_humble/install/ament_pclint:/root/ros2_humble/install/ament_package:/root/ros2_humble/install/ament_mypy:/root/ros2_humble/install/ament_lint_cmake:/root/ros2_humble/install/ament_flake8:/root/ros2_humble/install/ament_copyright:/root/ros2_humble/install/ament_lint:/root/ros2_humble/install/ament_index_python:/root/ros2_humble/install/ament_cpplint:/root/ros2_humble/install/ament_cppcheck:/root/ros2_humble/install/ament_clang_tidy:/root/ros2_humble/install/ament_clang_format /usr/bin/cmake --build /root/adipu_ws/build/adipu_msg -- -j8 -l8
[58.641s] Invoking command in '/root/adipu_ws/build/adipu_msg': CMAKE_PREFIX_PATH=${CMAKE_PREFIX_PATH}:/root/ros2_humble/install/rqt_bag_plugins:/root/ros2_humble/install/rqt_bag:/root/ros2_humble/install/launch_testing_examples:/root/ros2_humble/install/ros2bag:/root/ros2_humble/install/tracetools_test:/root/ros2_humble/install/tracetools_launch:/root/ros2_humble/install/topic_monitor:/root/ros2_humble/install/tf2_tools:/root/ros2_humble/install/examples_tf2_py:/root/ros2_humble/install/tf2_ros_py:/root/ros2_humble/install/sros2:/root/ros2_humble/install/rqt_topic:/root/ros2_humble/install/rqt_srv:/root/ros2_humble/install/rqt_shell:/root/ros2_humble/install/rqt_service_caller:/root/ros2_humble/install/rqt_reconfigure:/root/ros2_humble/install/rqt_py_console:/root/ros2_humble/install/rqt_publisher:/root/ros2_humble/install/rqt_plot:/root/ros2_humble/install/rqt_action:/root/ros2_humble/install/rqt_msg:/root/ros2_humble/install/rqt_console:/root/ros2_humble/install/rqt:/root/ros2_humble/install/rqt_graph:/root/ros2_humble/install/rqt_gui_py:/root/ros2_humble/install/rqt_gui:/root/ros2_humble/install/ros2trace:/root/ros2_humble/install/ros2topic:/root/ros2_humble/install/ros2test:/root/ros2_humble/install/ros2component:/root/ros2_humble/install/ros2param:/root/ros2_humble/install/ros2lifecycle:/root/ros2_humble/install/ros2service:/root/ros2_humble/install/ros2run:/root/ros2_humble/install/ros2launch:/root/ros2_humble/install/ros2pkg:/root/ros2_humble/install/ros2node:/root/ros2_humble/install/ros2multicast:/root/ros2_humble/install/ros2interface:/root/ros2_humble/install/ros2doctor:/root/ros2_humble/install/ros2action:/root/ros2_humble/install/ros2cli:/root/ros2_humble/install/quality_of_service_demo_py:/root/ros2_humble/install/lifecycle_py:/root/ros2_humble/install/launch_testing_ros:/root/ros2_humble/install/launch_ros:/root/ros2_humble/install/examples_rclpy_pointcloud_publisher:/root/ros2_humble/install/examples_rclpy_minimal_subscriber:/root/ros2_humble/install/examples_rclpy_minimal_service:/root/ros2_humble/install/examples_rclpy_minimal_publisher:/root/ros2_humble/install/examples_rclpy_minimal_client:/root/ros2_humble/install/examples_rclpy_minimal_action_server:/root/ros2_humble/install/examples_rclpy_minimal_action_client:/root/ros2_humble/install/examples_rclpy_guard_conditions:/root/ros2_humble/install/examples_rclpy_executors:/root/ros2_humble/install/demo_nodes_py:/root/ros2_humble/install/camera_info_manager_py:/root/ros2_humble/install/adipu_turtlesim_controller:/root/ros2_humble/install/action_tutorials_py:/root/ros2_humble/install/ament_uncrustify:/root/ros2_humble/install/tracetools_trace:/root/ros2_humble/install/tracetools_read:/root/ros2_humble/install/test_tracetools_launch:/root/ros2_humble/install/test_launch_ros:/root/ros2_humble/install/sensor_msgs_py:/root/ros2_humble/install/rpyutils:/root/ros2_humble/install/rosidl_runtime_py:/root/ros2_humble/install/rosidl_cli:/root/ros2_humble/install/launch_pytest:/root/ros2_humble/install/launch_testing:/root/ros2_humble/install/launch_yaml:/root/ros2_humble/install/launch_xml:/root/ros2_humble/install/launch:/root/ros2_humble/install/osrf_pycommon:/root/ros2_humble/install/domain_coordinator:/root/ros2_humble/install/ament_xmllint:/root/ros2_humble/install/ament_pyflakes:/root/ros2_humble/install/ament_pycodestyle:/root/ros2_humble/install/ament_pep257:/root/ros2_humble/install/ament_pclint:/root/ros2_humble/install/ament_package:/root/ros2_humble/install/ament_mypy:/root/ros2_humble/install/ament_lint_cmake:/root/ros2_humble/install/ament_flake8:/root/ros2_humble/install/ament_copyright:/root/ros2_humble/install/ament_lint:/root/ros2_humble/install/ament_index_python:/root/ros2_humble/install/ament_cpplint:/root/ros2_humble/install/ament_cppcheck:/root/ros2_humble/install/ament_clang_tidy:/root/ros2_humble/install/ament_clang_format /usr/bin/cmake --install /root/adipu_ws/build/adipu_msg
[58.972s] -- Install configuration: ""
[58.973s] -- Execute custom install script
[58.975s] -- Symlinking: /root/adipu_ws/install/adipu_msg/share/ament_index/resource_index/rosidl_interfaces/adipu_msg
[59.307s] -- Symlinking: /root/adipu_ws/install/adipu_msg/include/adipu_msg/adipu_msg/msg/detail/flip__functions.h
[59.637s] -- Symlinking: /root/adipu_ws/install/adipu_msg/include/adipu_msg/adipu_msg/msg/detail/flip__struct.h
[59.983s] -- Symlinking: /root/adipu_ws/install/adipu_msg/include/adipu_msg/adipu_msg/msg/detail/flip__type_support.h
[60.323s] -- Symlinking: /root/adipu_ws/install/adipu_msg/include/adipu_msg/adipu_msg/msg/flip.h
[60.668s] -- Symlinking: /root/adipu_ws/install/adipu_msg/include/adipu_msg/adipu_msg/msg/rosidl_generator_c__visibility_control.h
[61.004s] -- Symlinking: /root/adipu_ws/install/adipu_msg/share/adipu_msg/environment/library_path.sh
[61.343s] -- Symlinking: /root/adipu_ws/install/adipu_msg/share/adipu_msg/environment/library_path.dsv
[61.682s] -- Symlinking: /root/adipu_ws/install/adipu_msg/include/adipu_msg/adipu_msg/msg/detail/flip__rosidl_typesupport_introspection_c.h
[62.019s] -- Symlinking: /root/adipu_ws/install/adipu_msg/include/adipu_msg/adipu_msg/msg/rosidl_typesupport_introspection_c__visibility_control.h
[62.358s] -- Symlinking: /root/adipu_ws/install/adipu_msg/include/adipu_msg/adipu_msg/msg/detail/flip__rosidl_typesupport_fastrtps_c.h
[62.696s] -- Symlinking: /root/adipu_ws/install/adipu_msg/include/adipu_msg/adipu_msg/msg/rosidl_typesupport_fastrtps_c__visibility_control.h
[63.033s] -- Symlinking: /root/adipu_ws/install/adipu_msg/include/adipu_msg/adipu_msg/msg/detail/flip__builder.hpp
[63.371s] -- Symlinking: /root/adipu_ws/install/adipu_msg/include/adipu_msg/adipu_msg/msg/detail/flip__struct.hpp
[63.710s] -- Symlinking: /root/adipu_ws/install/adipu_msg/include/adipu_msg/adipu_msg/msg/detail/flip__traits.hpp
[64.058s] -- Symlinking: /root/adipu_ws/install/adipu_msg/include/adipu_msg/adipu_msg/msg/detail/flip__type_support.hpp
[64.407s] -- Symlinking: /root/adipu_ws/install/adipu_msg/include/adipu_msg/adipu_msg/msg/flip.hpp
[64.748s] -- Symlinking: /root/adipu_ws/install/adipu_msg/include/adipu_msg/adipu_msg/msg/rosidl_generator_cpp__visibility_control.hpp
[65.081s] -- Symlinking: /root/adipu_ws/install/adipu_msg/include/adipu_msg/adipu_msg/msg/detail/flip__rosidl_typesupport_introspection_cpp.hpp
[65.421s] -- Symlinking: /root/adipu_ws/install/adipu_msg/include/adipu_msg/adipu_msg/msg/detail/flip__rosidl_typesupport_fastrtps_cpp.hpp
[65.761s] -- Symlinking: /root/adipu_ws/install/adipu_msg/include/adipu_msg/adipu_msg/msg/rosidl_typesupport_fastrtps_cpp__visibility_control.h
[66.045s] -- Symlinking: /root/adipu_ws/install/adipu_msg/share/adipu_msg/environment/pythonpath.sh
[66.329s] -- Symlinking: /root/adipu_ws/install/adipu_msg/share/adipu_msg/environment/pythonpath.dsv
[66.610s] -- Symlinking: /root/adipu_ws/install/adipu_msg/local/lib/python3.10/dist-packages/adipu_msg-0.0.0-py3.10.egg-info/PKG-INFO
[66.938s] -- Symlinking: /root/adipu_ws/install/adipu_msg/local/lib/python3.10/dist-packages/adipu_msg-0.0.0-py3.10.egg-info/SOURCES.txt
[67.291s] -- Symlinking: /root/adipu_ws/install/adipu_msg/local/lib/python3.10/dist-packages/adipu_msg-0.0.0-py3.10.egg-info/dependency_links.txt
[67.622s] -- Symlinking: /root/adipu_ws/install/adipu_msg/local/lib/python3.10/dist-packages/adipu_msg-0.0.0-py3.10.egg-info/top_level.txt
[67.941s] -- Symlinking: /root/adipu_ws/install/adipu_msg/local/lib/python3.10/dist-packages/adipu_msg/__init__.py
[68.280s] -- Symlinking: /root/adipu_ws/install/adipu_msg/local/lib/python3.10/dist-packages/adipu_msg/_adipu_msg_s.ep.rosidl_typesupport_c.c
[68.632s] -- Symlinking: /root/adipu_ws/install/adipu_msg/local/lib/python3.10/dist-packages/adipu_msg/_adipu_msg_s.ep.rosidl_typesupport_fastrtps_c.c
[68.971s] -- Symlinking: /root/adipu_ws/install/adipu_msg/local/lib/python3.10/dist-packages/adipu_msg/_adipu_msg_s.ep.rosidl_typesupport_introspection_c.c
[69.308s] -- Symlinking: /root/adipu_ws/install/adipu_msg/local/lib/python3.10/dist-packages/adipu_msg/adipu_msg_s__rosidl_typesupport_c.cpython-310-aarch64-linux-gnu.so
[69.647s] -- Symlinking: /root/adipu_ws/install/adipu_msg/local/lib/python3.10/dist-packages/adipu_msg/adipu_msg_s__rosidl_typesupport_fastrtps_c.cpython-310-aarch64-linux-gnu.so
[69.977s] -- Symlinking: /root/adipu_ws/install/adipu_msg/local/lib/python3.10/dist-packages/adipu_msg/adipu_msg_s__rosidl_typesupport_introspection_c.cpython-310-aarch64-linux-gnu.so
[70.314s] -- Symlinking: /root/adipu_ws/install/adipu_msg/local/lib/python3.10/dist-packages/adipu_msg/libadipu_msg__rosidl_generator_py.so
[70.629s] -- Symlinking: /root/adipu_ws/install/adipu_msg/local/lib/python3.10/dist-packages/adipu_msg/msg/__init__.py
[70.957s] -- Symlinking: /root/adipu_ws/install/adipu_msg/local/lib/python3.10/dist-packages/adipu_msg/msg/_flip.py
[71.283s] -- Symlinking: /root/adipu_ws/install/adipu_msg/local/lib/python3.10/dist-packages/adipu_msg/msg/_flip_s.c
[71.620s] -- Up-to-date symlink: /root/adipu_ws/install/adipu_msg/local/lib/python3.10/dist-packages/adipu_msg/adipu_msg_s__rosidl_typesupport_introspection_c.cpython-310-aarch64-linux-gnu.so
[71.621s] -- Up-to-date symlink: /root/adipu_ws/install/adipu_msg/local/lib/python3.10/dist-packages/adipu_msg/adipu_msg_s__rosidl_typesupport_fastrtps_c.cpython-310-aarch64-linux-gnu.so
[71.622s] -- Up-to-date symlink: /root/adipu_ws/install/adipu_msg/local/lib/python3.10/dist-packages/adipu_msg/adipu_msg_s__rosidl_typesupport_c.cpython-310-aarch64-linux-gnu.so
[71.623s] -- Symlinking: /root/adipu_ws/install/adipu_msg/share/adipu_msg/msg/Flip.idl
[71.956s] -- Symlinking: /root/adipu_ws/install/adipu_msg/share/adipu_msg/msg/Flip.msg
[72.292s] -- Symlinking: /root/adipu_ws/install/adipu_msg/share/ament_index/resource_index/package_run_dependencies/adipu_msg
[72.633s] -- Symlinking: /root/adipu_ws/install/adipu_msg/share/ament_index/resource_index/parent_prefix_path/adipu_msg
[72.966s] -- Symlinking: /root/adipu_ws/install/adipu_msg/share/adipu_msg/environment/ament_prefix_path.sh
[73.304s] -- Symlinking: /root/adipu_ws/install/adipu_msg/share/adipu_msg/environment/ament_prefix_path.dsv
[73.629s] -- Symlinking: /root/adipu_ws/install/adipu_msg/share/adipu_msg/environment/path.sh
[73.935s] -- Symlinking: /root/adipu_ws/install/adipu_msg/share/adipu_msg/environment/path.dsv
[74.276s] -- Symlinking: /root/adipu_ws/install/adipu_msg/share/adipu_msg/local_setup.bash
[74.620s] -- Symlinking: /root/adipu_ws/install/adipu_msg/share/adipu_msg/local_setup.sh
[74.958s] -- Symlinking: /root/adipu_ws/install/adipu_msg/share/adipu_msg/local_setup.zsh
[75.289s] -- Symlinking: /root/adipu_ws/install/adipu_msg/share/adipu_msg/local_setup.dsv
[75.628s] -- Symlinking: /root/adipu_ws/install/adipu_msg/share/adipu_msg/package.dsv
[75.973s] -- Symlinking: /root/adipu_ws/install/adipu_msg/share/ament_index/resource_index/packages/adipu_msg
[76.312s] -- Symlinking: /root/adipu_ws/install/adipu_msg/share/adipu_msg/cmake/rosidl_cmake-extras.cmake
[76.650s] -- Symlinking: /root/adipu_ws/install/adipu_msg/share/adipu_msg/cmake/ament_cmake_export_include_directories-extras.cmake
[76.991s] -- Symlinking: /root/adipu_ws/install/adipu_msg/share/adipu_msg/cmake/ament_cmake_export_libraries-extras.cmake
[77.331s] -- Symlinking: /root/adipu_ws/install/adipu_msg/share/adipu_msg/cmake/ament_cmake_export_targets-extras.cmake
[77.663s] -- Symlinking: /root/adipu_ws/install/adipu_msg/share/adipu_msg/cmake/rosidl_cmake_export_typesupport_targets-extras.cmake
[78.002s] -- Symlinking: /root/adipu_ws/install/adipu_msg/share/adipu_msg/cmake/ament_cmake_export_dependencies-extras.cmake
[78.355s] -- Symlinking: /root/adipu_ws/install/adipu_msg/share/adipu_msg/cmake/rosidl_cmake_export_typesupport_libraries-extras.cmake
[78.692s] -- Symlinking: /root/adipu_ws/install/adipu_msg/share/adipu_msg/cmake/adipu_msgConfig.cmake
[79.030s] -- Symlinking: /root/adipu_ws/install/adipu_msg/share/adipu_msg/cmake/adipu_msgConfig-version.cmake
[79.371s] -- Symlinking: /root/adipu_ws/install/adipu_msg/share/adipu_msg/package.xml
[79.714s] -- Installing: /root/adipu_ws/install/adipu_msg/lib/libadipu_msg__rosidl_generator_c.so
[79.716s] -- Set runtime path of "/root/adipu_ws/install/adipu_msg/lib/libadipu_msg__rosidl_generator_c.so" to ""
[79.716s] -- Installing: /root/adipu_ws/install/adipu_msg/lib/libadipu_msg__rosidl_typesupport_introspection_c.so
[79.719s] -- Set runtime path of "/root/adipu_ws/install/adipu_msg/lib/libadipu_msg__rosidl_typesupport_introspection_c.so" to ""
[79.719s] -- Installing: /root/adipu_ws/install/adipu_msg/lib/libadipu_msg__rosidl_typesupport_fastrtps_c.so
[79.721s] -- Set runtime path of "/root/adipu_ws/install/adipu_msg/lib/libadipu_msg__rosidl_typesupport_fastrtps_c.so" to ""
[79.721s] -- Installing: /root/adipu_ws/install/adipu_msg/lib/libadipu_msg__rosidl_typesupport_c.so
[79.723s] -- Set runtime path of "/root/adipu_ws/install/adipu_msg/lib/libadipu_msg__rosidl_typesupport_c.so" to ""
[79.723s] -- Installing: /root/adipu_ws/install/adipu_msg/lib/libadipu_msg__rosidl_typesupport_introspection_cpp.so
[79.725s] -- Set runtime path of "/root/adipu_ws/install/adipu_msg/lib/libadipu_msg__rosidl_typesupport_introspection_cpp.so" to ""
[79.726s] -- Installing: /root/adipu_ws/install/adipu_msg/lib/libadipu_msg__rosidl_typesupport_fastrtps_cpp.so
[79.727s] -- Set runtime path of "/root/adipu_ws/install/adipu_msg/lib/libadipu_msg__rosidl_typesupport_fastrtps_cpp.so" to ""
[79.728s] -- Installing: /root/adipu_ws/install/adipu_msg/lib/libadipu_msg__rosidl_typesupport_cpp.so
[79.730s] -- Set runtime path of "/root/adipu_ws/install/adipu_msg/lib/libadipu_msg__rosidl_typesupport_cpp.so" to ""
[79.979s] Listing '/root/adipu_ws/install/adipu_msg/local/lib/python3.10/dist-packages/adipu_msg'...
[79.979s] Compiling '/root/adipu_ws/install/adipu_msg/local/lib/python3.10/dist-packages/adipu_msg/__init__.py'...
[79.979s] Listing '/root/adipu_ws/install/adipu_msg/local/lib/python3.10/dist-packages/adipu_msg/msg'...
[79.979s] Compiling '/root/adipu_ws/install/adipu_msg/local/lib/python3.10/dist-packages/adipu_msg/msg/__init__.py'...
[79.980s] Compiling '/root/adipu_ws/install/adipu_msg/local/lib/python3.10/dist-packages/adipu_msg/msg/_flip.py'...
[79.980s] -- Installing: /root/adipu_ws/install/adipu_msg/lib/libadipu_msg__rosidl_generator_py.so
[79.981s] -- Set runtime path of "/root/adipu_ws/install/adipu_msg/lib/libadipu_msg__rosidl_generator_py.so" to ""
[79.981s] -- Installing: /root/adipu_ws/install/adipu_msg/share/adipu_msg/cmake/export_adipu_msg__rosidl_generator_cExport.cmake
[79.983s] -- Installing: /root/adipu_ws/install/adipu_msg/share/adipu_msg/cmake/export_adipu_msg__rosidl_generator_cExport-noconfig.cmake
[79.985s] -- Installing: /root/adipu_ws/install/adipu_msg/share/adipu_msg/cmake/adipu_msg__rosidl_typesupport_introspection_cExport.cmake
[79.987s] -- Installing: /root/adipu_ws/install/adipu_msg/share/adipu_msg/cmake/adipu_msg__rosidl_typesupport_introspection_cExport-noconfig.cmake
[79.988s] -- Installing: /root/adipu_ws/install/adipu_msg/share/adipu_msg/cmake/export_adipu_msg__rosidl_typesupport_fastrtps_cExport.cmake
[79.990s] -- Installing: /root/adipu_ws/install/adipu_msg/share/adipu_msg/cmake/export_adipu_msg__rosidl_typesupport_fastrtps_cExport-noconfig.cmake
[79.991s] -- Installing: /root/adipu_ws/install/adipu_msg/share/adipu_msg/cmake/adipu_msg__rosidl_typesupport_cExport.cmake
[79.993s] -- Installing: /root/adipu_ws/install/adipu_msg/share/adipu_msg/cmake/adipu_msg__rosidl_typesupport_cExport-noconfig.cmake
[79.994s] -- Installing: /root/adipu_ws/install/adipu_msg/share/adipu_msg/cmake/export_adipu_msg__rosidl_generator_cppExport.cmake
[79.996s] -- Installing: /root/adipu_ws/install/adipu_msg/share/adipu_msg/cmake/adipu_msg__rosidl_typesupport_introspection_cppExport.cmake
[79.997s] -- Installing: /root/adipu_ws/install/adipu_msg/share/adipu_msg/cmake/adipu_msg__rosidl_typesupport_introspection_cppExport-noconfig.cmake
[79.999s] -- Installing: /root/adipu_ws/install/adipu_msg/share/adipu_msg/cmake/export_adipu_msg__rosidl_typesupport_fastrtps_cppExport.cmake
[80.000s] -- Installing: /root/adipu_ws/install/adipu_msg/share/adipu_msg/cmake/export_adipu_msg__rosidl_typesupport_fastrtps_cppExport-noconfig.cmake
[80.002s] -- Installing: /root/adipu_ws/install/adipu_msg/share/adipu_msg/cmake/adipu_msg__rosidl_typesupport_cppExport.cmake
[80.003s] -- Installing: /root/adipu_ws/install/adipu_msg/share/adipu_msg/cmake/adipu_msg__rosidl_typesupport_cppExport-noconfig.cmake
[80.005s] -- Installing: /root/adipu_ws/install/adipu_msg/share/adipu_msg/cmake/export_adipu_msg__rosidl_generator_pyExport.cmake
[80.006s] -- Installing: /root/adipu_ws/install/adipu_msg/share/adipu_msg/cmake/export_adipu_msg__rosidl_generator_pyExport-noconfig.cmake
[80.014s] Invoked command in '/root/adipu_ws/build/adipu_msg' returned '0': CMAKE_PREFIX_PATH=${CMAKE_PREFIX_PATH}:/root/ros2_humble/install/rqt_bag_plugins:/root/ros2_humble/install/rqt_bag:/root/ros2_humble/install/launch_testing_examples:/root/ros2_humble/install/ros2bag:/root/ros2_humble/install/tracetools_test:/root/ros2_humble/install/tracetools_launch:/root/ros2_humble/install/topic_monitor:/root/ros2_humble/install/tf2_tools:/root/ros2_humble/install/examples_tf2_py:/root/ros2_humble/install/tf2_ros_py:/root/ros2_humble/install/sros2:/root/ros2_humble/install/rqt_topic:/root/ros2_humble/install/rqt_srv:/root/ros2_humble/install/rqt_shell:/root/ros2_humble/install/rqt_service_caller:/root/ros2_humble/install/rqt_reconfigure:/root/ros2_humble/install/rqt_py_console:/root/ros2_humble/install/rqt_publisher:/root/ros2_humble/install/rqt_plot:/root/ros2_humble/install/rqt_action:/root/ros2_humble/install/rqt_msg:/root/ros2_humble/install/rqt_console:/root/ros2_humble/install/rqt:/root/ros2_humble/install/rqt_graph:/root/ros2_humble/install/rqt_gui_py:/root/ros2_humble/install/rqt_gui:/root/ros2_humble/install/ros2trace:/root/ros2_humble/install/ros2topic:/root/ros2_humble/install/ros2test:/root/ros2_humble/install/ros2component:/root/ros2_humble/install/ros2param:/root/ros2_humble/install/ros2lifecycle:/root/ros2_humble/install/ros2service:/root/ros2_humble/install/ros2run:/root/ros2_humble/install/ros2launch:/root/ros2_humble/install/ros2pkg:/root/ros2_humble/install/ros2node:/root/ros2_humble/install/ros2multicast:/root/ros2_humble/install/ros2interface:/root/ros2_humble/install/ros2doctor:/root/ros2_humble/install/ros2action:/root/ros2_humble/install/ros2cli:/root/ros2_humble/install/quality_of_service_demo_py:/root/ros2_humble/install/lifecycle_py:/root/ros2_humble/install/launch_testing_ros:/root/ros2_humble/install/launch_ros:/root/ros2_humble/install/examples_rclpy_pointcloud_publisher:/root/ros2_humble/install/examples_rclpy_minimal_subscriber:/root/ros2_humble/install/examples_rclpy_minimal_service:/root/ros2_humble/install/examples_rclpy_minimal_publisher:/root/ros2_humble/install/examples_rclpy_minimal_client:/root/ros2_humble/install/examples_rclpy_minimal_action_server:/root/ros2_humble/install/examples_rclpy_minimal_action_client:/root/ros2_humble/install/examples_rclpy_guard_conditions:/root/ros2_humble/install/examples_rclpy_executors:/root/ros2_humble/install/demo_nodes_py:/root/ros2_humble/install/camera_info_manager_py:/root/ros2_humble/install/adipu_turtlesim_controller:/root/ros2_humble/install/action_tutorials_py:/root/ros2_humble/install/ament_uncrustify:/root/ros2_humble/install/tracetools_trace:/root/ros2_humble/install/tracetools_read:/root/ros2_humble/install/test_tracetools_launch:/root/ros2_humble/install/test_launch_ros:/root/ros2_humble/install/sensor_msgs_py:/root/ros2_humble/install/rpyutils:/root/ros2_humble/install/rosidl_runtime_py:/root/ros2_humble/install/rosidl_cli:/root/ros2_humble/install/launch_pytest:/root/ros2_humble/install/launch_testing:/root/ros2_humble/install/launch_yaml:/root/ros2_humble/install/launch_xml:/root/ros2_humble/install/launch:/root/ros2_humble/install/osrf_pycommon:/root/ros2_humble/install/domain_coordinator:/root/ros2_humble/install/ament_xmllint:/root/ros2_humble/install/ament_pyflakes:/root/ros2_humble/install/ament_pycodestyle:/root/ros2_humble/install/ament_pep257:/root/ros2_humble/install/ament_pclint:/root/ros2_humble/install/ament_package:/root/ros2_humble/install/ament_mypy:/root/ros2_humble/install/ament_lint_cmake:/root/ros2_humble/install/ament_flake8:/root/ros2_humble/install/ament_copyright:/root/ros2_humble/install/ament_lint:/root/ros2_humble/install/ament_index_python:/root/ros2_humble/install/ament_cpplint:/root/ros2_humble/install/ament_cppcheck:/root/ros2_humble/install/ament_clang_tidy:/root/ros2_humble/install/ament_clang_format /usr/bin/cmake --install /root/adipu_ws/build/adipu_msg
