[0.248s] DEBUG:colcon:Command line arguments: ['/usr/bin/colcon', 'build', '--symlink-install']
[0.248s] DEBUG:colcon:Parsed command line arguments: Namespace(log_base=None, log_level=None, verb_name='build', build_base='build', install_base='install', merge_install=False, symlink_install=True, test_result_base=None, continue_on_error=False, executor='parallel', parallel_workers=8, event_handlers=None, ignore_user_meta=False, metas=['./colcon.meta'], base_paths=['.'], packages_ignore=None, packages_ignore_regex=None, paths=None, packages_up_to=None, packages_up_to_regex=None, packages_above=None, packages_above_and_dependencies=None, packages_above_depth=None, packages_select_by_dep=None, packages_skip_by_dep=None, packages_skip_up_to=None, packages_select_build_failed=False, packages_skip_build_finished=False, packages_select_test_failures=False, packages_skip_test_passed=False, packages_select=None, packages_skip=None, packages_select_regex=None, packages_skip_regex=None, packages_start=None, packages_end=None, allow_overriding=[], cmake_args=None, cmake_target=None, cmake_target_skip_unavailable=False, cmake_clean_cache=False, cmake_clean_first=False, cmake_force_configure=False, ament_cmake_args=None, catkin_cmake_args=None, catkin_skip_building_tests=False, mixin_files=None, mixin=None, verb_parser=<colcon_mixin.mixin.mixin_argument.MixinArgumentDecorator object at 0xffff99ce42b0>, verb_extension=<colcon_core.verb.build.BuildVerb object at 0xffff99cb38b0>, main=<bound method BuildVerb.main of <colcon_core.verb.build.BuildVerb object at 0xffff99cb38b0>>, mixin_verb=('build',))
[0.694s] Level 1:colcon.colcon_core.package_discovery:discover_packages(colcon_meta) check parameters
[0.695s] Level 1:colcon.colcon_core.package_discovery:discover_packages(recursive) check parameters
[0.695s] Level 1:colcon.colcon_core.package_discovery:discover_packages(ignore) check parameters
[0.695s] Level 1:colcon.colcon_core.package_discovery:discover_packages(path) check parameters
[0.695s] Level 1:colcon.colcon_core.package_discovery:discover_packages(colcon_meta) discover
[0.695s] Level 1:colcon.colcon_core.package_discovery:discover_packages(recursive) discover
[0.695s] INFO:colcon.colcon_core.package_discovery:Crawling recursively for packages in '/root/adipu_ws'
[0.696s] Level 1:colcon.colcon_core.package_identification:_identify(.) by extensions ['ignore', 'ignore_ament_install']
[0.696s] Level 1:colcon.colcon_core.package_identification:_identify(.) by extension 'ignore'
[0.696s] Level 1:colcon.colcon_core.package_identification:_identify(.) by extension 'ignore_ament_install'
[0.696s] Level 1:colcon.colcon_core.package_identification:_identify(.) by extensions ['colcon_pkg']
[0.696s] Level 1:colcon.colcon_core.package_identification:_identify(.) by extension 'colcon_pkg'
[0.696s] Level 1:colcon.colcon_core.package_identification:_identify(.) by extensions ['colcon_meta']
[0.697s] Level 1:colcon.colcon_core.package_identification:_identify(.) by extension 'colcon_meta'
[0.697s] Level 1:colcon.colcon_core.package_identification:_identify(.) by extensions ['ros']
[0.697s] Level 1:colcon.colcon_core.package_identification:_identify(.) by extension 'ros'
[0.705s] Level 1:colcon.colcon_core.package_identification:_identify(.) by extensions ['cmake', 'python']
[0.705s] Level 1:colcon.colcon_core.package_identification:_identify(.) by extension 'cmake'
[0.705s] Level 1:colcon.colcon_core.package_identification:_identify(.) by extension 'python'
[0.705s] Level 1:colcon.colcon_core.package_identification:_identify(.) by extensions ['python_setup_py']
[0.705s] Level 1:colcon.colcon_core.package_identification:_identify(.) by extension 'python_setup_py'
[0.706s] Level 1:colcon.colcon_core.package_identification:_identify(build) by extensions ['ignore', 'ignore_ament_install']
[0.706s] Level 1:colcon.colcon_core.package_identification:_identify(build) by extension 'ignore'
[0.706s] Level 1:colcon.colcon_core.package_identification:_identify(build) ignored
[0.707s] Level 1:colcon.colcon_core.package_identification:_identify(install) by extensions ['ignore', 'ignore_ament_install']
[0.707s] Level 1:colcon.colcon_core.package_identification:_identify(install) by extension 'ignore'
[0.707s] Level 1:colcon.colcon_core.package_identification:_identify(install) ignored
[0.708s] Level 1:colcon.colcon_core.package_identification:_identify(log) by extensions ['ignore', 'ignore_ament_install']
[0.708s] Level 1:colcon.colcon_core.package_identification:_identify(log) by extension 'ignore'
[0.708s] Level 1:colcon.colcon_core.package_identification:_identify(log) ignored
[0.709s] Level 1:colcon.colcon_core.package_identification:_identify(src) by extensions ['ignore', 'ignore_ament_install']
[0.709s] Level 1:colcon.colcon_core.package_identification:_identify(src) by extension 'ignore'
[0.709s] Level 1:colcon.colcon_core.package_identification:_identify(src) by extension 'ignore_ament_install'
[0.709s] Level 1:colcon.colcon_core.package_identification:_identify(src) by extensions ['colcon_pkg']
[0.709s] Level 1:colcon.colcon_core.package_identification:_identify(src) by extension 'colcon_pkg'
[0.709s] Level 1:colcon.colcon_core.package_identification:_identify(src) by extensions ['colcon_meta']
[0.710s] Level 1:colcon.colcon_core.package_identification:_identify(src) by extension 'colcon_meta'
[0.710s] Level 1:colcon.colcon_core.package_identification:_identify(src) by extensions ['ros']
[0.710s] Level 1:colcon.colcon_core.package_identification:_identify(src) by extension 'ros'
[0.710s] Level 1:colcon.colcon_core.package_identification:_identify(src) by extensions ['cmake', 'python']
[0.710s] Level 1:colcon.colcon_core.package_identification:_identify(src) by extension 'cmake'
[0.710s] Level 1:colcon.colcon_core.package_identification:_identify(src) by extension 'python'
[0.710s] Level 1:colcon.colcon_core.package_identification:_identify(src) by extensions ['python_setup_py']
[0.710s] Level 1:colcon.colcon_core.package_identification:_identify(src) by extension 'python_setup_py'
[0.711s] Level 1:colcon.colcon_core.package_identification:_identify(src/adipu_turtlesim_controller) by extensions ['ignore', 'ignore_ament_install']
[0.712s] Level 1:colcon.colcon_core.package_identification:_identify(src/adipu_turtlesim_controller) by extension 'ignore'
[0.712s] Level 1:colcon.colcon_core.package_identification:_identify(src/adipu_turtlesim_controller) by extension 'ignore_ament_install'
[0.712s] Level 1:colcon.colcon_core.package_identification:_identify(src/adipu_turtlesim_controller) by extensions ['colcon_pkg']
[0.712s] Level 1:colcon.colcon_core.package_identification:_identify(src/adipu_turtlesim_controller) by extension 'colcon_pkg'
[0.712s] Level 1:colcon.colcon_core.package_identification:_identify(src/adipu_turtlesim_controller) by extensions ['colcon_meta']
[0.712s] Level 1:colcon.colcon_core.package_identification:_identify(src/adipu_turtlesim_controller) by extension 'colcon_meta'
[0.712s] Level 1:colcon.colcon_core.package_identification:_identify(src/adipu_turtlesim_controller) by extensions ['ros']
[0.712s] Level 1:colcon.colcon_core.package_identification:_identify(src/adipu_turtlesim_controller) by extension 'ros'
[0.714s] DEBUG:colcon.colcon_core.package_identification:Package 'src/adipu_turtlesim_controller' with type 'ros.ament_python' and name 'adipu_turtlesim_controller'
[0.714s] Level 1:colcon.colcon_core.package_discovery:discover_packages(recursive) using defaults
[0.714s] Level 1:colcon.colcon_core.package_discovery:discover_packages(ignore) discover
[0.714s] Level 1:colcon.colcon_core.package_discovery:discover_packages(ignore) using defaults
[0.714s] Level 1:colcon.colcon_core.package_discovery:discover_packages(path) discover
[0.714s] Level 1:colcon.colcon_core.package_discovery:discover_packages(path) using defaults
[0.744s] Level 1:colcon.colcon_core.package_discovery:discover_packages(prefix_path) check parameters
[0.744s] Level 1:colcon.colcon_core.package_discovery:discover_packages(prefix_path) discover
[0.905s] DEBUG:colcon.colcon_installed_package_information.package_discovery:Found 1 installed packages in /root/adipu_ws/install
[1.006s] DEBUG:colcon.colcon_installed_package_information.package_discovery:Found 347 installed packages in /root/ros2_humble/install
[1.007s] Level 1:colcon.colcon_core.package_discovery:discover_packages(prefix_path) using defaults
[1.224s] Level 5:colcon.colcon_core.verb:set package 'adipu_turtlesim_controller' build argument 'cmake_args' from command line to 'None'
[1.225s] Level 5:colcon.colcon_core.verb:set package 'adipu_turtlesim_controller' build argument 'cmake_target' from command line to 'None'
[1.225s] Level 5:colcon.colcon_core.verb:set package 'adipu_turtlesim_controller' build argument 'cmake_target_skip_unavailable' from command line to 'False'
[1.225s] Level 5:colcon.colcon_core.verb:set package 'adipu_turtlesim_controller' build argument 'cmake_clean_cache' from command line to 'False'
[1.225s] Level 5:colcon.colcon_core.verb:set package 'adipu_turtlesim_controller' build argument 'cmake_clean_first' from command line to 'False'
[1.225s] Level 5:colcon.colcon_core.verb:set package 'adipu_turtlesim_controller' build argument 'cmake_force_configure' from command line to 'False'
[1.225s] Level 5:colcon.colcon_core.verb:set package 'adipu_turtlesim_controller' build argument 'ament_cmake_args' from command line to 'None'
[1.225s] Level 5:colcon.colcon_core.verb:set package 'adipu_turtlesim_controller' build argument 'catkin_cmake_args' from command line to 'None'
[1.225s] Level 5:colcon.colcon_core.verb:set package 'adipu_turtlesim_controller' build argument 'catkin_skip_building_tests' from command line to 'False'
[1.225s] DEBUG:colcon.colcon_core.verb:Building package 'adipu_turtlesim_controller' with the following arguments: {'ament_cmake_args': None, 'build_base': '/root/adipu_ws/build/adipu_turtlesim_controller', 'catkin_cmake_args': None, 'catkin_skip_building_tests': False, 'cmake_args': None, 'cmake_clean_cache': False, 'cmake_clean_first': False, 'cmake_force_configure': False, 'cmake_target': None, 'cmake_target_skip_unavailable': False, 'install_base': '/root/adipu_ws/install/adipu_turtlesim_controller', 'merge_install': False, 'path': '/root/adipu_ws/src/adipu_turtlesim_controller', 'symlink_install': True, 'test_result_base': None}
[1.225s] INFO:colcon.colcon_core.executor:Executing jobs using 'parallel' executor
[1.226s] DEBUG:colcon.colcon_parallel_executor.executor.parallel:run_until_complete
[1.226s] INFO:colcon.colcon_ros.task.ament_python.build:Building ROS package in '/root/adipu_ws/src/adipu_turtlesim_controller' with build type 'ament_python'
[1.226s] Level 1:colcon.colcon_core.shell:create_environment_hook('adipu_turtlesim_controller', 'ament_prefix_path')
[1.229s] INFO:colcon.colcon_core.plugin_system:Skipping extension 'colcon_core.shell.bat': Not used on non-Windows systems
[1.229s] INFO:colcon.colcon_core.shell:Creating environment hook '/root/adipu_ws/install/adipu_turtlesim_controller/share/adipu_turtlesim_controller/hook/ament_prefix_path.ps1'
[1.230s] INFO:colcon.colcon_core.shell:Creating environment descriptor '/root/adipu_ws/install/adipu_turtlesim_controller/share/adipu_turtlesim_controller/hook/ament_prefix_path.dsv'
[1.231s] INFO:colcon.colcon_core.shell:Creating environment hook '/root/adipu_ws/install/adipu_turtlesim_controller/share/adipu_turtlesim_controller/hook/ament_prefix_path.sh'
[1.232s] INFO:colcon.colcon_core.shell:Skip shell extension 'powershell' for command environment: Not usable outside of PowerShell
[1.232s] DEBUG:colcon.colcon_core.shell:Skip shell extension 'dsv' for command environment
[2.263s] INFO:colcon.colcon_core.task.python.build:Building Python package in '/root/adipu_ws/src/adipu_turtlesim_controller'
[2.264s] INFO:colcon.colcon_core.shell:Skip shell extension 'powershell' for command environment: Not usable outside of PowerShell
[2.264s] DEBUG:colcon.colcon_core.shell:Skip shell extension 'dsv' for command environment
[3.386s] DEBUG:colcon.colcon_core.event_handler.log_command:Invoking command in '/root/adipu_ws/build/adipu_turtlesim_controller': PYTHONPATH=/root/adipu_ws/build/adipu_turtlesim_controller/prefix_override:/usr/lib/python3/dist-packages/colcon_core/task/python/colcon_distutils_commands:/root/adipu_ws/install/adipu_turtlesim_controller/lib/python3.10/site-packages:${PYTHONPATH} /usr/bin/python3 -W ignore:setup.py install is deprecated -W ignore:easy_install command is deprecated setup.py develop --editable --build-directory /root/adipu_ws/build/adipu_turtlesim_controller/build --no-deps symlink_data
[4.802s] Level 1:colcon.colcon_core.shell:create_environment_hook('adipu_turtlesim_controller', 'pythonpath_develop')
[4.802s] INFO:colcon.colcon_core.shell:Creating environment hook '/root/adipu_ws/build/adipu_turtlesim_controller/share/adipu_turtlesim_controller/hook/pythonpath_develop.ps1'
[4.803s] DEBUG:colcon.colcon_core.event_handler.log_command:Invoked command in '/root/adipu_ws/build/adipu_turtlesim_controller' returned '0': PYTHONPATH=/root/adipu_ws/build/adipu_turtlesim_controller/prefix_override:/usr/lib/python3/dist-packages/colcon_core/task/python/colcon_distutils_commands:/root/adipu_ws/install/adipu_turtlesim_controller/lib/python3.10/site-packages:${PYTHONPATH} /usr/bin/python3 -W ignore:setup.py install is deprecated -W ignore:easy_install command is deprecated setup.py develop --editable --build-directory /root/adipu_ws/build/adipu_turtlesim_controller/build --no-deps symlink_data
[4.804s] INFO:colcon.colcon_core.shell:Creating environment descriptor '/root/adipu_ws/build/adipu_turtlesim_controller/share/adipu_turtlesim_controller/hook/pythonpath_develop.dsv'
[4.804s] INFO:colcon.colcon_core.shell:Creating environment hook '/root/adipu_ws/build/adipu_turtlesim_controller/share/adipu_turtlesim_controller/hook/pythonpath_develop.sh'
[4.808s] Level 1:colcon.colcon_core.environment:checking '/root/adipu_ws/install/adipu_turtlesim_controller' for CMake module files
[4.809s] Level 1:colcon.colcon_core.environment:checking '/root/adipu_ws/install/adipu_turtlesim_controller' for CMake config files
[4.811s] Level 1:colcon.colcon_core.environment:checking '/root/adipu_ws/install/adipu_turtlesim_controller/lib'
[4.811s] Level 1:colcon.colcon_core.environment:checking '/root/adipu_ws/install/adipu_turtlesim_controller/bin'
[4.812s] Level 1:colcon.colcon_core.environment:checking '/root/adipu_ws/install/adipu_turtlesim_controller/lib/pkgconfig/adipu_turtlesim_controller.pc'
[4.812s] Level 1:colcon.colcon_core.environment:checking '/root/adipu_ws/install/adipu_turtlesim_controller/lib/python3.10/site-packages'
[4.812s] Level 1:colcon.colcon_core.shell:create_environment_hook('adipu_turtlesim_controller', 'pythonpath')
[4.812s] INFO:colcon.colcon_core.shell:Creating environment hook '/root/adipu_ws/install/adipu_turtlesim_controller/share/adipu_turtlesim_controller/hook/pythonpath.ps1'
[4.812s] INFO:colcon.colcon_core.shell:Creating environment descriptor '/root/adipu_ws/install/adipu_turtlesim_controller/share/adipu_turtlesim_controller/hook/pythonpath.dsv'
[4.813s] INFO:colcon.colcon_core.shell:Creating environment hook '/root/adipu_ws/install/adipu_turtlesim_controller/share/adipu_turtlesim_controller/hook/pythonpath.sh'
[4.813s] Level 1:colcon.colcon_core.environment:checking '/root/adipu_ws/install/adipu_turtlesim_controller/bin'
[4.813s] Level 1:colcon.colcon_core.environment:create_environment_scripts_only(adipu_turtlesim_controller)
[4.814s] INFO:colcon.colcon_core.shell:Creating package script '/root/adipu_ws/install/adipu_turtlesim_controller/share/adipu_turtlesim_controller/package.ps1'
[4.814s] INFO:colcon.colcon_core.shell:Creating package descriptor '/root/adipu_ws/install/adipu_turtlesim_controller/share/adipu_turtlesim_controller/package.dsv'
[4.815s] INFO:colcon.colcon_core.shell:Creating package script '/root/adipu_ws/install/adipu_turtlesim_controller/share/adipu_turtlesim_controller/package.sh'
[4.815s] INFO:colcon.colcon_core.shell:Creating package script '/root/adipu_ws/install/adipu_turtlesim_controller/share/adipu_turtlesim_controller/package.bash'
[4.816s] INFO:colcon.colcon_core.shell:Creating package script '/root/adipu_ws/install/adipu_turtlesim_controller/share/adipu_turtlesim_controller/package.zsh'
[4.817s] Level 1:colcon.colcon_core.environment:create_file_with_runtime_dependencies(/root/adipu_ws/install/adipu_turtlesim_controller/share/colcon-core/packages/adipu_turtlesim_controller)
[4.817s] DEBUG:colcon.colcon_parallel_executor.executor.parallel:closing loop
[4.817s] DEBUG:colcon.colcon_parallel_executor.executor.parallel:loop closed
[4.817s] DEBUG:colcon.colcon_parallel_executor.executor.parallel:run_until_complete finished with '0'
[4.817s] DEBUG:colcon.colcon_core.event_reactor:joining thread
[4.846s] INFO:colcon.colcon_core.plugin_system:Skipping extension 'colcon_notification.desktop_notification.notify_send': Could not find 'notify-send'
[4.846s] INFO:colcon.colcon_core.plugin_system:Skipping extension 'colcon_notification.desktop_notification.terminal_notifier': Not used on non-Darwin systems
[4.846s] INFO:colcon.colcon_core.plugin_system:Skipping extension 'colcon_notification.desktop_notification.win32': Not used on non-Windows systems
[4.846s] INFO:colcon.colcon_notification.desktop_notification:Sending desktop notification using 'notify2'
[4.848s] DEBUG:colcon.colcon_notification.desktop_notification.notify2:Failed to initialize notify2: org.freedesktop.DBus.Error.Spawn.ExecFailed: /usr/bin/dbus-launch terminated abnormally without any error message
[4.848s] DEBUG:colcon.colcon_core.event_reactor:joined thread
[4.849s] INFO:colcon.colcon_core.shell:Creating prefix script '/root/adipu_ws/install/local_setup.ps1'
[4.850s] INFO:colcon.colcon_core.shell:Creating prefix util module '/root/adipu_ws/install/_local_setup_util_ps1.py'
[4.852s] INFO:colcon.colcon_core.shell:Creating prefix chain script '/root/adipu_ws/install/setup.ps1'
[4.960s] INFO:colcon.colcon_core.shell:Creating prefix script '/root/adipu_ws/install/local_setup.sh'
[4.961s] INFO:colcon.colcon_core.shell:Creating prefix util module '/root/adipu_ws/install/_local_setup_util_sh.py'
[4.962s] INFO:colcon.colcon_core.shell:Creating prefix chain script '/root/adipu_ws/install/setup.sh'
[5.069s] INFO:colcon.colcon_core.shell:Creating prefix script '/root/adipu_ws/install/local_setup.bash'
[5.070s] INFO:colcon.colcon_core.shell:Creating prefix chain script '/root/adipu_ws/install/setup.bash'
[5.183s] INFO:colcon.colcon_core.shell:Creating prefix script '/root/adipu_ws/install/local_setup.zsh'
[5.184s] INFO:colcon.colcon_core.shell:Creating prefix chain script '/root/adipu_ws/install/setup.zsh'
