[1.889s] Invoking command in '/root/adipu_ws/build/adipu_turtlesim_controller': PYTHONPATH=/root/adipu_ws/build/adipu_turtlesim_controller/prefix_override:/usr/lib/python3/dist-packages/colcon_core/task/python/colcon_distutils_commands:/root/adipu_ws/install/adipu_turtlesim_controller/lib/python3.10/site-packages:${PYTHONPATH} /usr/bin/python3 -W ignore:setup.py install is deprecated -W ignore:easy_install command is deprecated setup.py develop --editable --build-directory /root/adipu_ws/build/adipu_turtlesim_controller/build --no-deps symlink_data
[2.545s] running develop
[3.116s] running egg_info
[3.117s] writing adipu_turtlesim_controller.egg-info/PKG-INFO
[3.117s] writing dependency_links to adipu_turtlesim_controller.egg-info/dependency_links.txt
[3.117s] writing entry points to adipu_turtlesim_controller.egg-info/entry_points.txt
[3.118s] writing requirements to adipu_turtlesim_controller.egg-info/requires.txt
[3.118s] writing top-level names to adipu_turtlesim_controller.egg-info/top_level.txt
[3.120s] reading manifest file 'adipu_turtlesim_controller.egg-info/SOURCES.txt'
[3.122s] writing manifest file 'adipu_turtlesim_controller.egg-info/SOURCES.txt'
[3.124s] running build_ext
[3.124s] Creating /root/adipu_ws/install/adipu_turtlesim_controller/lib/python3.10/site-packages/adipu-turtlesim-controller.egg-link (link to .)
[3.126s] Installing chaser_flipper_node script to /root/adipu_ws/install/adipu_turtlesim_controller/lib/adipu_turtlesim_controller
[3.126s] Installing chaser_node script to /root/adipu_ws/install/adipu_turtlesim_controller/lib/adipu_turtlesim_controller
[3.127s] Installing mouse_follow_node script to /root/adipu_ws/install/adipu_turtlesim_controller/lib/adipu_turtlesim_controller
[3.128s] 
[3.128s] Installed /root/adipu_ws/build/adipu_turtlesim_controller
[3.128s] running symlink_data
[3.134s] error: can't copy '/root/adipu_ws/build/adipu_turtlesim_controller/msg/Flip.msg': doesn't exist or not a regular file
[3.143s] Invoked command in '/root/adipu_ws/build/adipu_turtlesim_controller' returned '1': PYTHONPATH=/root/adipu_ws/build/adipu_turtlesim_controller/prefix_override:/usr/lib/python3/dist-packages/colcon_core/task/python/colcon_distutils_commands:/root/adipu_ws/install/adipu_turtlesim_controller/lib/python3.10/site-packages:${PYTHONPATH} /usr/bin/python3 -W ignore:setup.py install is deprecated -W ignore:easy_install command is deprecated setup.py develop --editable --build-directory /root/adipu_ws/build/adipu_turtlesim_controller/build --no-deps symlink_data
