-- The C compiler identification is GNU 11.4.0
-- The CXX compiler identification is GNU 11.4.0
-- Detecting C compiler ABI info
-- Detecting C compiler ABI info - done
-- Check for working C compiler: /usr/bin/cc - skipped
-- Detecting C compile features
-- Detecting C compile features - done
-- Detecting CXX compiler ABI info
-- Detecting CXX compiler ABI info - done
-- Check for working CXX compiler: /usr/bin/c++ - skipped
-- Detecting CXX compile features
-- Detecting CXX compile features - done
-- Found rosidl_default_generators: 1.2.0 (/root/ros2_humble/install/rosidl_default_generators/share/rosidl_default_generators/cmake)
-- Found ament_cmake_core: 1.3.11 (/root/ros2_humble/install/ament_cmake_core/share/ament_cmake_core/cmake)
-- Found Python3: /usr/bin/python3 (found version "3.10.12") found components: Interpreter 
-- Override CMake install command with custom implementation using symlinks instead of copying resources
-- Using all available rosidl_typesupport_c: rosidl_typesupport_introspection_c;rosidl_typesupport_fastrtps_c
-- Found rosidl_adapter: 3.1.6 (/root/ros2_humble/install/rosidl_adapter/share/rosidl_adapter/cmake)
-- Using all available rosidl_typesupport_cpp: rosidl_typesupport_introspection_cpp;rosidl_typesupport_fastrtps_cpp
-- Found ament_cmake_ros: 0.10.0 (/root/ros2_humble/install/ament_cmake_ros/share/ament_cmake_ros/cmake)
-- Using all available rosidl_typesupport_c: rosidl_typesupport_introspection_c;rosidl_typesupport_fastrtps_c
-- Using all available rosidl_typesupport_cpp: rosidl_typesupport_introspection_cpp;rosidl_typesupport_fastrtps_cpp
-- Found PythonInterp: /usr/bin/python3 (found suitable version "3.10.12", minimum required is "3.6") 
-- Found python_cmake_module: 0.10.0 (/root/ros2_humble/install/python_cmake_module/share/python_cmake_module/cmake)
-- Found PythonLibs: /usr/lib/aarch64-linux-gnu/libpython3.10.so (found suitable version "3.10.12", minimum required is "3.5") 
-- Using PYTHON_EXECUTABLE: /usr/bin/python3
-- Using PYTHON_INCLUDE_DIRS: /usr/include/python3.10
-- Using PYTHON_LIBRARIES: /usr/lib/aarch64-linux-gnu/libpython3.10.so
-- Found PythonExtra: .so  
[31mCMake Error at /root/ros2_humble/install/ament_cmake_python/share/ament_cmake_python/cmake/ament_python_install_package.cmake:106 (add_custom_target):
  add_custom_target cannot create target
  "ament_cmake_python_symlink_adipu_turtlesim_controller" because another
  target with the same name already exists.  The existing target is a custom
  target created in source directory
  "/root/adipu_ws/src/adipu_turtlesim_controller".  See documentation for
  policy CMP0002 for more details.
Call Stack (most recent call first):
  /root/ros2_humble/install/ament_cmake_python/share/ament_cmake_python/cmake/ament_python_install_package.cmake:39 (_ament_cmake_python_install_package)
  CMakeLists.txt:18 (ament_python_install_package)

[0m
[31mCMake Error at /root/ros2_humble/install/ament_cmake_python/share/ament_cmake_python/cmake/ament_python_install_package.cmake:141 (add_custom_target):
  add_custom_target cannot create target
  "ament_cmake_python_build_adipu_turtlesim_controller_egg" because another
  target with the same name already exists.  The existing target is a custom
  target created in source directory
  "/root/adipu_ws/src/adipu_turtlesim_controller".  See documentation for
  policy CMP0002 for more details.
Call Stack (most recent call first):
  /root/ros2_humble/install/ament_cmake_python/share/ament_cmake_python/cmake/ament_python_install_package.cmake:39 (_ament_cmake_python_install_package)
  CMakeLists.txt:18 (ament_python_install_package)

[0m
-- Configuring incomplete, errors occurred!
See also "/root/adipu_ws/build/adipu_turtlesim_controller/CMakeFiles/CMakeOutput.log".
