[2.070s] Invoking command in '/root/adipu_ws/build/adipu_turtlesim_controller': PYTHONPATH=/root/adipu_ws/build/adipu_turtlesim_controller/prefix_override:/usr/lib/python3/dist-packages/colcon_core/task/python/colcon_distutils_commands:/root/adipu_ws/install/adipu_turtlesim_controller/lib/python3.10/site-packages:${PYTHONPATH} /usr/bin/python3 -W ignore:setup.py install is deprecated -W ignore:easy_install command is deprecated setup.py develop --editable --build-directory /root/adipu_ws/build/adipu_turtlesim_controller/build --no-deps symlink_data
[2.775s] running develop
[3.447s] running egg_info
[3.447s] writing adipu_turtlesim_controller.egg-info/PKG-INFO
[3.447s] writing dependency_links to adipu_turtlesim_controller.egg-info/dependency_links.txt
[3.447s] writing entry points to adipu_turtlesim_controller.egg-info/entry_points.txt
[3.448s] writing requirements to adipu_turtlesim_controller.egg-info/requires.txt
[3.448s] writing top-level names to adipu_turtlesim_controller.egg-info/top_level.txt
[3.451s] reading manifest file 'adipu_turtlesim_controller.egg-info/SOURCES.txt'
[3.453s] writing manifest file 'adipu_turtlesim_controller.egg-info/SOURCES.txt'
[3.456s] running build_ext
[3.456s] Creating /root/adipu_ws/install/adipu_turtlesim_controller/lib/python3.10/site-packages/adipu-turtlesim-controller.egg-link (link to .)
[3.457s] Installing chaser_flipper_node script to /root/adipu_ws/install/adipu_turtlesim_controller/lib/adipu_turtlesim_controller
[3.458s] Installing chaser_node script to /root/adipu_ws/install/adipu_turtlesim_controller/lib/adipu_turtlesim_controller
[3.459s] Installing mouse_follow_node script to /root/adipu_ws/install/adipu_turtlesim_controller/lib/adipu_turtlesim_controller
[3.460s] 
[3.460s] Installed /root/adipu_ws/build/adipu_turtlesim_controller
[3.461s] running symlink_data
[3.461s] creating /root/adipu_ws/install/adipu_turtlesim_controller/share/adipu_turtlesim_controller/msg
[3.462s] symbolically linking /root/adipu_ws/build/adipu_turtlesim_controller/msg/Flip.msg -> /root/adipu_ws/install/adipu_turtlesim_controller/share/adipu_turtlesim_controller/msg
[3.475s] Invoked command in '/root/adipu_ws/build/adipu_turtlesim_controller' returned '0': PYTHONPATH=/root/adipu_ws/build/adipu_turtlesim_controller/prefix_override:/usr/lib/python3/dist-packages/colcon_core/task/python/colcon_distutils_commands:/root/adipu_ws/install/adipu_turtlesim_controller/lib/python3.10/site-packages:${PYTHONPATH} /usr/bin/python3 -W ignore:setup.py install is deprecated -W ignore:easy_install command is deprecated setup.py develop --editable --build-directory /root/adipu_ws/build/adipu_turtlesim_controller/build --no-deps symlink_data
