[0.230s] DEBUG:colcon:Command line arguments: ['/usr/bin/colcon', 'build', '--symlink-install']
[0.230s] DEBUG:colcon:Parsed command line arguments: Namespace(log_base=None, log_level=None, verb_name='build', build_base='build', install_base='install', merge_install=False, symlink_install=True, test_result_base=None, continue_on_error=False, executor='parallel', parallel_workers=8, event_handlers=None, ignore_user_meta=False, metas=['./colcon.meta'], base_paths=['.'], packages_ignore=None, packages_ignore_regex=None, paths=None, packages_up_to=None, packages_up_to_regex=None, packages_above=None, packages_above_and_dependencies=None, packages_above_depth=None, packages_select_by_dep=None, packages_skip_by_dep=None, packages_skip_up_to=None, packages_select_build_failed=False, packages_skip_build_finished=False, packages_select_test_failures=False, packages_skip_test_passed=False, packages_select=None, packages_skip=None, packages_select_regex=None, packages_skip_regex=None, packages_start=None, packages_end=None, allow_overriding=[], cmake_args=None, cmake_target=None, cmake_target_skip_unavailable=False, cmake_clean_cache=False, cmake_clean_first=False, cmake_force_configure=False, ament_cmake_args=None, catkin_cmake_args=None, catkin_skip_building_tests=False, mixin_files=None, mixin=None, verb_parser=<colcon_mixin.mixin.mixin_argument.MixinArgumentDecorator object at 0xffff825642b0>, verb_extension=<colcon_core.verb.build.BuildVerb object at 0xffff825338b0>, main=<bound method BuildVerb.main of <colcon_core.verb.build.BuildVerb object at 0xffff825338b0>>, mixin_verb=('build',))
[0.534s] Level 1:colcon.colcon_core.package_discovery:discover_packages(colcon_meta) check parameters
[0.534s] Level 1:colcon.colcon_core.package_discovery:discover_packages(recursive) check parameters
[0.534s] Level 1:colcon.colcon_core.package_discovery:discover_packages(ignore) check parameters
[0.534s] Level 1:colcon.colcon_core.package_discovery:discover_packages(path) check parameters
[0.534s] Level 1:colcon.colcon_core.package_discovery:discover_packages(colcon_meta) discover
[0.534s] Level 1:colcon.colcon_core.package_discovery:discover_packages(recursive) discover
[0.534s] INFO:colcon.colcon_core.package_discovery:Crawling recursively for packages in '/root/adipu_ws'
[0.534s] Level 1:colcon.colcon_core.package_identification:_identify(.) by extensions ['ignore', 'ignore_ament_install']
[0.535s] Level 1:colcon.colcon_core.package_identification:_identify(.) by extension 'ignore'
[0.535s] Level 1:colcon.colcon_core.package_identification:_identify(.) by extension 'ignore_ament_install'
[0.535s] Level 1:colcon.colcon_core.package_identification:_identify(.) by extensions ['colcon_pkg']
[0.535s] Level 1:colcon.colcon_core.package_identification:_identify(.) by extension 'colcon_pkg'
[0.535s] Level 1:colcon.colcon_core.package_identification:_identify(.) by extensions ['colcon_meta']
[0.535s] Level 1:colcon.colcon_core.package_identification:_identify(.) by extension 'colcon_meta'
[0.535s] Level 1:colcon.colcon_core.package_identification:_identify(.) by extensions ['ros']
[0.535s] Level 1:colcon.colcon_core.package_identification:_identify(.) by extension 'ros'
[0.543s] Level 1:colcon.colcon_core.package_identification:_identify(.) by extensions ['cmake', 'python']
[0.543s] Level 1:colcon.colcon_core.package_identification:_identify(.) by extension 'cmake'
[0.544s] Level 1:colcon.colcon_core.package_identification:_identify(.) by extension 'python'
[0.544s] Level 1:colcon.colcon_core.package_identification:_identify(.) by extensions ['python_setup_py']
[0.544s] Level 1:colcon.colcon_core.package_identification:_identify(.) by extension 'python_setup_py'
[0.545s] Level 1:colcon.colcon_core.package_identification:_identify(build) by extensions ['ignore', 'ignore_ament_install']
[0.545s] Level 1:colcon.colcon_core.package_identification:_identify(build) by extension 'ignore'
[0.545s] Level 1:colcon.colcon_core.package_identification:_identify(build) ignored
[0.545s] Level 1:colcon.colcon_core.package_identification:_identify(install) by extensions ['ignore', 'ignore_ament_install']
[0.545s] Level 1:colcon.colcon_core.package_identification:_identify(install) by extension 'ignore'
[0.545s] Level 1:colcon.colcon_core.package_identification:_identify(install) ignored
[0.546s] Level 1:colcon.colcon_core.package_identification:_identify(log) by extensions ['ignore', 'ignore_ament_install']
[0.546s] Level 1:colcon.colcon_core.package_identification:_identify(log) by extension 'ignore'
[0.546s] Level 1:colcon.colcon_core.package_identification:_identify(log) ignored
[0.546s] Level 1:colcon.colcon_core.package_identification:_identify(src) by extensions ['ignore', 'ignore_ament_install']
[0.546s] Level 1:colcon.colcon_core.package_identification:_identify(src) by extension 'ignore'
[0.547s] Level 1:colcon.colcon_core.package_identification:_identify(src) by extension 'ignore_ament_install'
[0.547s] Level 1:colcon.colcon_core.package_identification:_identify(src) by extensions ['colcon_pkg']
[0.547s] Level 1:colcon.colcon_core.package_identification:_identify(src) by extension 'colcon_pkg'
[0.547s] Level 1:colcon.colcon_core.package_identification:_identify(src) by extensions ['colcon_meta']
[0.547s] Level 1:colcon.colcon_core.package_identification:_identify(src) by extension 'colcon_meta'
[0.547s] Level 1:colcon.colcon_core.package_identification:_identify(src) by extensions ['ros']
[0.547s] Level 1:colcon.colcon_core.package_identification:_identify(src) by extension 'ros'
[0.547s] Level 1:colcon.colcon_core.package_identification:_identify(src) by extensions ['cmake', 'python']
[0.547s] Level 1:colcon.colcon_core.package_identification:_identify(src) by extension 'cmake'
[0.547s] Level 1:colcon.colcon_core.package_identification:_identify(src) by extension 'python'
[0.547s] Level 1:colcon.colcon_core.package_identification:_identify(src) by extensions ['python_setup_py']
[0.547s] Level 1:colcon.colcon_core.package_identification:_identify(src) by extension 'python_setup_py'
[0.548s] Level 1:colcon.colcon_core.package_identification:_identify(src/adipu_turtlesim_controller) by extensions ['ignore', 'ignore_ament_install']
[0.548s] Level 1:colcon.colcon_core.package_identification:_identify(src/adipu_turtlesim_controller) by extension 'ignore'
[0.548s] Level 1:colcon.colcon_core.package_identification:_identify(src/adipu_turtlesim_controller) by extension 'ignore_ament_install'
[0.548s] Level 1:colcon.colcon_core.package_identification:_identify(src/adipu_turtlesim_controller) by extensions ['colcon_pkg']
[0.548s] Level 1:colcon.colcon_core.package_identification:_identify(src/adipu_turtlesim_controller) by extension 'colcon_pkg'
[0.548s] Level 1:colcon.colcon_core.package_identification:_identify(src/adipu_turtlesim_controller) by extensions ['colcon_meta']
[0.548s] Level 1:colcon.colcon_core.package_identification:_identify(src/adipu_turtlesim_controller) by extension 'colcon_meta'
[0.548s] Level 1:colcon.colcon_core.package_identification:_identify(src/adipu_turtlesim_controller) by extensions ['ros']
[0.548s] Level 1:colcon.colcon_core.package_identification:_identify(src/adipu_turtlesim_controller) by extension 'ros'
[0.550s] DEBUG:colcon.colcon_core.package_identification:Package 'src/adipu_turtlesim_controller' with type 'ros.ament_python' and name 'adipu_turtlesim_controller'
[0.550s] Level 1:colcon.colcon_core.package_discovery:discover_packages(recursive) using defaults
[0.550s] Level 1:colcon.colcon_core.package_discovery:discover_packages(ignore) discover
[0.550s] Level 1:colcon.colcon_core.package_discovery:discover_packages(ignore) using defaults
[0.550s] Level 1:colcon.colcon_core.package_discovery:discover_packages(path) discover
[0.550s] Level 1:colcon.colcon_core.package_discovery:discover_packages(path) using defaults
[0.575s] Level 1:colcon.colcon_core.package_discovery:discover_packages(prefix_path) check parameters
[0.575s] Level 1:colcon.colcon_core.package_discovery:discover_packages(prefix_path) discover
[0.693s] DEBUG:colcon.colcon_installed_package_information.package_discovery:Found 1 installed packages in /root/adipu_ws/install
[0.700s] DEBUG:colcon.colcon_installed_package_information.package_discovery:Found 347 installed packages in /root/ros2_humble/install
[0.702s] Level 1:colcon.colcon_core.package_discovery:discover_packages(prefix_path) using defaults
[0.830s] Level 5:colcon.colcon_core.verb:set package 'adipu_turtlesim_controller' build argument 'cmake_args' from command line to 'None'
[0.831s] Level 5:colcon.colcon_core.verb:set package 'adipu_turtlesim_controller' build argument 'cmake_target' from command line to 'None'
[0.831s] Level 5:colcon.colcon_core.verb:set package 'adipu_turtlesim_controller' build argument 'cmake_target_skip_unavailable' from command line to 'False'
[0.831s] Level 5:colcon.colcon_core.verb:set package 'adipu_turtlesim_controller' build argument 'cmake_clean_cache' from command line to 'False'
[0.831s] Level 5:colcon.colcon_core.verb:set package 'adipu_turtlesim_controller' build argument 'cmake_clean_first' from command line to 'False'
[0.831s] Level 5:colcon.colcon_core.verb:set package 'adipu_turtlesim_controller' build argument 'cmake_force_configure' from command line to 'False'
[0.831s] Level 5:colcon.colcon_core.verb:set package 'adipu_turtlesim_controller' build argument 'ament_cmake_args' from command line to 'None'
[0.831s] Level 5:colcon.colcon_core.verb:set package 'adipu_turtlesim_controller' build argument 'catkin_cmake_args' from command line to 'None'
[0.831s] Level 5:colcon.colcon_core.verb:set package 'adipu_turtlesim_controller' build argument 'catkin_skip_building_tests' from command line to 'False'
[0.831s] DEBUG:colcon.colcon_core.verb:Building package 'adipu_turtlesim_controller' with the following arguments: {'ament_cmake_args': None, 'build_base': '/root/adipu_ws/build/adipu_turtlesim_controller', 'catkin_cmake_args': None, 'catkin_skip_building_tests': False, 'cmake_args': None, 'cmake_clean_cache': False, 'cmake_clean_first': False, 'cmake_force_configure': False, 'cmake_target': None, 'cmake_target_skip_unavailable': False, 'install_base': '/root/adipu_ws/install/adipu_turtlesim_controller', 'merge_install': False, 'path': '/root/adipu_ws/src/adipu_turtlesim_controller', 'symlink_install': True, 'test_result_base': None}
[0.831s] INFO:colcon.colcon_core.executor:Executing jobs using 'parallel' executor
[0.832s] DEBUG:colcon.colcon_parallel_executor.executor.parallel:run_until_complete
[0.832s] INFO:colcon.colcon_ros.task.ament_python.build:Building ROS package in '/root/adipu_ws/src/adipu_turtlesim_controller' with build type 'ament_python'
[0.832s] Level 1:colcon.colcon_core.shell:create_environment_hook('adipu_turtlesim_controller', 'ament_prefix_path')
[0.835s] INFO:colcon.colcon_core.plugin_system:Skipping extension 'colcon_core.shell.bat': Not used on non-Windows systems
[0.835s] INFO:colcon.colcon_core.shell:Creating environment hook '/root/adipu_ws/install/adipu_turtlesim_controller/share/adipu_turtlesim_controller/hook/ament_prefix_path.ps1'
[0.836s] INFO:colcon.colcon_core.shell:Creating environment descriptor '/root/adipu_ws/install/adipu_turtlesim_controller/share/adipu_turtlesim_controller/hook/ament_prefix_path.dsv'
[0.837s] INFO:colcon.colcon_core.shell:Creating environment hook '/root/adipu_ws/install/adipu_turtlesim_controller/share/adipu_turtlesim_controller/hook/ament_prefix_path.sh'
[0.837s] INFO:colcon.colcon_core.shell:Skip shell extension 'powershell' for command environment: Not usable outside of PowerShell
[0.837s] DEBUG:colcon.colcon_core.shell:Skip shell extension 'dsv' for command environment
[1.820s] INFO:colcon.colcon_core.task.python.build:Building Python package in '/root/adipu_ws/src/adipu_turtlesim_controller'
[1.820s] INFO:colcon.colcon_core.shell:Skip shell extension 'powershell' for command environment: Not usable outside of PowerShell
[1.820s] DEBUG:colcon.colcon_core.shell:Skip shell extension 'dsv' for command environment
[2.903s] DEBUG:colcon.colcon_core.event_handler.log_command:Invoking command in '/root/adipu_ws/build/adipu_turtlesim_controller': PYTHONPATH=/root/adipu_ws/build/adipu_turtlesim_controller/prefix_override:/usr/lib/python3/dist-packages/colcon_core/task/python/colcon_distutils_commands:/root/adipu_ws/install/adipu_turtlesim_controller/lib/python3.10/site-packages:${PYTHONPATH} /usr/bin/python3 -W ignore:setup.py install is deprecated -W ignore:easy_install command is deprecated setup.py develop --editable --build-directory /root/adipu_ws/build/adipu_turtlesim_controller/build --no-deps symlink_data
[4.307s] Level 1:colcon.colcon_core.shell:create_environment_hook('adipu_turtlesim_controller', 'pythonpath_develop')
[4.307s] INFO:colcon.colcon_core.shell:Creating environment hook '/root/adipu_ws/build/adipu_turtlesim_controller/share/adipu_turtlesim_controller/hook/pythonpath_develop.ps1'
[4.308s] DEBUG:colcon.colcon_core.event_handler.log_command:Invoked command in '/root/adipu_ws/build/adipu_turtlesim_controller' returned '0': PYTHONPATH=/root/adipu_ws/build/adipu_turtlesim_controller/prefix_override:/usr/lib/python3/dist-packages/colcon_core/task/python/colcon_distutils_commands:/root/adipu_ws/install/adipu_turtlesim_controller/lib/python3.10/site-packages:${PYTHONPATH} /usr/bin/python3 -W ignore:setup.py install is deprecated -W ignore:easy_install command is deprecated setup.py develop --editable --build-directory /root/adipu_ws/build/adipu_turtlesim_controller/build --no-deps symlink_data
[4.309s] INFO:colcon.colcon_core.shell:Creating environment descriptor '/root/adipu_ws/build/adipu_turtlesim_controller/share/adipu_turtlesim_controller/hook/pythonpath_develop.dsv'
[4.309s] INFO:colcon.colcon_core.shell:Creating environment hook '/root/adipu_ws/build/adipu_turtlesim_controller/share/adipu_turtlesim_controller/hook/pythonpath_develop.sh'
[4.313s] Level 1:colcon.colcon_core.environment:checking '/root/adipu_ws/install/adipu_turtlesim_controller' for CMake module files
[4.314s] Level 1:colcon.colcon_core.environment:checking '/root/adipu_ws/install/adipu_turtlesim_controller' for CMake config files
[4.317s] Level 1:colcon.colcon_core.environment:checking '/root/adipu_ws/install/adipu_turtlesim_controller/lib'
[4.317s] Level 1:colcon.colcon_core.environment:checking '/root/adipu_ws/install/adipu_turtlesim_controller/bin'
[4.317s] Level 1:colcon.colcon_core.environment:checking '/root/adipu_ws/install/adipu_turtlesim_controller/lib/pkgconfig/adipu_turtlesim_controller.pc'
[4.317s] Level 1:colcon.colcon_core.environment:checking '/root/adipu_ws/install/adipu_turtlesim_controller/lib/python3.10/site-packages'
[4.317s] Level 1:colcon.colcon_core.shell:create_environment_hook('adipu_turtlesim_controller', 'pythonpath')
[4.317s] INFO:colcon.colcon_core.shell:Creating environment hook '/root/adipu_ws/install/adipu_turtlesim_controller/share/adipu_turtlesim_controller/hook/pythonpath.ps1'
[4.318s] INFO:colcon.colcon_core.shell:Creating environment descriptor '/root/adipu_ws/install/adipu_turtlesim_controller/share/adipu_turtlesim_controller/hook/pythonpath.dsv'
[4.318s] INFO:colcon.colcon_core.shell:Creating environment hook '/root/adipu_ws/install/adipu_turtlesim_controller/share/adipu_turtlesim_controller/hook/pythonpath.sh'
[4.319s] Level 1:colcon.colcon_core.environment:checking '/root/adipu_ws/install/adipu_turtlesim_controller/bin'
[4.319s] Level 1:colcon.colcon_core.environment:create_environment_scripts_only(adipu_turtlesim_controller)
[4.319s] INFO:colcon.colcon_core.shell:Creating package script '/root/adipu_ws/install/adipu_turtlesim_controller/share/adipu_turtlesim_controller/package.ps1'
[4.319s] INFO:colcon.colcon_core.shell:Creating package descriptor '/root/adipu_ws/install/adipu_turtlesim_controller/share/adipu_turtlesim_controller/package.dsv'
[4.320s] INFO:colcon.colcon_core.shell:Creating package script '/root/adipu_ws/install/adipu_turtlesim_controller/share/adipu_turtlesim_controller/package.sh'
[4.321s] INFO:colcon.colcon_core.shell:Creating package script '/root/adipu_ws/install/adipu_turtlesim_controller/share/adipu_turtlesim_controller/package.bash'
[4.321s] INFO:colcon.colcon_core.shell:Creating package script '/root/adipu_ws/install/adipu_turtlesim_controller/share/adipu_turtlesim_controller/package.zsh'
[4.322s] Level 1:colcon.colcon_core.environment:create_file_with_runtime_dependencies(/root/adipu_ws/install/adipu_turtlesim_controller/share/colcon-core/packages/adipu_turtlesim_controller)
[4.322s] DEBUG:colcon.colcon_parallel_executor.executor.parallel:closing loop
[4.322s] DEBUG:colcon.colcon_parallel_executor.executor.parallel:loop closed
[4.322s] DEBUG:colcon.colcon_parallel_executor.executor.parallel:run_until_complete finished with '0'
[4.322s] DEBUG:colcon.colcon_core.event_reactor:joining thread
[4.354s] INFO:colcon.colcon_core.plugin_system:Skipping extension 'colcon_notification.desktop_notification.notify_send': Could not find 'notify-send'
[4.354s] INFO:colcon.colcon_core.plugin_system:Skipping extension 'colcon_notification.desktop_notification.terminal_notifier': Not used on non-Darwin systems
[4.354s] INFO:colcon.colcon_core.plugin_system:Skipping extension 'colcon_notification.desktop_notification.win32': Not used on non-Windows systems
[4.354s] INFO:colcon.colcon_notification.desktop_notification:Sending desktop notification using 'notify2'
[4.357s] DEBUG:colcon.colcon_notification.desktop_notification.notify2:Failed to initialize notify2: org.freedesktop.DBus.Error.Spawn.ExecFailed: /usr/bin/dbus-launch terminated abnormally without any error message
[4.357s] DEBUG:colcon.colcon_core.event_reactor:joined thread
[4.358s] INFO:colcon.colcon_core.shell:Creating prefix script '/root/adipu_ws/install/local_setup.ps1'
[4.359s] INFO:colcon.colcon_core.shell:Creating prefix util module '/root/adipu_ws/install/_local_setup_util_ps1.py'
[4.359s] INFO:colcon.colcon_core.shell:Creating prefix chain script '/root/adipu_ws/install/setup.ps1'
[4.476s] INFO:colcon.colcon_core.shell:Creating prefix script '/root/adipu_ws/install/local_setup.sh'
[4.477s] INFO:colcon.colcon_core.shell:Creating prefix util module '/root/adipu_ws/install/_local_setup_util_sh.py'
[4.478s] INFO:colcon.colcon_core.shell:Creating prefix chain script '/root/adipu_ws/install/setup.sh'
[4.593s] INFO:colcon.colcon_core.shell:Creating prefix script '/root/adipu_ws/install/local_setup.bash'
[4.593s] INFO:colcon.colcon_core.shell:Creating prefix chain script '/root/adipu_ws/install/setup.bash'
[4.703s] INFO:colcon.colcon_core.shell:Creating prefix script '/root/adipu_ws/install/local_setup.zsh'
[4.703s] INFO:colcon.colcon_core.shell:Creating prefix chain script '/root/adipu_ws/install/setup.zsh'
