[0.323s] Invoking command in '/root/adipu_ws/build/adipu_msg': CMAKE_PREFIX_PATH=${CMAKE_PREFIX_PATH}:/root/ros2_humble/install/rqt_bag_plugins:/root/ros2_humble/install/rqt_bag:/root/ros2_humble/install/launch_testing_examples:/root/ros2_humble/install/ros2bag:/root/ros2_humble/install/tracetools_test:/root/ros2_humble/install/tracetools_launch:/root/ros2_humble/install/topic_monitor:/root/ros2_humble/install/tf2_tools:/root/ros2_humble/install/examples_tf2_py:/root/ros2_humble/install/tf2_ros_py:/root/ros2_humble/install/sros2:/root/ros2_humble/install/rqt_topic:/root/ros2_humble/install/rqt_srv:/root/ros2_humble/install/rqt_shell:/root/ros2_humble/install/rqt_service_caller:/root/ros2_humble/install/rqt_reconfigure:/root/ros2_humble/install/rqt_py_console:/root/ros2_humble/install/rqt_publisher:/root/ros2_humble/install/rqt_plot:/root/ros2_humble/install/rqt_action:/root/ros2_humble/install/rqt_msg:/root/ros2_humble/install/rqt_console:/root/ros2_humble/install/rqt:/root/ros2_humble/install/rqt_graph:/root/ros2_humble/install/rqt_gui_py:/root/ros2_humble/install/rqt_gui:/root/ros2_humble/install/ros2trace:/root/ros2_humble/install/ros2topic:/root/ros2_humble/install/ros2test:/root/ros2_humble/install/ros2component:/root/ros2_humble/install/ros2param:/root/ros2_humble/install/ros2lifecycle:/root/ros2_humble/install/ros2service:/root/ros2_humble/install/ros2run:/root/ros2_humble/install/ros2launch:/root/ros2_humble/install/ros2pkg:/root/ros2_humble/install/ros2node:/root/ros2_humble/install/ros2multicast:/root/ros2_humble/install/ros2interface:/root/ros2_humble/install/ros2doctor:/root/ros2_humble/install/ros2action:/root/ros2_humble/install/ros2cli:/root/ros2_humble/install/quality_of_service_demo_py:/root/ros2_humble/install/lifecycle_py:/root/ros2_humble/install/launch_testing_ros:/root/ros2_humble/install/launch_ros:/root/ros2_humble/install/examples_rclpy_pointcloud_publisher:/root/ros2_humble/install/examples_rclpy_minimal_subscriber:/root/ros2_humble/install/examples_rclpy_minimal_service:/root/ros2_humble/install/examples_rclpy_minimal_publisher:/root/ros2_humble/install/examples_rclpy_minimal_client:/root/ros2_humble/install/examples_rclpy_minimal_action_server:/root/ros2_humble/install/examples_rclpy_minimal_action_client:/root/ros2_humble/install/examples_rclpy_guard_conditions:/root/ros2_humble/install/examples_rclpy_executors:/root/ros2_humble/install/demo_nodes_py:/root/ros2_humble/install/camera_info_manager_py:/root/ros2_humble/install/adipu_turtlesim_controller:/root/ros2_humble/install/action_tutorials_py:/root/ros2_humble/install/ament_uncrustify:/root/ros2_humble/install/tracetools_trace:/root/ros2_humble/install/tracetools_read:/root/ros2_humble/install/test_tracetools_launch:/root/ros2_humble/install/test_launch_ros:/root/ros2_humble/install/sensor_msgs_py:/root/ros2_humble/install/rpyutils:/root/ros2_humble/install/rosidl_runtime_py:/root/ros2_humble/install/rosidl_cli:/root/ros2_humble/install/launch_pytest:/root/ros2_humble/install/launch_testing:/root/ros2_humble/install/launch_yaml:/root/ros2_humble/install/launch_xml:/root/ros2_humble/install/launch:/root/ros2_humble/install/osrf_pycommon:/root/ros2_humble/install/domain_coordinator:/root/ros2_humble/install/ament_xmllint:/root/ros2_humble/install/ament_pyflakes:/root/ros2_humble/install/ament_pycodestyle:/root/ros2_humble/install/ament_pep257:/root/ros2_humble/install/ament_pclint:/root/ros2_humble/install/ament_package:/root/ros2_humble/install/ament_mypy:/root/ros2_humble/install/ament_lint_cmake:/root/ros2_humble/install/ament_flake8:/root/ros2_humble/install/ament_copyright:/root/ros2_humble/install/ament_lint:/root/ros2_humble/install/ament_index_python:/root/ros2_humble/install/ament_cpplint:/root/ros2_humble/install/ament_cppcheck:/root/ros2_humble/install/ament_clang_tidy:/root/ros2_humble/install/ament_clang_format /usr/bin/cmake --build /root/adipu_ws/build/adipu_msg -- -j8 -l8
[2.189s] [35m[1mConsolidate compiler generated dependencies of target adipu_msg__rosidl_generator_c[0m
[2.802s] [  3%] Built target adipu_msg__cpp
[2.838s] [ 12%] Built target adipu_msg__rosidl_generator_c
[3.555s] [ 12%] Built target ament_cmake_python_symlink_adipu_msg
[3.660s] [35m[1mConsolidate compiler generated dependencies of target adipu_msg__rosidl_typesupport_cpp[0m
[3.671s] [35m[1mConsolidate compiler generated dependencies of target adipu_msg__rosidl_typesupport_introspection_cpp[0m
[3.672s] [35m[1mConsolidate compiler generated dependencies of target adipu_msg__rosidl_typesupport_fastrtps_cpp[0m
[3.693s] [35m[1mConsolidate compiler generated dependencies of target adipu_msg__rosidl_typesupport_introspection_c[0m
[3.703s] [35m[1mConsolidate compiler generated dependencies of target adipu_msg__rosidl_typesupport_c[0m
[3.711s] [35m[1mConsolidate compiler generated dependencies of target adipu_msg__rosidl_typesupport_fastrtps_c[0m
[4.588s] [ 22%] Built target adipu_msg__rosidl_typesupport_cpp
[4.596s] [ 32%] Built target adipu_msg__rosidl_typesupport_c
[4.603s] [ 41%] Built target adipu_msg__rosidl_typesupport_introspection_c
[4.607s] [ 51%] Built target adipu_msg__rosidl_typesupport_introspection_cpp
[4.613s] [ 61%] Built target adipu_msg__rosidl_typesupport_fastrtps_cpp
[4.632s] [ 70%] Built target adipu_msg__rosidl_typesupport_fastrtps_c
[5.559s] running egg_info
[5.560s] writing adipu_msg.egg-info/PKG-INFO
[5.560s] writing dependency_links to adipu_msg.egg-info/dependency_links.txt
[5.561s] writing top-level names to adipu_msg.egg-info/top_level.txt
[5.564s] reading manifest file 'adipu_msg.egg-info/SOURCES.txt'
[5.568s] writing manifest file 'adipu_msg.egg-info/SOURCES.txt'
[5.845s] [ 70%] Built target adipu_msg
[6.192s] [ 70%] Built target ament_cmake_python_build_adipu_msg_egg
[6.914s] [ 74%] Built target adipu_msg__py
[7.444s] [35m[1mConsolidate compiler generated dependencies of target adipu_msg__rosidl_generator_py[0m
[7.945s] [ 80%] Built target adipu_msg__rosidl_generator_py
[8.532s] [35m[1mConsolidate compiler generated dependencies of target adipu_msg__rosidl_typesupport_c__pyext[0m
[8.532s] [35m[1mConsolidate compiler generated dependencies of target adipu_msg__rosidl_typesupport_fastrtps_c__pyext[0m
[8.533s] [35m[1mConsolidate compiler generated dependencies of target adipu_msg__rosidl_typesupport_introspection_c__pyext[0m
[9.132s] [ 93%] Built target adipu_msg__rosidl_typesupport_c__pyext
[9.133s] [ 93%] Built target adipu_msg__rosidl_typesupport_fastrtps_c__pyext
[9.133s] [100%] Built target adipu_msg__rosidl_typesupport_introspection_c__pyext
[9.484s] Invoked command in '/root/adipu_ws/build/adipu_msg' returned '0': CMAKE_PREFIX_PATH=${CMAKE_PREFIX_PATH}:/root/ros2_humble/install/rqt_bag_plugins:/root/ros2_humble/install/rqt_bag:/root/ros2_humble/install/launch_testing_examples:/root/ros2_humble/install/ros2bag:/root/ros2_humble/install/tracetools_test:/root/ros2_humble/install/tracetools_launch:/root/ros2_humble/install/topic_monitor:/root/ros2_humble/install/tf2_tools:/root/ros2_humble/install/examples_tf2_py:/root/ros2_humble/install/tf2_ros_py:/root/ros2_humble/install/sros2:/root/ros2_humble/install/rqt_topic:/root/ros2_humble/install/rqt_srv:/root/ros2_humble/install/rqt_shell:/root/ros2_humble/install/rqt_service_caller:/root/ros2_humble/install/rqt_reconfigure:/root/ros2_humble/install/rqt_py_console:/root/ros2_humble/install/rqt_publisher:/root/ros2_humble/install/rqt_plot:/root/ros2_humble/install/rqt_action:/root/ros2_humble/install/rqt_msg:/root/ros2_humble/install/rqt_console:/root/ros2_humble/install/rqt:/root/ros2_humble/install/rqt_graph:/root/ros2_humble/install/rqt_gui_py:/root/ros2_humble/install/rqt_gui:/root/ros2_humble/install/ros2trace:/root/ros2_humble/install/ros2topic:/root/ros2_humble/install/ros2test:/root/ros2_humble/install/ros2component:/root/ros2_humble/install/ros2param:/root/ros2_humble/install/ros2lifecycle:/root/ros2_humble/install/ros2service:/root/ros2_humble/install/ros2run:/root/ros2_humble/install/ros2launch:/root/ros2_humble/install/ros2pkg:/root/ros2_humble/install/ros2node:/root/ros2_humble/install/ros2multicast:/root/ros2_humble/install/ros2interface:/root/ros2_humble/install/ros2doctor:/root/ros2_humble/install/ros2action:/root/ros2_humble/install/ros2cli:/root/ros2_humble/install/quality_of_service_demo_py:/root/ros2_humble/install/lifecycle_py:/root/ros2_humble/install/launch_testing_ros:/root/ros2_humble/install/launch_ros:/root/ros2_humble/install/examples_rclpy_pointcloud_publisher:/root/ros2_humble/install/examples_rclpy_minimal_subscriber:/root/ros2_humble/install/examples_rclpy_minimal_service:/root/ros2_humble/install/examples_rclpy_minimal_publisher:/root/ros2_humble/install/examples_rclpy_minimal_client:/root/ros2_humble/install/examples_rclpy_minimal_action_server:/root/ros2_humble/install/examples_rclpy_minimal_action_client:/root/ros2_humble/install/examples_rclpy_guard_conditions:/root/ros2_humble/install/examples_rclpy_executors:/root/ros2_humble/install/demo_nodes_py:/root/ros2_humble/install/camera_info_manager_py:/root/ros2_humble/install/adipu_turtlesim_controller:/root/ros2_humble/install/action_tutorials_py:/root/ros2_humble/install/ament_uncrustify:/root/ros2_humble/install/tracetools_trace:/root/ros2_humble/install/tracetools_read:/root/ros2_humble/install/test_tracetools_launch:/root/ros2_humble/install/test_launch_ros:/root/ros2_humble/install/sensor_msgs_py:/root/ros2_humble/install/rpyutils:/root/ros2_humble/install/rosidl_runtime_py:/root/ros2_humble/install/rosidl_cli:/root/ros2_humble/install/launch_pytest:/root/ros2_humble/install/launch_testing:/root/ros2_humble/install/launch_yaml:/root/ros2_humble/install/launch_xml:/root/ros2_humble/install/launch:/root/ros2_humble/install/osrf_pycommon:/root/ros2_humble/install/domain_coordinator:/root/ros2_humble/install/ament_xmllint:/root/ros2_humble/install/ament_pyflakes:/root/ros2_humble/install/ament_pycodestyle:/root/ros2_humble/install/ament_pep257:/root/ros2_humble/install/ament_pclint:/root/ros2_humble/install/ament_package:/root/ros2_humble/install/ament_mypy:/root/ros2_humble/install/ament_lint_cmake:/root/ros2_humble/install/ament_flake8:/root/ros2_humble/install/ament_copyright:/root/ros2_humble/install/ament_lint:/root/ros2_humble/install/ament_index_python:/root/ros2_humble/install/ament_cpplint:/root/ros2_humble/install/ament_cppcheck:/root/ros2_humble/install/ament_clang_tidy:/root/ros2_humble/install/ament_clang_format /usr/bin/cmake --build /root/adipu_ws/build/adipu_msg -- -j8 -l8
[9.808s] Invoking command in '/root/adipu_ws/build/adipu_msg': CMAKE_PREFIX_PATH=${CMAKE_PREFIX_PATH}:/root/ros2_humble/install/rqt_bag_plugins:/root/ros2_humble/install/rqt_bag:/root/ros2_humble/install/launch_testing_examples:/root/ros2_humble/install/ros2bag:/root/ros2_humble/install/tracetools_test:/root/ros2_humble/install/tracetools_launch:/root/ros2_humble/install/topic_monitor:/root/ros2_humble/install/tf2_tools:/root/ros2_humble/install/examples_tf2_py:/root/ros2_humble/install/tf2_ros_py:/root/ros2_humble/install/sros2:/root/ros2_humble/install/rqt_topic:/root/ros2_humble/install/rqt_srv:/root/ros2_humble/install/rqt_shell:/root/ros2_humble/install/rqt_service_caller:/root/ros2_humble/install/rqt_reconfigure:/root/ros2_humble/install/rqt_py_console:/root/ros2_humble/install/rqt_publisher:/root/ros2_humble/install/rqt_plot:/root/ros2_humble/install/rqt_action:/root/ros2_humble/install/rqt_msg:/root/ros2_humble/install/rqt_console:/root/ros2_humble/install/rqt:/root/ros2_humble/install/rqt_graph:/root/ros2_humble/install/rqt_gui_py:/root/ros2_humble/install/rqt_gui:/root/ros2_humble/install/ros2trace:/root/ros2_humble/install/ros2topic:/root/ros2_humble/install/ros2test:/root/ros2_humble/install/ros2component:/root/ros2_humble/install/ros2param:/root/ros2_humble/install/ros2lifecycle:/root/ros2_humble/install/ros2service:/root/ros2_humble/install/ros2run:/root/ros2_humble/install/ros2launch:/root/ros2_humble/install/ros2pkg:/root/ros2_humble/install/ros2node:/root/ros2_humble/install/ros2multicast:/root/ros2_humble/install/ros2interface:/root/ros2_humble/install/ros2doctor:/root/ros2_humble/install/ros2action:/root/ros2_humble/install/ros2cli:/root/ros2_humble/install/quality_of_service_demo_py:/root/ros2_humble/install/lifecycle_py:/root/ros2_humble/install/launch_testing_ros:/root/ros2_humble/install/launch_ros:/root/ros2_humble/install/examples_rclpy_pointcloud_publisher:/root/ros2_humble/install/examples_rclpy_minimal_subscriber:/root/ros2_humble/install/examples_rclpy_minimal_service:/root/ros2_humble/install/examples_rclpy_minimal_publisher:/root/ros2_humble/install/examples_rclpy_minimal_client:/root/ros2_humble/install/examples_rclpy_minimal_action_server:/root/ros2_humble/install/examples_rclpy_minimal_action_client:/root/ros2_humble/install/examples_rclpy_guard_conditions:/root/ros2_humble/install/examples_rclpy_executors:/root/ros2_humble/install/demo_nodes_py:/root/ros2_humble/install/camera_info_manager_py:/root/ros2_humble/install/adipu_turtlesim_controller:/root/ros2_humble/install/action_tutorials_py:/root/ros2_humble/install/ament_uncrustify:/root/ros2_humble/install/tracetools_trace:/root/ros2_humble/install/tracetools_read:/root/ros2_humble/install/test_tracetools_launch:/root/ros2_humble/install/test_launch_ros:/root/ros2_humble/install/sensor_msgs_py:/root/ros2_humble/install/rpyutils:/root/ros2_humble/install/rosidl_runtime_py:/root/ros2_humble/install/rosidl_cli:/root/ros2_humble/install/launch_pytest:/root/ros2_humble/install/launch_testing:/root/ros2_humble/install/launch_yaml:/root/ros2_humble/install/launch_xml:/root/ros2_humble/install/launch:/root/ros2_humble/install/osrf_pycommon:/root/ros2_humble/install/domain_coordinator:/root/ros2_humble/install/ament_xmllint:/root/ros2_humble/install/ament_pyflakes:/root/ros2_humble/install/ament_pycodestyle:/root/ros2_humble/install/ament_pep257:/root/ros2_humble/install/ament_pclint:/root/ros2_humble/install/ament_package:/root/ros2_humble/install/ament_mypy:/root/ros2_humble/install/ament_lint_cmake:/root/ros2_humble/install/ament_flake8:/root/ros2_humble/install/ament_copyright:/root/ros2_humble/install/ament_lint:/root/ros2_humble/install/ament_index_python:/root/ros2_humble/install/ament_cpplint:/root/ros2_humble/install/ament_cppcheck:/root/ros2_humble/install/ament_clang_tidy:/root/ros2_humble/install/ament_clang_format /usr/bin/cmake --install /root/adipu_ws/build/adipu_msg
[10.140s] -- Install configuration: ""
[10.140s] -- Execute custom install script
[10.141s] -- Up-to-date symlink: /root/adipu_ws/install/adipu_msg/share/ament_index/resource_index/rosidl_interfaces/adipu_msg
[10.142s] -- Up-to-date symlink: /root/adipu_ws/install/adipu_msg/include/adipu_msg/adipu_msg/msg/detail/flip__functions.h
[10.143s] -- Up-to-date symlink: /root/adipu_ws/install/adipu_msg/include/adipu_msg/adipu_msg/msg/detail/flip__struct.h
[10.143s] -- Up-to-date symlink: /root/adipu_ws/install/adipu_msg/include/adipu_msg/adipu_msg/msg/detail/flip__type_support.h
[10.143s] -- Up-to-date symlink: /root/adipu_ws/install/adipu_msg/include/adipu_msg/adipu_msg/msg/flip.h
[10.144s] -- Up-to-date symlink: /root/adipu_ws/install/adipu_msg/include/adipu_msg/adipu_msg/msg/rosidl_generator_c__visibility_control.h
[10.144s] -- Up-to-date symlink: /root/adipu_ws/install/adipu_msg/share/adipu_msg/environment/library_path.sh
[10.145s] -- Up-to-date symlink: /root/adipu_ws/install/adipu_msg/share/adipu_msg/environment/library_path.dsv
[10.145s] -- Up-to-date symlink: /root/adipu_ws/install/adipu_msg/include/adipu_msg/adipu_msg/msg/detail/flip__rosidl_typesupport_introspection_c.h
[10.146s] -- Up-to-date symlink: /root/adipu_ws/install/adipu_msg/include/adipu_msg/adipu_msg/msg/rosidl_typesupport_introspection_c__visibility_control.h
[10.147s] -- Up-to-date symlink: /root/adipu_ws/install/adipu_msg/include/adipu_msg/adipu_msg/msg/detail/flip__rosidl_typesupport_fastrtps_c.h
[10.147s] -- Up-to-date symlink: /root/adipu_ws/install/adipu_msg/include/adipu_msg/adipu_msg/msg/rosidl_typesupport_fastrtps_c__visibility_control.h
[10.148s] -- Up-to-date symlink: /root/adipu_ws/install/adipu_msg/include/adipu_msg/adipu_msg/msg/detail/flip__builder.hpp
[10.149s] -- Up-to-date symlink: /root/adipu_ws/install/adipu_msg/include/adipu_msg/adipu_msg/msg/detail/flip__struct.hpp
[10.149s] -- Up-to-date symlink: /root/adipu_ws/install/adipu_msg/include/adipu_msg/adipu_msg/msg/detail/flip__traits.hpp
[10.149s] -- Up-to-date symlink: /root/adipu_ws/install/adipu_msg/include/adipu_msg/adipu_msg/msg/detail/flip__type_support.hpp
[10.150s] -- Up-to-date symlink: /root/adipu_ws/install/adipu_msg/include/adipu_msg/adipu_msg/msg/flip.hpp
[10.150s] -- Up-to-date symlink: /root/adipu_ws/install/adipu_msg/include/adipu_msg/adipu_msg/msg/rosidl_generator_cpp__visibility_control.hpp
[10.151s] -- Up-to-date symlink: /root/adipu_ws/install/adipu_msg/include/adipu_msg/adipu_msg/msg/detail/flip__rosidl_typesupport_introspection_cpp.hpp
[10.153s] -- Up-to-date symlink: /root/adipu_ws/install/adipu_msg/include/adipu_msg/adipu_msg/msg/detail/flip__rosidl_typesupport_fastrtps_cpp.hpp
[10.153s] -- Up-to-date symlink: /root/adipu_ws/install/adipu_msg/include/adipu_msg/adipu_msg/msg/rosidl_typesupport_fastrtps_cpp__visibility_control.h
[10.154s] -- Up-to-date symlink: /root/adipu_ws/install/adipu_msg/share/adipu_msg/environment/pythonpath.sh
[10.154s] -- Up-to-date symlink: /root/adipu_ws/install/adipu_msg/share/adipu_msg/environment/pythonpath.dsv
[10.155s] -- Up-to-date symlink: /root/adipu_ws/install/adipu_msg/local/lib/python3.10/dist-packages/adipu_msg-0.0.0-py3.10.egg-info/PKG-INFO
[10.155s] -- Up-to-date symlink: /root/adipu_ws/install/adipu_msg/local/lib/python3.10/dist-packages/adipu_msg-0.0.0-py3.10.egg-info/SOURCES.txt
[10.156s] -- Up-to-date symlink: /root/adipu_ws/install/adipu_msg/local/lib/python3.10/dist-packages/adipu_msg-0.0.0-py3.10.egg-info/dependency_links.txt
[10.156s] -- Up-to-date symlink: /root/adipu_ws/install/adipu_msg/local/lib/python3.10/dist-packages/adipu_msg-0.0.0-py3.10.egg-info/top_level.txt
[10.157s] -- Up-to-date symlink: /root/adipu_ws/install/adipu_msg/local/lib/python3.10/dist-packages/adipu_msg/__init__.py
[10.158s] -- Up-to-date symlink: /root/adipu_ws/install/adipu_msg/local/lib/python3.10/dist-packages/adipu_msg/_adipu_msg_s.ep.rosidl_typesupport_c.c
[10.158s] -- Up-to-date symlink: /root/adipu_ws/install/adipu_msg/local/lib/python3.10/dist-packages/adipu_msg/_adipu_msg_s.ep.rosidl_typesupport_fastrtps_c.c
[10.158s] -- Up-to-date symlink: /root/adipu_ws/install/adipu_msg/local/lib/python3.10/dist-packages/adipu_msg/_adipu_msg_s.ep.rosidl_typesupport_introspection_c.c
[10.159s] -- Up-to-date symlink: /root/adipu_ws/install/adipu_msg/local/lib/python3.10/dist-packages/adipu_msg/adipu_msg_s__rosidl_typesupport_c.cpython-310-aarch64-linux-gnu.so
[10.159s] -- Up-to-date symlink: /root/adipu_ws/install/adipu_msg/local/lib/python3.10/dist-packages/adipu_msg/adipu_msg_s__rosidl_typesupport_fastrtps_c.cpython-310-aarch64-linux-gnu.so
[10.159s] -- Up-to-date symlink: /root/adipu_ws/install/adipu_msg/local/lib/python3.10/dist-packages/adipu_msg/adipu_msg_s__rosidl_typesupport_introspection_c.cpython-310-aarch64-linux-gnu.so
[10.160s] -- Up-to-date symlink: /root/adipu_ws/install/adipu_msg/local/lib/python3.10/dist-packages/adipu_msg/libadipu_msg__rosidl_generator_py.so
[10.160s] -- Up-to-date symlink: /root/adipu_ws/install/adipu_msg/local/lib/python3.10/dist-packages/adipu_msg/msg/__init__.py
[10.160s] -- Up-to-date symlink: /root/adipu_ws/install/adipu_msg/local/lib/python3.10/dist-packages/adipu_msg/msg/_flip.py
[10.161s] -- Up-to-date symlink: /root/adipu_ws/install/adipu_msg/local/lib/python3.10/dist-packages/adipu_msg/msg/_flip_s.c
[10.161s] -- Up-to-date symlink: /root/adipu_ws/install/adipu_msg/local/lib/python3.10/dist-packages/adipu_msg/adipu_msg_s__rosidl_typesupport_introspection_c.cpython-310-aarch64-linux-gnu.so
[10.162s] -- Up-to-date symlink: /root/adipu_ws/install/adipu_msg/local/lib/python3.10/dist-packages/adipu_msg/adipu_msg_s__rosidl_typesupport_fastrtps_c.cpython-310-aarch64-linux-gnu.so
[10.162s] -- Up-to-date symlink: /root/adipu_ws/install/adipu_msg/local/lib/python3.10/dist-packages/adipu_msg/adipu_msg_s__rosidl_typesupport_c.cpython-310-aarch64-linux-gnu.so
[10.163s] -- Up-to-date symlink: /root/adipu_ws/install/adipu_msg/share/adipu_msg/msg/Flip.idl
[10.163s] -- Up-to-date symlink: /root/adipu_ws/install/adipu_msg/share/adipu_msg/msg/Flip.msg
[10.164s] -- Up-to-date symlink: /root/adipu_ws/install/adipu_msg/share/ament_index/resource_index/package_run_dependencies/adipu_msg
[10.164s] -- Up-to-date symlink: /root/adipu_ws/install/adipu_msg/share/ament_index/resource_index/parent_prefix_path/adipu_msg
[10.165s] -- Up-to-date symlink: /root/adipu_ws/install/adipu_msg/share/adipu_msg/environment/ament_prefix_path.sh
[10.165s] -- Up-to-date symlink: /root/adipu_ws/install/adipu_msg/share/adipu_msg/environment/ament_prefix_path.dsv
[10.166s] -- Up-to-date symlink: /root/adipu_ws/install/adipu_msg/share/adipu_msg/environment/path.sh
[10.166s] -- Up-to-date symlink: /root/adipu_ws/install/adipu_msg/share/adipu_msg/environment/path.dsv
[10.166s] -- Up-to-date symlink: /root/adipu_ws/install/adipu_msg/share/adipu_msg/local_setup.bash
[10.167s] -- Up-to-date symlink: /root/adipu_ws/install/adipu_msg/share/adipu_msg/local_setup.sh
[10.167s] -- Up-to-date symlink: /root/adipu_ws/install/adipu_msg/share/adipu_msg/local_setup.zsh
[10.167s] -- Up-to-date symlink: /root/adipu_ws/install/adipu_msg/share/adipu_msg/local_setup.dsv
[10.168s] -- Symlinking: /root/adipu_ws/install/adipu_msg/share/adipu_msg/package.dsv
[10.512s] -- Up-to-date symlink: /root/adipu_ws/install/adipu_msg/share/ament_index/resource_index/packages/adipu_msg
[10.513s] -- Up-to-date symlink: /root/adipu_ws/install/adipu_msg/share/adipu_msg/cmake/rosidl_cmake-extras.cmake
[10.513s] -- Up-to-date symlink: /root/adipu_ws/install/adipu_msg/share/adipu_msg/cmake/ament_cmake_export_include_directories-extras.cmake
[10.514s] -- Up-to-date symlink: /root/adipu_ws/install/adipu_msg/share/adipu_msg/cmake/ament_cmake_export_libraries-extras.cmake
[10.514s] -- Up-to-date symlink: /root/adipu_ws/install/adipu_msg/share/adipu_msg/cmake/ament_cmake_export_targets-extras.cmake
[10.514s] -- Up-to-date symlink: /root/adipu_ws/install/adipu_msg/share/adipu_msg/cmake/rosidl_cmake_export_typesupport_targets-extras.cmake
[10.515s] -- Up-to-date symlink: /root/adipu_ws/install/adipu_msg/share/adipu_msg/cmake/ament_cmake_export_dependencies-extras.cmake
[10.515s] -- Up-to-date symlink: /root/adipu_ws/install/adipu_msg/share/adipu_msg/cmake/rosidl_cmake_export_typesupport_libraries-extras.cmake
[10.516s] -- Up-to-date symlink: /root/adipu_ws/install/adipu_msg/share/adipu_msg/cmake/adipu_msgConfig.cmake
[10.516s] -- Up-to-date symlink: /root/adipu_ws/install/adipu_msg/share/adipu_msg/cmake/adipu_msgConfig-version.cmake
[10.516s] -- Up-to-date symlink: /root/adipu_ws/install/adipu_msg/share/adipu_msg/package.xml
[10.517s] -- Up-to-date: /root/adipu_ws/install/adipu_msg/lib/libadipu_msg__rosidl_generator_c.so
[10.518s] -- Up-to-date: /root/adipu_ws/install/adipu_msg/lib/libadipu_msg__rosidl_typesupport_introspection_c.so
[10.519s] -- Up-to-date: /root/adipu_ws/install/adipu_msg/lib/libadipu_msg__rosidl_typesupport_fastrtps_c.so
[10.519s] -- Up-to-date: /root/adipu_ws/install/adipu_msg/lib/libadipu_msg__rosidl_typesupport_c.so
[10.520s] -- Up-to-date: /root/adipu_ws/install/adipu_msg/lib/libadipu_msg__rosidl_typesupport_introspection_cpp.so
[10.521s] -- Up-to-date: /root/adipu_ws/install/adipu_msg/lib/libadipu_msg__rosidl_typesupport_fastrtps_cpp.so
[10.522s] -- Up-to-date: /root/adipu_ws/install/adipu_msg/lib/libadipu_msg__rosidl_typesupport_cpp.so
[10.782s] Listing '/root/adipu_ws/install/adipu_msg/local/lib/python3.10/dist-packages/adipu_msg'...
[10.782s] Listing '/root/adipu_ws/install/adipu_msg/local/lib/python3.10/dist-packages/adipu_msg/msg'...
[10.782s] -- Up-to-date: /root/adipu_ws/install/adipu_msg/lib/libadipu_msg__rosidl_generator_py.so
[10.783s] -- Up-to-date: /root/adipu_ws/install/adipu_msg/share/adipu_msg/cmake/export_adipu_msg__rosidl_generator_cExport.cmake
[10.783s] -- Up-to-date: /root/adipu_ws/install/adipu_msg/share/adipu_msg/cmake/export_adipu_msg__rosidl_generator_cExport-noconfig.cmake
[10.784s] -- Up-to-date: /root/adipu_ws/install/adipu_msg/share/adipu_msg/cmake/adipu_msg__rosidl_typesupport_introspection_cExport.cmake
[10.784s] -- Up-to-date: /root/adipu_ws/install/adipu_msg/share/adipu_msg/cmake/adipu_msg__rosidl_typesupport_introspection_cExport-noconfig.cmake
[10.785s] -- Up-to-date: /root/adipu_ws/install/adipu_msg/share/adipu_msg/cmake/export_adipu_msg__rosidl_typesupport_fastrtps_cExport.cmake
[10.786s] -- Up-to-date: /root/adipu_ws/install/adipu_msg/share/adipu_msg/cmake/export_adipu_msg__rosidl_typesupport_fastrtps_cExport-noconfig.cmake
[10.786s] -- Up-to-date: /root/adipu_ws/install/adipu_msg/share/adipu_msg/cmake/adipu_msg__rosidl_typesupport_cExport.cmake
[10.786s] -- Up-to-date: /root/adipu_ws/install/adipu_msg/share/adipu_msg/cmake/adipu_msg__rosidl_typesupport_cExport-noconfig.cmake
[10.787s] -- Up-to-date: /root/adipu_ws/install/adipu_msg/share/adipu_msg/cmake/export_adipu_msg__rosidl_generator_cppExport.cmake
[10.788s] -- Up-to-date: /root/adipu_ws/install/adipu_msg/share/adipu_msg/cmake/adipu_msg__rosidl_typesupport_introspection_cppExport.cmake
[10.788s] -- Up-to-date: /root/adipu_ws/install/adipu_msg/share/adipu_msg/cmake/adipu_msg__rosidl_typesupport_introspection_cppExport-noconfig.cmake
[10.789s] -- Up-to-date: /root/adipu_ws/install/adipu_msg/share/adipu_msg/cmake/export_adipu_msg__rosidl_typesupport_fastrtps_cppExport.cmake
[10.789s] -- Up-to-date: /root/adipu_ws/install/adipu_msg/share/adipu_msg/cmake/export_adipu_msg__rosidl_typesupport_fastrtps_cppExport-noconfig.cmake
[10.790s] -- Up-to-date: /root/adipu_ws/install/adipu_msg/share/adipu_msg/cmake/adipu_msg__rosidl_typesupport_cppExport.cmake
[10.790s] -- Up-to-date: /root/adipu_ws/install/adipu_msg/share/adipu_msg/cmake/adipu_msg__rosidl_typesupport_cppExport-noconfig.cmake
[10.791s] -- Up-to-date: /root/adipu_ws/install/adipu_msg/share/adipu_msg/cmake/export_adipu_msg__rosidl_generator_pyExport.cmake
[10.791s] -- Up-to-date: /root/adipu_ws/install/adipu_msg/share/adipu_msg/cmake/export_adipu_msg__rosidl_generator_pyExport-noconfig.cmake
[10.800s] Invoked command in '/root/adipu_ws/build/adipu_msg' returned '0': CMAKE_PREFIX_PATH=${CMAKE_PREFIX_PATH}:/root/ros2_humble/install/rqt_bag_plugins:/root/ros2_humble/install/rqt_bag:/root/ros2_humble/install/launch_testing_examples:/root/ros2_humble/install/ros2bag:/root/ros2_humble/install/tracetools_test:/root/ros2_humble/install/tracetools_launch:/root/ros2_humble/install/topic_monitor:/root/ros2_humble/install/tf2_tools:/root/ros2_humble/install/examples_tf2_py:/root/ros2_humble/install/tf2_ros_py:/root/ros2_humble/install/sros2:/root/ros2_humble/install/rqt_topic:/root/ros2_humble/install/rqt_srv:/root/ros2_humble/install/rqt_shell:/root/ros2_humble/install/rqt_service_caller:/root/ros2_humble/install/rqt_reconfigure:/root/ros2_humble/install/rqt_py_console:/root/ros2_humble/install/rqt_publisher:/root/ros2_humble/install/rqt_plot:/root/ros2_humble/install/rqt_action:/root/ros2_humble/install/rqt_msg:/root/ros2_humble/install/rqt_console:/root/ros2_humble/install/rqt:/root/ros2_humble/install/rqt_graph:/root/ros2_humble/install/rqt_gui_py:/root/ros2_humble/install/rqt_gui:/root/ros2_humble/install/ros2trace:/root/ros2_humble/install/ros2topic:/root/ros2_humble/install/ros2test:/root/ros2_humble/install/ros2component:/root/ros2_humble/install/ros2param:/root/ros2_humble/install/ros2lifecycle:/root/ros2_humble/install/ros2service:/root/ros2_humble/install/ros2run:/root/ros2_humble/install/ros2launch:/root/ros2_humble/install/ros2pkg:/root/ros2_humble/install/ros2node:/root/ros2_humble/install/ros2multicast:/root/ros2_humble/install/ros2interface:/root/ros2_humble/install/ros2doctor:/root/ros2_humble/install/ros2action:/root/ros2_humble/install/ros2cli:/root/ros2_humble/install/quality_of_service_demo_py:/root/ros2_humble/install/lifecycle_py:/root/ros2_humble/install/launch_testing_ros:/root/ros2_humble/install/launch_ros:/root/ros2_humble/install/examples_rclpy_pointcloud_publisher:/root/ros2_humble/install/examples_rclpy_minimal_subscriber:/root/ros2_humble/install/examples_rclpy_minimal_service:/root/ros2_humble/install/examples_rclpy_minimal_publisher:/root/ros2_humble/install/examples_rclpy_minimal_client:/root/ros2_humble/install/examples_rclpy_minimal_action_server:/root/ros2_humble/install/examples_rclpy_minimal_action_client:/root/ros2_humble/install/examples_rclpy_guard_conditions:/root/ros2_humble/install/examples_rclpy_executors:/root/ros2_humble/install/demo_nodes_py:/root/ros2_humble/install/camera_info_manager_py:/root/ros2_humble/install/adipu_turtlesim_controller:/root/ros2_humble/install/action_tutorials_py:/root/ros2_humble/install/ament_uncrustify:/root/ros2_humble/install/tracetools_trace:/root/ros2_humble/install/tracetools_read:/root/ros2_humble/install/test_tracetools_launch:/root/ros2_humble/install/test_launch_ros:/root/ros2_humble/install/sensor_msgs_py:/root/ros2_humble/install/rpyutils:/root/ros2_humble/install/rosidl_runtime_py:/root/ros2_humble/install/rosidl_cli:/root/ros2_humble/install/launch_pytest:/root/ros2_humble/install/launch_testing:/root/ros2_humble/install/launch_yaml:/root/ros2_humble/install/launch_xml:/root/ros2_humble/install/launch:/root/ros2_humble/install/osrf_pycommon:/root/ros2_humble/install/domain_coordinator:/root/ros2_humble/install/ament_xmllint:/root/ros2_humble/install/ament_pyflakes:/root/ros2_humble/install/ament_pycodestyle:/root/ros2_humble/install/ament_pep257:/root/ros2_humble/install/ament_pclint:/root/ros2_humble/install/ament_package:/root/ros2_humble/install/ament_mypy:/root/ros2_humble/install/ament_lint_cmake:/root/ros2_humble/install/ament_flake8:/root/ros2_humble/install/ament_copyright:/root/ros2_humble/install/ament_lint:/root/ros2_humble/install/ament_index_python:/root/ros2_humble/install/ament_cpplint:/root/ros2_humble/install/ament_cppcheck:/root/ros2_humble/install/ament_clang_tidy:/root/ros2_humble/install/ament_clang_format /usr/bin/cmake --install /root/adipu_ws/build/adipu_msg
