[0.219s] DEBUG:colcon:Command line arguments: ['/usr/bin/colcon', 'build', '--symlink-install']
[0.219s] DEBUG:colcon:Parsed command line arguments: Namespace(log_base=None, log_level=None, verb_name='build', build_base='build', install_base='install', merge_install=False, symlink_install=True, test_result_base=None, continue_on_error=False, executor='parallel', parallel_workers=8, event_handlers=None, ignore_user_meta=False, metas=['./colcon.meta'], base_paths=['.'], packages_ignore=None, packages_ignore_regex=None, paths=None, packages_up_to=None, packages_up_to_regex=None, packages_above=None, packages_above_and_dependencies=None, packages_above_depth=None, packages_select_by_dep=None, packages_skip_by_dep=None, packages_skip_up_to=None, packages_select_build_failed=False, packages_skip_build_finished=False, packages_select_test_failures=False, packages_skip_test_passed=False, packages_select=None, packages_skip=None, packages_select_regex=None, packages_skip_regex=None, packages_start=None, packages_end=None, allow_overriding=[], cmake_args=None, cmake_target=None, cmake_target_skip_unavailable=False, cmake_clean_cache=False, cmake_clean_first=False, cmake_force_configure=False, ament_cmake_args=None, catkin_cmake_args=None, catkin_skip_building_tests=False, mixin_files=None, mixin=None, verb_parser=<colcon_mixin.mixin.mixin_argument.MixinArgumentDecorator object at 0xffffa7b10070>, verb_extension=<colcon_core.verb.build.BuildVerb object at 0xffffa7ad7670>, main=<bound method BuildVerb.main of <colcon_core.verb.build.BuildVerb object at 0xffffa7ad7670>>, mixin_verb=('build',))
[0.595s] Level 1:colcon.colcon_core.package_discovery:discover_packages(colcon_meta) check parameters
[0.595s] Level 1:colcon.colcon_core.package_discovery:discover_packages(recursive) check parameters
[0.595s] Level 1:colcon.colcon_core.package_discovery:discover_packages(ignore) check parameters
[0.595s] Level 1:colcon.colcon_core.package_discovery:discover_packages(path) check parameters
[0.595s] Level 1:colcon.colcon_core.package_discovery:discover_packages(colcon_meta) discover
[0.595s] Level 1:colcon.colcon_core.package_discovery:discover_packages(recursive) discover
[0.595s] INFO:colcon.colcon_core.package_discovery:Crawling recursively for packages in '/root/adipu_ws'
[0.596s] Level 1:colcon.colcon_core.package_identification:_identify(.) by extensions ['ignore', 'ignore_ament_install']
[0.596s] Level 1:colcon.colcon_core.package_identification:_identify(.) by extension 'ignore'
[0.596s] Level 1:colcon.colcon_core.package_identification:_identify(.) by extension 'ignore_ament_install'
[0.596s] Level 1:colcon.colcon_core.package_identification:_identify(.) by extensions ['colcon_pkg']
[0.596s] Level 1:colcon.colcon_core.package_identification:_identify(.) by extension 'colcon_pkg'
[0.596s] Level 1:colcon.colcon_core.package_identification:_identify(.) by extensions ['colcon_meta']
[0.596s] Level 1:colcon.colcon_core.package_identification:_identify(.) by extension 'colcon_meta'
[0.596s] Level 1:colcon.colcon_core.package_identification:_identify(.) by extensions ['ros']
[0.596s] Level 1:colcon.colcon_core.package_identification:_identify(.) by extension 'ros'
[0.612s] Level 1:colcon.colcon_core.package_identification:_identify(.) by extensions ['cmake', 'python']
[0.612s] Level 1:colcon.colcon_core.package_identification:_identify(.) by extension 'cmake'
[0.612s] Level 1:colcon.colcon_core.package_identification:_identify(.) by extension 'python'
[0.612s] Level 1:colcon.colcon_core.package_identification:_identify(.) by extensions ['python_setup_py']
[0.613s] Level 1:colcon.colcon_core.package_identification:_identify(.) by extension 'python_setup_py'
[0.614s] Level 1:colcon.colcon_core.package_identification:_identify(build) by extensions ['ignore', 'ignore_ament_install']
[0.615s] Level 1:colcon.colcon_core.package_identification:_identify(build) by extension 'ignore'
[0.615s] Level 1:colcon.colcon_core.package_identification:_identify(build) ignored
[0.616s] Level 1:colcon.colcon_core.package_identification:_identify(install) by extensions ['ignore', 'ignore_ament_install']
[0.616s] Level 1:colcon.colcon_core.package_identification:_identify(install) by extension 'ignore'
[0.616s] Level 1:colcon.colcon_core.package_identification:_identify(install) ignored
[0.617s] Level 1:colcon.colcon_core.package_identification:_identify(log) by extensions ['ignore', 'ignore_ament_install']
[0.617s] Level 1:colcon.colcon_core.package_identification:_identify(log) by extension 'ignore'
[0.617s] Level 1:colcon.colcon_core.package_identification:_identify(log) ignored
[0.617s] Level 1:colcon.colcon_core.package_identification:_identify(src) by extensions ['ignore', 'ignore_ament_install']
[0.617s] Level 1:colcon.colcon_core.package_identification:_identify(src) by extension 'ignore'
[0.618s] Level 1:colcon.colcon_core.package_identification:_identify(src) by extension 'ignore_ament_install'
[0.618s] Level 1:colcon.colcon_core.package_identification:_identify(src) by extensions ['colcon_pkg']
[0.618s] Level 1:colcon.colcon_core.package_identification:_identify(src) by extension 'colcon_pkg'
[0.618s] Level 1:colcon.colcon_core.package_identification:_identify(src) by extensions ['colcon_meta']
[0.618s] Level 1:colcon.colcon_core.package_identification:_identify(src) by extension 'colcon_meta'
[0.618s] Level 1:colcon.colcon_core.package_identification:_identify(src) by extensions ['ros']
[0.618s] Level 1:colcon.colcon_core.package_identification:_identify(src) by extension 'ros'
[0.619s] Level 1:colcon.colcon_core.package_identification:_identify(src) by extensions ['cmake', 'python']
[0.620s] Level 1:colcon.colcon_core.package_identification:_identify(src) by extension 'cmake'
[0.620s] Level 1:colcon.colcon_core.package_identification:_identify(src) by extension 'python'
[0.620s] Level 1:colcon.colcon_core.package_identification:_identify(src) by extensions ['python_setup_py']
[0.620s] Level 1:colcon.colcon_core.package_identification:_identify(src) by extension 'python_setup_py'
[0.621s] Level 1:colcon.colcon_core.package_identification:_identify(src/adipu_msg) by extensions ['ignore', 'ignore_ament_install']
[0.621s] Level 1:colcon.colcon_core.package_identification:_identify(src/adipu_msg) by extension 'ignore'
[0.621s] Level 1:colcon.colcon_core.package_identification:_identify(src/adipu_msg) by extension 'ignore_ament_install'
[0.621s] Level 1:colcon.colcon_core.package_identification:_identify(src/adipu_msg) by extensions ['colcon_pkg']
[0.621s] Level 1:colcon.colcon_core.package_identification:_identify(src/adipu_msg) by extension 'colcon_pkg'
[0.621s] Level 1:colcon.colcon_core.package_identification:_identify(src/adipu_msg) by extensions ['colcon_meta']
[0.622s] Level 1:colcon.colcon_core.package_identification:_identify(src/adipu_msg) by extension 'colcon_meta'
[0.622s] Level 1:colcon.colcon_core.package_identification:_identify(src/adipu_msg) by extensions ['ros']
[0.622s] Level 1:colcon.colcon_core.package_identification:_identify(src/adipu_msg) by extension 'ros'
[0.627s] DEBUG:colcon.colcon_core.package_identification:Package 'src/adipu_msg' with type 'ros.ament_cmake' and name 'adipu_msg'
[0.627s] Level 1:colcon.colcon_core.package_identification:_identify(src/adipu_turtlesim_controller) by extensions ['ignore', 'ignore_ament_install']
[0.627s] Level 1:colcon.colcon_core.package_identification:_identify(src/adipu_turtlesim_controller) by extension 'ignore'
[0.627s] Level 1:colcon.colcon_core.package_identification:_identify(src/adipu_turtlesim_controller) by extension 'ignore_ament_install'
[0.628s] Level 1:colcon.colcon_core.package_identification:_identify(src/adipu_turtlesim_controller) by extensions ['colcon_pkg']
[0.628s] Level 1:colcon.colcon_core.package_identification:_identify(src/adipu_turtlesim_controller) by extension 'colcon_pkg'
[0.628s] Level 1:colcon.colcon_core.package_identification:_identify(src/adipu_turtlesim_controller) by extensions ['colcon_meta']
[0.628s] Level 1:colcon.colcon_core.package_identification:_identify(src/adipu_turtlesim_controller) by extension 'colcon_meta'
[0.628s] Level 1:colcon.colcon_core.package_identification:_identify(src/adipu_turtlesim_controller) by extensions ['ros']
[0.628s] Level 1:colcon.colcon_core.package_identification:_identify(src/adipu_turtlesim_controller) by extension 'ros'
[0.629s] DEBUG:colcon.colcon_core.package_identification:Package 'src/adipu_turtlesim_controller' with type 'ros.ament_python' and name 'adipu_turtlesim_controller'
[0.629s] Level 1:colcon.colcon_core.package_discovery:discover_packages(recursive) using defaults
[0.629s] Level 1:colcon.colcon_core.package_discovery:discover_packages(ignore) discover
[0.629s] Level 1:colcon.colcon_core.package_discovery:discover_packages(ignore) using defaults
[0.629s] Level 1:colcon.colcon_core.package_discovery:discover_packages(path) discover
[0.629s] Level 1:colcon.colcon_core.package_discovery:discover_packages(path) using defaults
[0.658s] Level 1:colcon.colcon_core.package_discovery:discover_packages(prefix_path) check parameters
[0.658s] Level 1:colcon.colcon_core.package_discovery:discover_packages(prefix_path) discover
[0.772s] DEBUG:colcon.colcon_installed_package_information.package_discovery:Found 2 installed packages in /root/adipu_ws/install
[0.824s] DEBUG:colcon.colcon_installed_package_information.package_discovery:Found 347 installed packages in /root/ros2_humble/install
[0.826s] Level 1:colcon.colcon_core.package_discovery:discover_packages(prefix_path) using defaults
[1.001s] Level 5:colcon.colcon_core.verb:set package 'adipu_msg' build argument 'cmake_args' from command line to 'None'
[1.001s] Level 5:colcon.colcon_core.verb:set package 'adipu_msg' build argument 'cmake_target' from command line to 'None'
[1.001s] Level 5:colcon.colcon_core.verb:set package 'adipu_msg' build argument 'cmake_target_skip_unavailable' from command line to 'False'
[1.001s] Level 5:colcon.colcon_core.verb:set package 'adipu_msg' build argument 'cmake_clean_cache' from command line to 'False'
[1.001s] Level 5:colcon.colcon_core.verb:set package 'adipu_msg' build argument 'cmake_clean_first' from command line to 'False'
[1.001s] Level 5:colcon.colcon_core.verb:set package 'adipu_msg' build argument 'cmake_force_configure' from command line to 'False'
[1.001s] Level 5:colcon.colcon_core.verb:set package 'adipu_msg' build argument 'ament_cmake_args' from command line to 'None'
[1.001s] Level 5:colcon.colcon_core.verb:set package 'adipu_msg' build argument 'catkin_cmake_args' from command line to 'None'
[1.001s] Level 5:colcon.colcon_core.verb:set package 'adipu_msg' build argument 'catkin_skip_building_tests' from command line to 'False'
[1.001s] DEBUG:colcon.colcon_core.verb:Building package 'adipu_msg' with the following arguments: {'ament_cmake_args': None, 'build_base': '/root/adipu_ws/build/adipu_msg', 'catkin_cmake_args': None, 'catkin_skip_building_tests': False, 'cmake_args': None, 'cmake_clean_cache': False, 'cmake_clean_first': False, 'cmake_force_configure': False, 'cmake_target': None, 'cmake_target_skip_unavailable': False, 'install_base': '/root/adipu_ws/install/adipu_msg', 'merge_install': False, 'path': '/root/adipu_ws/src/adipu_msg', 'symlink_install': True, 'test_result_base': None}
[1.001s] Level 5:colcon.colcon_core.verb:set package 'adipu_turtlesim_controller' build argument 'cmake_args' from command line to 'None'
[1.001s] Level 5:colcon.colcon_core.verb:set package 'adipu_turtlesim_controller' build argument 'cmake_target' from command line to 'None'
[1.001s] Level 5:colcon.colcon_core.verb:set package 'adipu_turtlesim_controller' build argument 'cmake_target_skip_unavailable' from command line to 'False'
[1.001s] Level 5:colcon.colcon_core.verb:set package 'adipu_turtlesim_controller' build argument 'cmake_clean_cache' from command line to 'False'
[1.002s] Level 5:colcon.colcon_core.verb:set package 'adipu_turtlesim_controller' build argument 'cmake_clean_first' from command line to 'False'
[1.002s] Level 5:colcon.colcon_core.verb:set package 'adipu_turtlesim_controller' build argument 'cmake_force_configure' from command line to 'False'
[1.002s] Level 5:colcon.colcon_core.verb:set package 'adipu_turtlesim_controller' build argument 'ament_cmake_args' from command line to 'None'
[1.002s] Level 5:colcon.colcon_core.verb:set package 'adipu_turtlesim_controller' build argument 'catkin_cmake_args' from command line to 'None'
[1.002s] Level 5:colcon.colcon_core.verb:set package 'adipu_turtlesim_controller' build argument 'catkin_skip_building_tests' from command line to 'False'
[1.002s] DEBUG:colcon.colcon_core.verb:Building package 'adipu_turtlesim_controller' with the following arguments: {'ament_cmake_args': None, 'build_base': '/root/adipu_ws/build/adipu_turtlesim_controller', 'catkin_cmake_args': None, 'catkin_skip_building_tests': False, 'cmake_args': None, 'cmake_clean_cache': False, 'cmake_clean_first': False, 'cmake_force_configure': False, 'cmake_target': None, 'cmake_target_skip_unavailable': False, 'install_base': '/root/adipu_ws/install/adipu_turtlesim_controller', 'merge_install': False, 'path': '/root/adipu_ws/src/adipu_turtlesim_controller', 'symlink_install': True, 'test_result_base': None}
[1.002s] INFO:colcon.colcon_core.executor:Executing jobs using 'parallel' executor
[1.003s] DEBUG:colcon.colcon_parallel_executor.executor.parallel:run_until_complete
[1.003s] INFO:colcon.colcon_ros.task.ament_cmake.build:Building ROS package in '/root/adipu_ws/src/adipu_msg' with build type 'ament_cmake'
[1.003s] INFO:colcon.colcon_cmake.task.cmake.build:Building CMake package in '/root/adipu_ws/src/adipu_msg'
[1.006s] INFO:colcon.colcon_core.plugin_system:Skipping extension 'colcon_core.shell.bat': Not used on non-Windows systems
[1.007s] INFO:colcon.colcon_core.shell:Skip shell extension 'powershell' for command environment: Not usable outside of PowerShell
[1.007s] DEBUG:colcon.colcon_core.shell:Skip shell extension 'dsv' for command environment
[1.326s] DEBUG:colcon.colcon_core.event_handler.log_command:Invoking command in '/root/adipu_ws/build/adipu_msg': CMAKE_PREFIX_PATH=${CMAKE_PREFIX_PATH}:/root/ros2_humble/install/rqt_bag_plugins:/root/ros2_humble/install/rqt_bag:/root/ros2_humble/install/launch_testing_examples:/root/ros2_humble/install/ros2bag:/root/ros2_humble/install/tracetools_test:/root/ros2_humble/install/tracetools_launch:/root/ros2_humble/install/topic_monitor:/root/ros2_humble/install/tf2_tools:/root/ros2_humble/install/examples_tf2_py:/root/ros2_humble/install/tf2_ros_py:/root/ros2_humble/install/sros2:/root/ros2_humble/install/rqt_topic:/root/ros2_humble/install/rqt_srv:/root/ros2_humble/install/rqt_shell:/root/ros2_humble/install/rqt_service_caller:/root/ros2_humble/install/rqt_reconfigure:/root/ros2_humble/install/rqt_py_console:/root/ros2_humble/install/rqt_publisher:/root/ros2_humble/install/rqt_plot:/root/ros2_humble/install/rqt_action:/root/ros2_humble/install/rqt_msg:/root/ros2_humble/install/rqt_console:/root/ros2_humble/install/rqt:/root/ros2_humble/install/rqt_graph:/root/ros2_humble/install/rqt_gui_py:/root/ros2_humble/install/rqt_gui:/root/ros2_humble/install/ros2trace:/root/ros2_humble/install/ros2topic:/root/ros2_humble/install/ros2test:/root/ros2_humble/install/ros2component:/root/ros2_humble/install/ros2param:/root/ros2_humble/install/ros2lifecycle:/root/ros2_humble/install/ros2service:/root/ros2_humble/install/ros2run:/root/ros2_humble/install/ros2launch:/root/ros2_humble/install/ros2pkg:/root/ros2_humble/install/ros2node:/root/ros2_humble/install/ros2multicast:/root/ros2_humble/install/ros2interface:/root/ros2_humble/install/ros2doctor:/root/ros2_humble/install/ros2action:/root/ros2_humble/install/ros2cli:/root/ros2_humble/install/quality_of_service_demo_py:/root/ros2_humble/install/lifecycle_py:/root/ros2_humble/install/launch_testing_ros:/root/ros2_humble/install/launch_ros:/root/ros2_humble/install/examples_rclpy_pointcloud_publisher:/root/ros2_humble/install/examples_rclpy_minimal_subscriber:/root/ros2_humble/install/examples_rclpy_minimal_service:/root/ros2_humble/install/examples_rclpy_minimal_publisher:/root/ros2_humble/install/examples_rclpy_minimal_client:/root/ros2_humble/install/examples_rclpy_minimal_action_server:/root/ros2_humble/install/examples_rclpy_minimal_action_client:/root/ros2_humble/install/examples_rclpy_guard_conditions:/root/ros2_humble/install/examples_rclpy_executors:/root/ros2_humble/install/demo_nodes_py:/root/ros2_humble/install/camera_info_manager_py:/root/ros2_humble/install/adipu_turtlesim_controller:/root/ros2_humble/install/action_tutorials_py:/root/ros2_humble/install/ament_uncrustify:/root/ros2_humble/install/tracetools_trace:/root/ros2_humble/install/tracetools_read:/root/ros2_humble/install/test_tracetools_launch:/root/ros2_humble/install/test_launch_ros:/root/ros2_humble/install/sensor_msgs_py:/root/ros2_humble/install/rpyutils:/root/ros2_humble/install/rosidl_runtime_py:/root/ros2_humble/install/rosidl_cli:/root/ros2_humble/install/launch_pytest:/root/ros2_humble/install/launch_testing:/root/ros2_humble/install/launch_yaml:/root/ros2_humble/install/launch_xml:/root/ros2_humble/install/launch:/root/ros2_humble/install/osrf_pycommon:/root/ros2_humble/install/domain_coordinator:/root/ros2_humble/install/ament_xmllint:/root/ros2_humble/install/ament_pyflakes:/root/ros2_humble/install/ament_pycodestyle:/root/ros2_humble/install/ament_pep257:/root/ros2_humble/install/ament_pclint:/root/ros2_humble/install/ament_package:/root/ros2_humble/install/ament_mypy:/root/ros2_humble/install/ament_lint_cmake:/root/ros2_humble/install/ament_flake8:/root/ros2_humble/install/ament_copyright:/root/ros2_humble/install/ament_lint:/root/ros2_humble/install/ament_index_python:/root/ros2_humble/install/ament_cpplint:/root/ros2_humble/install/ament_cppcheck:/root/ros2_humble/install/ament_clang_tidy:/root/ros2_humble/install/ament_clang_format /usr/bin/cmake --build /root/adipu_ws/build/adipu_msg -- -j8 -l8
[10.488s] DEBUG:colcon.colcon_core.event_handler.log_command:Invoked command in '/root/adipu_ws/build/adipu_msg' returned '0': CMAKE_PREFIX_PATH=${CMAKE_PREFIX_PATH}:/root/ros2_humble/install/rqt_bag_plugins:/root/ros2_humble/install/rqt_bag:/root/ros2_humble/install/launch_testing_examples:/root/ros2_humble/install/ros2bag:/root/ros2_humble/install/tracetools_test:/root/ros2_humble/install/tracetools_launch:/root/ros2_humble/install/topic_monitor:/root/ros2_humble/install/tf2_tools:/root/ros2_humble/install/examples_tf2_py:/root/ros2_humble/install/tf2_ros_py:/root/ros2_humble/install/sros2:/root/ros2_humble/install/rqt_topic:/root/ros2_humble/install/rqt_srv:/root/ros2_humble/install/rqt_shell:/root/ros2_humble/install/rqt_service_caller:/root/ros2_humble/install/rqt_reconfigure:/root/ros2_humble/install/rqt_py_console:/root/ros2_humble/install/rqt_publisher:/root/ros2_humble/install/rqt_plot:/root/ros2_humble/install/rqt_action:/root/ros2_humble/install/rqt_msg:/root/ros2_humble/install/rqt_console:/root/ros2_humble/install/rqt:/root/ros2_humble/install/rqt_graph:/root/ros2_humble/install/rqt_gui_py:/root/ros2_humble/install/rqt_gui:/root/ros2_humble/install/ros2trace:/root/ros2_humble/install/ros2topic:/root/ros2_humble/install/ros2test:/root/ros2_humble/install/ros2component:/root/ros2_humble/install/ros2param:/root/ros2_humble/install/ros2lifecycle:/root/ros2_humble/install/ros2service:/root/ros2_humble/install/ros2run:/root/ros2_humble/install/ros2launch:/root/ros2_humble/install/ros2pkg:/root/ros2_humble/install/ros2node:/root/ros2_humble/install/ros2multicast:/root/ros2_humble/install/ros2interface:/root/ros2_humble/install/ros2doctor:/root/ros2_humble/install/ros2action:/root/ros2_humble/install/ros2cli:/root/ros2_humble/install/quality_of_service_demo_py:/root/ros2_humble/install/lifecycle_py:/root/ros2_humble/install/launch_testing_ros:/root/ros2_humble/install/launch_ros:/root/ros2_humble/install/examples_rclpy_pointcloud_publisher:/root/ros2_humble/install/examples_rclpy_minimal_subscriber:/root/ros2_humble/install/examples_rclpy_minimal_service:/root/ros2_humble/install/examples_rclpy_minimal_publisher:/root/ros2_humble/install/examples_rclpy_minimal_client:/root/ros2_humble/install/examples_rclpy_minimal_action_server:/root/ros2_humble/install/examples_rclpy_minimal_action_client:/root/ros2_humble/install/examples_rclpy_guard_conditions:/root/ros2_humble/install/examples_rclpy_executors:/root/ros2_humble/install/demo_nodes_py:/root/ros2_humble/install/camera_info_manager_py:/root/ros2_humble/install/adipu_turtlesim_controller:/root/ros2_humble/install/action_tutorials_py:/root/ros2_humble/install/ament_uncrustify:/root/ros2_humble/install/tracetools_trace:/root/ros2_humble/install/tracetools_read:/root/ros2_humble/install/test_tracetools_launch:/root/ros2_humble/install/test_launch_ros:/root/ros2_humble/install/sensor_msgs_py:/root/ros2_humble/install/rpyutils:/root/ros2_humble/install/rosidl_runtime_py:/root/ros2_humble/install/rosidl_cli:/root/ros2_humble/install/launch_pytest:/root/ros2_humble/install/launch_testing:/root/ros2_humble/install/launch_yaml:/root/ros2_humble/install/launch_xml:/root/ros2_humble/install/launch:/root/ros2_humble/install/osrf_pycommon:/root/ros2_humble/install/domain_coordinator:/root/ros2_humble/install/ament_xmllint:/root/ros2_humble/install/ament_pyflakes:/root/ros2_humble/install/ament_pycodestyle:/root/ros2_humble/install/ament_pep257:/root/ros2_humble/install/ament_pclint:/root/ros2_humble/install/ament_package:/root/ros2_humble/install/ament_mypy:/root/ros2_humble/install/ament_lint_cmake:/root/ros2_humble/install/ament_flake8:/root/ros2_humble/install/ament_copyright:/root/ros2_humble/install/ament_lint:/root/ros2_humble/install/ament_index_python:/root/ros2_humble/install/ament_cpplint:/root/ros2_humble/install/ament_cppcheck:/root/ros2_humble/install/ament_clang_tidy:/root/ros2_humble/install/ament_clang_format /usr/bin/cmake --build /root/adipu_ws/build/adipu_msg -- -j8 -l8
[10.812s] DEBUG:colcon.colcon_core.event_handler.log_command:Invoking command in '/root/adipu_ws/build/adipu_msg': CMAKE_PREFIX_PATH=${CMAKE_PREFIX_PATH}:/root/ros2_humble/install/rqt_bag_plugins:/root/ros2_humble/install/rqt_bag:/root/ros2_humble/install/launch_testing_examples:/root/ros2_humble/install/ros2bag:/root/ros2_humble/install/tracetools_test:/root/ros2_humble/install/tracetools_launch:/root/ros2_humble/install/topic_monitor:/root/ros2_humble/install/tf2_tools:/root/ros2_humble/install/examples_tf2_py:/root/ros2_humble/install/tf2_ros_py:/root/ros2_humble/install/sros2:/root/ros2_humble/install/rqt_topic:/root/ros2_humble/install/rqt_srv:/root/ros2_humble/install/rqt_shell:/root/ros2_humble/install/rqt_service_caller:/root/ros2_humble/install/rqt_reconfigure:/root/ros2_humble/install/rqt_py_console:/root/ros2_humble/install/rqt_publisher:/root/ros2_humble/install/rqt_plot:/root/ros2_humble/install/rqt_action:/root/ros2_humble/install/rqt_msg:/root/ros2_humble/install/rqt_console:/root/ros2_humble/install/rqt:/root/ros2_humble/install/rqt_graph:/root/ros2_humble/install/rqt_gui_py:/root/ros2_humble/install/rqt_gui:/root/ros2_humble/install/ros2trace:/root/ros2_humble/install/ros2topic:/root/ros2_humble/install/ros2test:/root/ros2_humble/install/ros2component:/root/ros2_humble/install/ros2param:/root/ros2_humble/install/ros2lifecycle:/root/ros2_humble/install/ros2service:/root/ros2_humble/install/ros2run:/root/ros2_humble/install/ros2launch:/root/ros2_humble/install/ros2pkg:/root/ros2_humble/install/ros2node:/root/ros2_humble/install/ros2multicast:/root/ros2_humble/install/ros2interface:/root/ros2_humble/install/ros2doctor:/root/ros2_humble/install/ros2action:/root/ros2_humble/install/ros2cli:/root/ros2_humble/install/quality_of_service_demo_py:/root/ros2_humble/install/lifecycle_py:/root/ros2_humble/install/launch_testing_ros:/root/ros2_humble/install/launch_ros:/root/ros2_humble/install/examples_rclpy_pointcloud_publisher:/root/ros2_humble/install/examples_rclpy_minimal_subscriber:/root/ros2_humble/install/examples_rclpy_minimal_service:/root/ros2_humble/install/examples_rclpy_minimal_publisher:/root/ros2_humble/install/examples_rclpy_minimal_client:/root/ros2_humble/install/examples_rclpy_minimal_action_server:/root/ros2_humble/install/examples_rclpy_minimal_action_client:/root/ros2_humble/install/examples_rclpy_guard_conditions:/root/ros2_humble/install/examples_rclpy_executors:/root/ros2_humble/install/demo_nodes_py:/root/ros2_humble/install/camera_info_manager_py:/root/ros2_humble/install/adipu_turtlesim_controller:/root/ros2_humble/install/action_tutorials_py:/root/ros2_humble/install/ament_uncrustify:/root/ros2_humble/install/tracetools_trace:/root/ros2_humble/install/tracetools_read:/root/ros2_humble/install/test_tracetools_launch:/root/ros2_humble/install/test_launch_ros:/root/ros2_humble/install/sensor_msgs_py:/root/ros2_humble/install/rpyutils:/root/ros2_humble/install/rosidl_runtime_py:/root/ros2_humble/install/rosidl_cli:/root/ros2_humble/install/launch_pytest:/root/ros2_humble/install/launch_testing:/root/ros2_humble/install/launch_yaml:/root/ros2_humble/install/launch_xml:/root/ros2_humble/install/launch:/root/ros2_humble/install/osrf_pycommon:/root/ros2_humble/install/domain_coordinator:/root/ros2_humble/install/ament_xmllint:/root/ros2_humble/install/ament_pyflakes:/root/ros2_humble/install/ament_pycodestyle:/root/ros2_humble/install/ament_pep257:/root/ros2_humble/install/ament_pclint:/root/ros2_humble/install/ament_package:/root/ros2_humble/install/ament_mypy:/root/ros2_humble/install/ament_lint_cmake:/root/ros2_humble/install/ament_flake8:/root/ros2_humble/install/ament_copyright:/root/ros2_humble/install/ament_lint:/root/ros2_humble/install/ament_index_python:/root/ros2_humble/install/ament_cpplint:/root/ros2_humble/install/ament_cppcheck:/root/ros2_humble/install/ament_clang_tidy:/root/ros2_humble/install/ament_clang_format /usr/bin/cmake --install /root/adipu_ws/build/adipu_msg
[11.798s] Level 1:colcon.colcon_core.environment:create_environment_scripts_only(adipu_msg)
[11.804s] Level 1:colcon.colcon_core.environment:checking '/root/adipu_ws/install/adipu_msg' for CMake module files
[11.805s] DEBUG:colcon.colcon_core.event_handler.log_command:Invoked command in '/root/adipu_ws/build/adipu_msg' returned '0': CMAKE_PREFIX_PATH=${CMAKE_PREFIX_PATH}:/root/ros2_humble/install/rqt_bag_plugins:/root/ros2_humble/install/rqt_bag:/root/ros2_humble/install/launch_testing_examples:/root/ros2_humble/install/ros2bag:/root/ros2_humble/install/tracetools_test:/root/ros2_humble/install/tracetools_launch:/root/ros2_humble/install/topic_monitor:/root/ros2_humble/install/tf2_tools:/root/ros2_humble/install/examples_tf2_py:/root/ros2_humble/install/tf2_ros_py:/root/ros2_humble/install/sros2:/root/ros2_humble/install/rqt_topic:/root/ros2_humble/install/rqt_srv:/root/ros2_humble/install/rqt_shell:/root/ros2_humble/install/rqt_service_caller:/root/ros2_humble/install/rqt_reconfigure:/root/ros2_humble/install/rqt_py_console:/root/ros2_humble/install/rqt_publisher:/root/ros2_humble/install/rqt_plot:/root/ros2_humble/install/rqt_action:/root/ros2_humble/install/rqt_msg:/root/ros2_humble/install/rqt_console:/root/ros2_humble/install/rqt:/root/ros2_humble/install/rqt_graph:/root/ros2_humble/install/rqt_gui_py:/root/ros2_humble/install/rqt_gui:/root/ros2_humble/install/ros2trace:/root/ros2_humble/install/ros2topic:/root/ros2_humble/install/ros2test:/root/ros2_humble/install/ros2component:/root/ros2_humble/install/ros2param:/root/ros2_humble/install/ros2lifecycle:/root/ros2_humble/install/ros2service:/root/ros2_humble/install/ros2run:/root/ros2_humble/install/ros2launch:/root/ros2_humble/install/ros2pkg:/root/ros2_humble/install/ros2node:/root/ros2_humble/install/ros2multicast:/root/ros2_humble/install/ros2interface:/root/ros2_humble/install/ros2doctor:/root/ros2_humble/install/ros2action:/root/ros2_humble/install/ros2cli:/root/ros2_humble/install/quality_of_service_demo_py:/root/ros2_humble/install/lifecycle_py:/root/ros2_humble/install/launch_testing_ros:/root/ros2_humble/install/launch_ros:/root/ros2_humble/install/examples_rclpy_pointcloud_publisher:/root/ros2_humble/install/examples_rclpy_minimal_subscriber:/root/ros2_humble/install/examples_rclpy_minimal_service:/root/ros2_humble/install/examples_rclpy_minimal_publisher:/root/ros2_humble/install/examples_rclpy_minimal_client:/root/ros2_humble/install/examples_rclpy_minimal_action_server:/root/ros2_humble/install/examples_rclpy_minimal_action_client:/root/ros2_humble/install/examples_rclpy_guard_conditions:/root/ros2_humble/install/examples_rclpy_executors:/root/ros2_humble/install/demo_nodes_py:/root/ros2_humble/install/camera_info_manager_py:/root/ros2_humble/install/adipu_turtlesim_controller:/root/ros2_humble/install/action_tutorials_py:/root/ros2_humble/install/ament_uncrustify:/root/ros2_humble/install/tracetools_trace:/root/ros2_humble/install/tracetools_read:/root/ros2_humble/install/test_tracetools_launch:/root/ros2_humble/install/test_launch_ros:/root/ros2_humble/install/sensor_msgs_py:/root/ros2_humble/install/rpyutils:/root/ros2_humble/install/rosidl_runtime_py:/root/ros2_humble/install/rosidl_cli:/root/ros2_humble/install/launch_pytest:/root/ros2_humble/install/launch_testing:/root/ros2_humble/install/launch_yaml:/root/ros2_humble/install/launch_xml:/root/ros2_humble/install/launch:/root/ros2_humble/install/osrf_pycommon:/root/ros2_humble/install/domain_coordinator:/root/ros2_humble/install/ament_xmllint:/root/ros2_humble/install/ament_pyflakes:/root/ros2_humble/install/ament_pycodestyle:/root/ros2_humble/install/ament_pep257:/root/ros2_humble/install/ament_pclint:/root/ros2_humble/install/ament_package:/root/ros2_humble/install/ament_mypy:/root/ros2_humble/install/ament_lint_cmake:/root/ros2_humble/install/ament_flake8:/root/ros2_humble/install/ament_copyright:/root/ros2_humble/install/ament_lint:/root/ros2_humble/install/ament_index_python:/root/ros2_humble/install/ament_cpplint:/root/ros2_humble/install/ament_cppcheck:/root/ros2_humble/install/ament_clang_tidy:/root/ros2_humble/install/ament_clang_format /usr/bin/cmake --install /root/adipu_ws/build/adipu_msg
[11.809s] Level 1:colcon.colcon_core.environment:checking '/root/adipu_ws/install/adipu_msg' for CMake config files
[11.813s] Level 1:colcon.colcon_core.shell:create_environment_hook('adipu_msg', 'cmake_prefix_path')
[11.814s] INFO:colcon.colcon_core.shell:Creating environment hook '/root/adipu_ws/install/adipu_msg/share/adipu_msg/hook/cmake_prefix_path.ps1'
[11.816s] INFO:colcon.colcon_core.shell:Creating environment descriptor '/root/adipu_ws/install/adipu_msg/share/adipu_msg/hook/cmake_prefix_path.dsv'
[11.817s] INFO:colcon.colcon_core.shell:Creating environment hook '/root/adipu_ws/install/adipu_msg/share/adipu_msg/hook/cmake_prefix_path.sh'
[11.820s] Level 1:colcon.colcon_core.environment:checking '/root/adipu_ws/install/adipu_msg/lib'
[11.820s] Level 1:colcon.colcon_core.shell:create_environment_hook('adipu_msg', 'ld_library_path_lib')
[11.820s] INFO:colcon.colcon_core.shell:Creating environment hook '/root/adipu_ws/install/adipu_msg/share/adipu_msg/hook/ld_library_path_lib.ps1'
[11.821s] INFO:colcon.colcon_core.shell:Creating environment descriptor '/root/adipu_ws/install/adipu_msg/share/adipu_msg/hook/ld_library_path_lib.dsv'
[11.821s] INFO:colcon.colcon_core.shell:Creating environment hook '/root/adipu_ws/install/adipu_msg/share/adipu_msg/hook/ld_library_path_lib.sh'
[11.822s] Level 1:colcon.colcon_core.environment:checking '/root/adipu_ws/install/adipu_msg/bin'
[11.822s] Level 1:colcon.colcon_core.environment:checking '/root/adipu_ws/install/adipu_msg/lib/pkgconfig/adipu_msg.pc'
[11.826s] Level 1:colcon.colcon_core.environment:checking '/root/adipu_ws/install/adipu_msg/lib/python3.10/site-packages'
[11.826s] Level 1:colcon.colcon_core.environment:checking '/root/adipu_ws/install/adipu_msg/bin'
[11.826s] INFO:colcon.colcon_core.shell:Creating package script '/root/adipu_ws/install/adipu_msg/share/adipu_msg/package.ps1'
[11.827s] INFO:colcon.colcon_core.shell:Creating package descriptor '/root/adipu_ws/install/adipu_msg/share/adipu_msg/package.dsv'
[11.827s] INFO:colcon.colcon_core.shell:Creating package script '/root/adipu_ws/install/adipu_msg/share/adipu_msg/package.sh'
[11.829s] INFO:colcon.colcon_core.shell:Creating package script '/root/adipu_ws/install/adipu_msg/share/adipu_msg/package.bash'
[11.829s] INFO:colcon.colcon_core.shell:Creating package script '/root/adipu_ws/install/adipu_msg/share/adipu_msg/package.zsh'
[11.830s] Level 1:colcon.colcon_core.environment:create_file_with_runtime_dependencies(/root/adipu_ws/install/adipu_msg/share/colcon-core/packages/adipu_msg)
[11.832s] Level 1:colcon.colcon_core.environment:create_environment_scripts_only(adipu_msg)
[11.832s] Level 1:colcon.colcon_core.environment:checking '/root/adipu_ws/install/adipu_msg' for CMake module files
[11.834s] Level 1:colcon.colcon_core.environment:checking '/root/adipu_ws/install/adipu_msg' for CMake config files
[11.838s] Level 1:colcon.colcon_core.shell:create_environment_hook('adipu_msg', 'cmake_prefix_path')
[11.838s] INFO:colcon.colcon_core.shell:Creating environment hook '/root/adipu_ws/install/adipu_msg/share/adipu_msg/hook/cmake_prefix_path.ps1'
[11.840s] INFO:colcon.colcon_core.shell:Creating environment descriptor '/root/adipu_ws/install/adipu_msg/share/adipu_msg/hook/cmake_prefix_path.dsv'
[11.841s] INFO:colcon.colcon_core.shell:Creating environment hook '/root/adipu_ws/install/adipu_msg/share/adipu_msg/hook/cmake_prefix_path.sh'
[11.841s] Level 1:colcon.colcon_core.environment:checking '/root/adipu_ws/install/adipu_msg/lib'
[11.842s] Level 1:colcon.colcon_core.shell:create_environment_hook('adipu_msg', 'ld_library_path_lib')
[11.842s] INFO:colcon.colcon_core.shell:Creating environment hook '/root/adipu_ws/install/adipu_msg/share/adipu_msg/hook/ld_library_path_lib.ps1'
[11.842s] INFO:colcon.colcon_core.shell:Creating environment descriptor '/root/adipu_ws/install/adipu_msg/share/adipu_msg/hook/ld_library_path_lib.dsv'
[11.843s] INFO:colcon.colcon_core.shell:Creating environment hook '/root/adipu_ws/install/adipu_msg/share/adipu_msg/hook/ld_library_path_lib.sh'
[11.843s] Level 1:colcon.colcon_core.environment:checking '/root/adipu_ws/install/adipu_msg/bin'
[11.843s] Level 1:colcon.colcon_core.environment:checking '/root/adipu_ws/install/adipu_msg/lib/pkgconfig/adipu_msg.pc'
[11.843s] Level 1:colcon.colcon_core.environment:checking '/root/adipu_ws/install/adipu_msg/lib/python3.10/site-packages'
[11.843s] Level 1:colcon.colcon_core.environment:checking '/root/adipu_ws/install/adipu_msg/bin'
[11.844s] INFO:colcon.colcon_core.shell:Creating package script '/root/adipu_ws/install/adipu_msg/share/adipu_msg/package.ps1'
[11.844s] INFO:colcon.colcon_core.shell:Creating package descriptor '/root/adipu_ws/install/adipu_msg/share/adipu_msg/package.dsv'
[11.844s] INFO:colcon.colcon_core.shell:Creating package script '/root/adipu_ws/install/adipu_msg/share/adipu_msg/package.sh'
[11.845s] INFO:colcon.colcon_core.shell:Creating package script '/root/adipu_ws/install/adipu_msg/share/adipu_msg/package.bash'
[11.845s] INFO:colcon.colcon_core.shell:Creating package script '/root/adipu_ws/install/adipu_msg/share/adipu_msg/package.zsh'
[11.846s] Level 1:colcon.colcon_core.environment:create_file_with_runtime_dependencies(/root/adipu_ws/install/adipu_msg/share/colcon-core/packages/adipu_msg)
[11.847s] INFO:colcon.colcon_ros.task.ament_python.build:Building ROS package in '/root/adipu_ws/src/adipu_turtlesim_controller' with build type 'ament_python'
[11.847s] Level 1:colcon.colcon_core.shell:create_environment_hook('adipu_turtlesim_controller', 'ament_prefix_path')
[11.847s] INFO:colcon.colcon_core.shell:Creating environment hook '/root/adipu_ws/install/adipu_turtlesim_controller/share/adipu_turtlesim_controller/hook/ament_prefix_path.ps1'
[11.849s] INFO:colcon.colcon_core.shell:Creating environment descriptor '/root/adipu_ws/install/adipu_turtlesim_controller/share/adipu_turtlesim_controller/hook/ament_prefix_path.dsv'
[11.850s] INFO:colcon.colcon_core.shell:Creating environment hook '/root/adipu_ws/install/adipu_turtlesim_controller/share/adipu_turtlesim_controller/hook/ament_prefix_path.sh'
[11.851s] INFO:colcon.colcon_core.shell:Skip shell extension 'powershell' for command environment: Not usable outside of PowerShell
[11.851s] DEBUG:colcon.colcon_core.shell:Skip shell extension 'dsv' for command environment
[12.848s] INFO:colcon.colcon_core.task.python.build:Building Python package in '/root/adipu_ws/src/adipu_turtlesim_controller'
[12.848s] INFO:colcon.colcon_core.shell:Skip shell extension 'powershell' for command environment: Not usable outside of PowerShell
[12.848s] DEBUG:colcon.colcon_core.shell:Skip shell extension 'dsv' for command environment
[13.979s] DEBUG:colcon.colcon_core.event_handler.log_command:Invoking command in '/root/adipu_ws/build/adipu_turtlesim_controller': PYTHONPATH=/root/adipu_ws/build/adipu_turtlesim_controller/prefix_override:/usr/lib/python3/dist-packages/colcon_core/task/python/colcon_distutils_commands:/root/adipu_ws/install/adipu_turtlesim_controller/lib/python3.10/site-packages:${PYTHONPATH} /usr/bin/python3 -W ignore:setup.py install is deprecated -W ignore:easy_install command is deprecated setup.py develop --editable --build-directory /root/adipu_ws/build/adipu_turtlesim_controller/build --no-deps symlink_data
[15.197s] Level 1:colcon.colcon_core.shell:create_environment_hook('adipu_turtlesim_controller', 'pythonpath_develop')
[15.197s] INFO:colcon.colcon_core.shell:Creating environment hook '/root/adipu_ws/build/adipu_turtlesim_controller/share/adipu_turtlesim_controller/hook/pythonpath_develop.ps1'
[15.198s] DEBUG:colcon.colcon_core.event_handler.log_command:Invoked command in '/root/adipu_ws/build/adipu_turtlesim_controller' returned '0': PYTHONPATH=/root/adipu_ws/build/adipu_turtlesim_controller/prefix_override:/usr/lib/python3/dist-packages/colcon_core/task/python/colcon_distutils_commands:/root/adipu_ws/install/adipu_turtlesim_controller/lib/python3.10/site-packages:${PYTHONPATH} /usr/bin/python3 -W ignore:setup.py install is deprecated -W ignore:easy_install command is deprecated setup.py develop --editable --build-directory /root/adipu_ws/build/adipu_turtlesim_controller/build --no-deps symlink_data
[15.199s] INFO:colcon.colcon_core.shell:Creating environment descriptor '/root/adipu_ws/build/adipu_turtlesim_controller/share/adipu_turtlesim_controller/hook/pythonpath_develop.dsv'
[15.200s] INFO:colcon.colcon_core.shell:Creating environment hook '/root/adipu_ws/build/adipu_turtlesim_controller/share/adipu_turtlesim_controller/hook/pythonpath_develop.sh'
[15.200s] Level 1:colcon.colcon_core.environment:checking '/root/adipu_ws/install/adipu_turtlesim_controller' for CMake module files
[15.207s] Level 1:colcon.colcon_core.environment:checking '/root/adipu_ws/install/adipu_turtlesim_controller' for CMake config files
[15.217s] Level 1:colcon.colcon_core.shell:create_environment_hook('adipu_turtlesim_controller', 'cmake_prefix_path')
[15.217s] INFO:colcon.colcon_core.shell:Creating environment hook '/root/adipu_ws/install/adipu_turtlesim_controller/share/adipu_turtlesim_controller/hook/cmake_prefix_path.ps1'
[15.217s] INFO:colcon.colcon_core.shell:Creating environment descriptor '/root/adipu_ws/install/adipu_turtlesim_controller/share/adipu_turtlesim_controller/hook/cmake_prefix_path.dsv'
[15.218s] INFO:colcon.colcon_core.shell:Creating environment hook '/root/adipu_ws/install/adipu_turtlesim_controller/share/adipu_turtlesim_controller/hook/cmake_prefix_path.sh'
[15.218s] Level 1:colcon.colcon_core.environment:checking '/root/adipu_ws/install/adipu_turtlesim_controller/lib'
[15.219s] Level 1:colcon.colcon_core.shell:create_environment_hook('adipu_turtlesim_controller', 'ld_library_path_lib')
[15.219s] INFO:colcon.colcon_core.shell:Creating environment hook '/root/adipu_ws/install/adipu_turtlesim_controller/share/adipu_turtlesim_controller/hook/ld_library_path_lib.ps1'
[15.219s] INFO:colcon.colcon_core.shell:Creating environment descriptor '/root/adipu_ws/install/adipu_turtlesim_controller/share/adipu_turtlesim_controller/hook/ld_library_path_lib.dsv'
[15.220s] INFO:colcon.colcon_core.shell:Creating environment hook '/root/adipu_ws/install/adipu_turtlesim_controller/share/adipu_turtlesim_controller/hook/ld_library_path_lib.sh'
[15.220s] Level 1:colcon.colcon_core.environment:checking '/root/adipu_ws/install/adipu_turtlesim_controller/bin'
[15.220s] Level 1:colcon.colcon_core.environment:checking '/root/adipu_ws/install/adipu_turtlesim_controller/lib/pkgconfig/adipu_turtlesim_controller.pc'
[15.220s] Level 1:colcon.colcon_core.environment:checking '/root/adipu_ws/install/adipu_turtlesim_controller/lib/python3.10/site-packages'
[15.221s] Level 1:colcon.colcon_core.shell:create_environment_hook('adipu_turtlesim_controller', 'pythonpath')
[15.221s] INFO:colcon.colcon_core.shell:Creating environment hook '/root/adipu_ws/install/adipu_turtlesim_controller/share/adipu_turtlesim_controller/hook/pythonpath.ps1'
[15.221s] INFO:colcon.colcon_core.shell:Creating environment descriptor '/root/adipu_ws/install/adipu_turtlesim_controller/share/adipu_turtlesim_controller/hook/pythonpath.dsv'
[15.221s] INFO:colcon.colcon_core.shell:Creating environment hook '/root/adipu_ws/install/adipu_turtlesim_controller/share/adipu_turtlesim_controller/hook/pythonpath.sh'
[15.222s] Level 1:colcon.colcon_core.environment:checking '/root/adipu_ws/install/adipu_turtlesim_controller/bin'
[15.222s] Level 1:colcon.colcon_core.environment:create_environment_scripts_only(adipu_turtlesim_controller)
[15.222s] INFO:colcon.colcon_core.shell:Creating package script '/root/adipu_ws/install/adipu_turtlesim_controller/share/adipu_turtlesim_controller/package.ps1'
[15.223s] INFO:colcon.colcon_core.shell:Creating package descriptor '/root/adipu_ws/install/adipu_turtlesim_controller/share/adipu_turtlesim_controller/package.dsv'
[15.223s] INFO:colcon.colcon_core.shell:Creating package script '/root/adipu_ws/install/adipu_turtlesim_controller/share/adipu_turtlesim_controller/package.sh'
[15.224s] INFO:colcon.colcon_core.shell:Creating package script '/root/adipu_ws/install/adipu_turtlesim_controller/share/adipu_turtlesim_controller/package.bash'
[15.224s] INFO:colcon.colcon_core.shell:Creating package script '/root/adipu_ws/install/adipu_turtlesim_controller/share/adipu_turtlesim_controller/package.zsh'
[15.225s] Level 1:colcon.colcon_core.environment:create_file_with_runtime_dependencies(/root/adipu_ws/install/adipu_turtlesim_controller/share/colcon-core/packages/adipu_turtlesim_controller)
[15.225s] DEBUG:colcon.colcon_parallel_executor.executor.parallel:closing loop
[15.226s] DEBUG:colcon.colcon_parallel_executor.executor.parallel:loop closed
[15.226s] DEBUG:colcon.colcon_parallel_executor.executor.parallel:run_until_complete finished with '0'
[15.226s] DEBUG:colcon.colcon_core.event_reactor:joining thread
[15.259s] INFO:colcon.colcon_core.plugin_system:Skipping extension 'colcon_notification.desktop_notification.notify_send': Could not find 'notify-send'
[15.259s] INFO:colcon.colcon_core.plugin_system:Skipping extension 'colcon_notification.desktop_notification.terminal_notifier': Not used on non-Darwin systems
[15.259s] INFO:colcon.colcon_core.plugin_system:Skipping extension 'colcon_notification.desktop_notification.win32': Not used on non-Windows systems
[15.260s] INFO:colcon.colcon_notification.desktop_notification:Sending desktop notification using 'notify2'
[15.264s] DEBUG:colcon.colcon_notification.desktop_notification.notify2:Failed to initialize notify2: org.freedesktop.DBus.Error.Spawn.ExecFailed: /usr/bin/dbus-launch terminated abnormally without any error message
[15.264s] DEBUG:colcon.colcon_core.event_reactor:joined thread
[15.265s] INFO:colcon.colcon_core.shell:Creating prefix script '/root/adipu_ws/install/local_setup.ps1'
[15.266s] INFO:colcon.colcon_core.shell:Creating prefix util module '/root/adipu_ws/install/_local_setup_util_ps1.py'
[15.268s] INFO:colcon.colcon_core.shell:Creating prefix chain script '/root/adipu_ws/install/setup.ps1'
[15.380s] INFO:colcon.colcon_core.shell:Creating prefix script '/root/adipu_ws/install/local_setup.sh'
[15.380s] INFO:colcon.colcon_core.shell:Creating prefix util module '/root/adipu_ws/install/_local_setup_util_sh.py'
[15.381s] INFO:colcon.colcon_core.shell:Creating prefix chain script '/root/adipu_ws/install/setup.sh'
[15.493s] INFO:colcon.colcon_core.shell:Creating prefix script '/root/adipu_ws/install/local_setup.bash'
[15.494s] INFO:colcon.colcon_core.shell:Creating prefix chain script '/root/adipu_ws/install/setup.bash'
[15.602s] INFO:colcon.colcon_core.shell:Creating prefix script '/root/adipu_ws/install/local_setup.zsh'
[15.602s] INFO:colcon.colcon_core.shell:Creating prefix chain script '/root/adipu_ws/install/setup.zsh'
